[0.026s] Invoking command in '/home/wyattsher/Desktop/ros2_gazebo/build/go1_description': AMENT_PREFIX_PATH=/home/wyattsher/Desktop/ros2_gazebo/install/navigation2:${AMENT_PREFIX_PATH} CMAKE_PREFIX_PATH=/home/wyattsher/Desktop/ros2_gazebo/install/navigation2:/home/wyattsher/Desktop/ROS2-Gazebo-GO2/install/quadropted_msgs:/home/wyattsher/Desktop/ROS2-Gazebo-GO2/install/quadropted_controller:/home/wyattsher/Desktop/ROS2-Gazebo-GO2/install/go1_description:/home/wyattsher/Desktop/ROS2-Gazebo-GO2/install/gazebo_sim:/home/wyattsher/Desktop/ROS2-Gazebo-GO2/install/navigation2:/home/wyattsher/Desktop/ROS2-Gazebo-GO2/install/go2_description:/home/wyattsher/Desktop/ROS2-Gazebo-GO2/install/cartographer:/opt/ros/jazzy/opt/gz_sim_vendor:/opt/ros/jazzy/opt/gz_sensors_vendor:/opt/ros/jazzy/opt/gz_physics_vendor:/opt/ros/jazzy/opt/sdformat_vendor:/opt/ros/jazzy/opt/gz_gui_vendor:/opt/ros/jazzy/opt/gz_transport_vendor:/opt/ros/jazzy/opt/gz_rendering_vendor:/opt/ros/jazzy/opt/gz_plugin_vendor:/opt/ros/jazzy/opt/gz_fuel_tools_vendor:/opt/ros/jazzy/opt/gz_msgs_vendor:/opt/ros/jazzy/opt/gz_common_vendor:/opt/ros/jazzy/opt/gz_math_vendor:/opt/ros/jazzy/opt/gz_utils_vendor:/opt/ros/jazzy/opt/gz_tools_vendor:/opt/ros/jazzy/opt/gz_ogre_next_vendor:/opt/ros/jazzy/opt/gz_dartsim_vendor:/opt/ros/jazzy/opt/gz_cmake_vendor:/opt/ros/jazzy DEBUGINFOD_URLS=https://debuginfod.ubuntu.com /usr/bin/cmake /home/wyattsher/Desktop/ros2_gazebo/src/go1_description -DCMAKE_INSTALL_PREFIX=/home/wyattsher/Desktop/ros2_gazebo/install/go1_description
[0.060s] -- The C compiler identification is GNU 13.3.0
[0.095s] -- The CXX compiler identification is GNU 13.3.0
[0.106s] -- Detecting C compiler ABI info
[0.164s] -- Detecting C compiler ABI info - done
[0.169s] -- Check for working C compiler: /usr/bin/cc - skipped
[0.169s] -- Detecting C compile features
[0.169s] -- Detecting C compile features - done
[0.175s] -- Detecting CXX compiler ABI info
[0.242s] -- Detecting CXX compiler ABI info - done
[0.247s] -- Check for working CXX compiler: /usr/bin/c++ - skipped
[0.247s] -- Detecting CXX compile features
[0.247s] -- Detecting CXX compile features - done
[0.250s] -- Found ament_cmake: 2.5.5 (/opt/ros/jazzy/share/ament_cmake/cmake)
[0.345s] -- Found Python3: /usr/bin/python3 (found version "3.12.3") found components: Interpreter 
[0.420s] -- Found rclcpp: 28.1.16 (/opt/ros/jazzy/share/rclcpp/cmake)
[0.456s] -- Found rosidl_generator_c: 4.6.7 (/opt/ros/jazzy/share/rosidl_generator_c/cmake)
[0.467s] -- Found rosidl_generator_cpp: 4.6.7 (/opt/ros/jazzy/share/rosidl_generator_cpp/cmake)
[0.479s] -- Using all available rosidl_typesupport_c: rosidl_typesupport_fastrtps_c;rosidl_typesupport_introspection_c
[0.493s] -- Using all available rosidl_typesupport_cpp: rosidl_typesupport_fastrtps_cpp;rosidl_typesupport_introspection_cpp
[0.548s] -- Found rmw_implementation_cmake: 7.3.3 (/opt/ros/jazzy/share/rmw_implementation_cmake/cmake)
[0.551s] -- Found rmw_fastrtps_cpp: 8.4.3 (/opt/ros/jazzy/share/rmw_fastrtps_cpp/cmake)
[0.619s] -- Found OpenSSL: /usr/lib/x86_64-linux-gnu/libcrypto.so (found version "3.0.13")  
[0.633s] -- Found FastRTPS: /opt/ros/jazzy/include (Required is at least version "2.13") 
[0.650s] -- Using RMW implementation 'rmw_fastrtps_cpp' as default
[0.703s] -- Found urdf: 2.10.0 (/opt/ros/jazzy/share/urdf/cmake)
[0.728s] -- Found xacro: 2.1.1 (/opt/ros/jazzy/share/xacro/cmake)
[0.730s] -- Found std_msgs: 5.3.6 (/opt/ros/jazzy/share/std_msgs/cmake)
[0.789s] -- Configuring done (0.8s)
[0.792s] -- Generating done (0.0s)
[0.793s] -- Build files have been written to: /home/wyattsher/Desktop/ros2_gazebo/build/go1_description
[0.800s] Invoked command in '/home/wyattsher/Desktop/ros2_gazebo/build/go1_description' returned '0': AMENT_PREFIX_PATH=/home/wyattsher/Desktop/ros2_gazebo/install/navigation2:${AMENT_PREFIX_PATH} CMAKE_PREFIX_PATH=/home/wyattsher/Desktop/ros2_gazebo/install/navigation2:/home/wyattsher/Desktop/ROS2-Gazebo-GO2/install/quadropted_msgs:/home/wyattsher/Desktop/ROS2-Gazebo-GO2/install/quadropted_controller:/home/wyattsher/Desktop/ROS2-Gazebo-GO2/install/go1_description:/home/wyattsher/Desktop/ROS2-Gazebo-GO2/install/gazebo_sim:/home/wyattsher/Desktop/ROS2-Gazebo-GO2/install/navigation2:/home/wyattsher/Desktop/ROS2-Gazebo-GO2/install/go2_description:/home/wyattsher/Desktop/ROS2-Gazebo-GO2/install/cartographer:/opt/ros/jazzy/opt/gz_sim_vendor:/opt/ros/jazzy/opt/gz_sensors_vendor:/opt/ros/jazzy/opt/gz_physics_vendor:/opt/ros/jazzy/opt/sdformat_vendor:/opt/ros/jazzy/opt/gz_gui_vendor:/opt/ros/jazzy/opt/gz_transport_vendor:/opt/ros/jazzy/opt/gz_rendering_vendor:/opt/ros/jazzy/opt/gz_plugin_vendor:/opt/ros/jazzy/opt/gz_fuel_tools_vendor:/opt/ros/jazzy/opt/gz_msgs_vendor:/opt/ros/jazzy/opt/gz_common_vendor:/opt/ros/jazzy/opt/gz_math_vendor:/opt/ros/jazzy/opt/gz_utils_vendor:/opt/ros/jazzy/opt/gz_tools_vendor:/opt/ros/jazzy/opt/gz_ogre_next_vendor:/opt/ros/jazzy/opt/gz_dartsim_vendor:/opt/ros/jazzy/opt/gz_cmake_vendor:/opt/ros/jazzy DEBUGINFOD_URLS=https://debuginfod.ubuntu.com /usr/bin/cmake /home/wyattsher/Desktop/ros2_gazebo/src/go1_description -DCMAKE_INSTALL_PREFIX=/home/wyattsher/Desktop/ros2_gazebo/install/go1_description
[0.801s] Invoking command in '/home/wyattsher/Desktop/ros2_gazebo/build/go1_description': AMENT_PREFIX_PATH=/home/wyattsher/Desktop/ros2_gazebo/install/navigation2:${AMENT_PREFIX_PATH} CMAKE_PREFIX_PATH=/home/wyattsher/Desktop/ros2_gazebo/install/navigation2:/home/wyattsher/Desktop/ROS2-Gazebo-GO2/install/quadropted_msgs:/home/wyattsher/Desktop/ROS2-Gazebo-GO2/install/quadropted_controller:/home/wyattsher/Desktop/ROS2-Gazebo-GO2/install/go1_description:/home/wyattsher/Desktop/ROS2-Gazebo-GO2/install/gazebo_sim:/home/wyattsher/Desktop/ROS2-Gazebo-GO2/install/navigation2:/home/wyattsher/Desktop/ROS2-Gazebo-GO2/install/go2_description:/home/wyattsher/Desktop/ROS2-Gazebo-GO2/install/cartographer:/opt/ros/jazzy/opt/gz_sim_vendor:/opt/ros/jazzy/opt/gz_sensors_vendor:/opt/ros/jazzy/opt/gz_physics_vendor:/opt/ros/jazzy/opt/sdformat_vendor:/opt/ros/jazzy/opt/gz_gui_vendor:/opt/ros/jazzy/opt/gz_transport_vendor:/opt/ros/jazzy/opt/gz_rendering_vendor:/opt/ros/jazzy/opt/gz_plugin_vendor:/opt/ros/jazzy/opt/gz_fuel_tools_vendor:/opt/ros/jazzy/opt/gz_msgs_vendor:/opt/ros/jazzy/opt/gz_common_vendor:/opt/ros/jazzy/opt/gz_math_vendor:/opt/ros/jazzy/opt/gz_utils_vendor:/opt/ros/jazzy/opt/gz_tools_vendor:/opt/ros/jazzy/opt/gz_ogre_next_vendor:/opt/ros/jazzy/opt/gz_dartsim_vendor:/opt/ros/jazzy/opt/gz_cmake_vendor:/opt/ros/jazzy DEBUGINFOD_URLS=https://debuginfod.ubuntu.com /usr/bin/cmake --build /home/wyattsher/Desktop/ros2_gazebo/build/go1_description -- -j32 -l32
[0.830s] Invoked command in '/home/wyattsher/Desktop/ros2_gazebo/build/go1_description' returned '0': AMENT_PREFIX_PATH=/home/wyattsher/Desktop/ros2_gazebo/install/navigation2:${AMENT_PREFIX_PATH} CMAKE_PREFIX_PATH=/home/wyattsher/Desktop/ros2_gazebo/install/navigation2:/home/wyattsher/Desktop/ROS2-Gazebo-GO2/install/quadropted_msgs:/home/wyattsher/Desktop/ROS2-Gazebo-GO2/install/quadropted_controller:/home/wyattsher/Desktop/ROS2-Gazebo-GO2/install/go1_description:/home/wyattsher/Desktop/ROS2-Gazebo-GO2/install/gazebo_sim:/home/wyattsher/Desktop/ROS2-Gazebo-GO2/install/navigation2:/home/wyattsher/Desktop/ROS2-Gazebo-GO2/install/go2_description:/home/wyattsher/Desktop/ROS2-Gazebo-GO2/install/cartographer:/opt/ros/jazzy/opt/gz_sim_vendor:/opt/ros/jazzy/opt/gz_sensors_vendor:/opt/ros/jazzy/opt/gz_physics_vendor:/opt/ros/jazzy/opt/sdformat_vendor:/opt/ros/jazzy/opt/gz_gui_vendor:/opt/ros/jazzy/opt/gz_transport_vendor:/opt/ros/jazzy/opt/gz_rendering_vendor:/opt/ros/jazzy/opt/gz_plugin_vendor:/opt/ros/jazzy/opt/gz_fuel_tools_vendor:/opt/ros/jazzy/opt/gz_msgs_vendor:/opt/ros/jazzy/opt/gz_common_vendor:/opt/ros/jazzy/opt/gz_math_vendor:/opt/ros/jazzy/opt/gz_utils_vendor:/opt/ros/jazzy/opt/gz_tools_vendor:/opt/ros/jazzy/opt/gz_ogre_next_vendor:/opt/ros/jazzy/opt/gz_dartsim_vendor:/opt/ros/jazzy/opt/gz_cmake_vendor:/opt/ros/jazzy DEBUGINFOD_URLS=https://debuginfod.ubuntu.com /usr/bin/cmake --build /home/wyattsher/Desktop/ros2_gazebo/build/go1_description -- -j32 -l32
[0.830s] Invoking command in '/home/wyattsher/Desktop/ros2_gazebo/build/go1_description': AMENT_PREFIX_PATH=/home/wyattsher/Desktop/ros2_gazebo/install/navigation2:${AMENT_PREFIX_PATH} CMAKE_PREFIX_PATH=/home/wyattsher/Desktop/ros2_gazebo/install/navigation2:/home/wyattsher/Desktop/ROS2-Gazebo-GO2/install/quadropted_msgs:/home/wyattsher/Desktop/ROS2-Gazebo-GO2/install/quadropted_controller:/home/wyattsher/Desktop/ROS2-Gazebo-GO2/install/go1_description:/home/wyattsher/Desktop/ROS2-Gazebo-GO2/install/gazebo_sim:/home/wyattsher/Desktop/ROS2-Gazebo-GO2/install/navigation2:/home/wyattsher/Desktop/ROS2-Gazebo-GO2/install/go2_description:/home/wyattsher/Desktop/ROS2-Gazebo-GO2/install/cartographer:/opt/ros/jazzy/opt/gz_sim_vendor:/opt/ros/jazzy/opt/gz_sensors_vendor:/opt/ros/jazzy/opt/gz_physics_vendor:/opt/ros/jazzy/opt/sdformat_vendor:/opt/ros/jazzy/opt/gz_gui_vendor:/opt/ros/jazzy/opt/gz_transport_vendor:/opt/ros/jazzy/opt/gz_rendering_vendor:/opt/ros/jazzy/opt/gz_plugin_vendor:/opt/ros/jazzy/opt/gz_fuel_tools_vendor:/opt/ros/jazzy/opt/gz_msgs_vendor:/opt/ros/jazzy/opt/gz_common_vendor:/opt/ros/jazzy/opt/gz_math_vendor:/opt/ros/jazzy/opt/gz_utils_vendor:/opt/ros/jazzy/opt/gz_tools_vendor:/opt/ros/jazzy/opt/gz_ogre_next_vendor:/opt/ros/jazzy/opt/gz_dartsim_vendor:/opt/ros/jazzy/opt/gz_cmake_vendor:/opt/ros/jazzy DEBUGINFOD_URLS=https://debuginfod.ubuntu.com /usr/bin/cmake --install /home/wyattsher/Desktop/ros2_gazebo/build/go1_description
[0.836s] -- Install configuration: ""
[0.836s] -- Installing: /home/wyattsher/Desktop/ros2_gazebo/install/go1_description/share/go1_description//meshes
[0.836s] -- Installing: /home/wyattsher/Desktop/ros2_gazebo/install/go1_description/share/go1_description//meshes/thigh.dae
[0.837s] -- Installing: /home/wyattsher/Desktop/ros2_gazebo/install/go1_description/share/go1_description//meshes/calf.dae
[0.838s] -- Installing: /home/wyattsher/Desktop/ros2_gazebo/install/go1_description/share/go1_description//meshes/depthCamera.dae
[0.838s] -- Installing: /home/wyattsher/Desktop/ros2_gazebo/install/go1_description/share/go1_description//meshes/thigh_mirror.dae
[0.839s] -- Installing: /home/wyattsher/Desktop/ros2_gazebo/install/go1_description/share/go1_description//meshes/trunk.dae
[0.873s] -- Installing: /home/wyattsher/Desktop/ros2_gazebo/install/go1_description/share/go1_description//meshes/hip.dae
[0.875s] -- Installing: /home/wyattsher/Desktop/ros2_gazebo/install/go1_description/share/go1_description//meshes/ultraSound.dae
[0.875s] -- Installing: /home/wyattsher/Desktop/ros2_gazebo/install/go1_description/share/go1_description//config
[0.875s] -- Installing: /home/wyattsher/Desktop/ros2_gazebo/install/go1_description/share/go1_description//config/robot_control.yaml
[0.875s] -- Installing: /home/wyattsher/Desktop/ros2_gazebo/install/go1_description/share/go1_description//config/gz_bridge.yaml
[0.875s] -- Installing: /home/wyattsher/Desktop/ros2_gazebo/install/go1_description/share/go1_description//config/gaz_ros2_ctl_use_sim.yaml
[0.875s] -- Installing: /home/wyattsher/Desktop/ros2_gazebo/install/go1_description/share/go1_description//xacro
[0.875s] -- Installing: /home/wyattsher/Desktop/ros2_gazebo/install/go1_description/share/go1_description//xacro/robot.xacro
[0.875s] -- Installing: /home/wyattsher/Desktop/ros2_gazebo/install/go1_description/share/go1_description//xacro/transmission.xacro
[0.875s] -- Installing: /home/wyattsher/Desktop/ros2_gazebo/install/go1_description/share/go1_description//xacro/leg.xacro
[0.875s] -- Installing: /home/wyattsher/Desktop/ros2_gazebo/install/go1_description/share/go1_description//xacro/depthCamera.xacro
[0.875s] -- Installing: /home/wyattsher/Desktop/ros2_gazebo/install/go1_description/share/go1_description//xacro/ultraSound.xacro
[0.875s] -- Installing: /home/wyattsher/Desktop/ros2_gazebo/install/go1_description/share/go1_description//xacro/materials.xacro
[0.876s] -- Installing: /home/wyattsher/Desktop/ros2_gazebo/install/go1_description/share/go1_description//xacro/const.xacro
[0.876s] -- Installing: /home/wyattsher/Desktop/ros2_gazebo/install/go1_description/share/go1_description//xacro/gazebo.xacro
[0.876s] -- Installing: /home/wyattsher/Desktop/ros2_gazebo/install/go1_description/share/go1_description//launch
[0.876s] -- Installing: /home/wyattsher/Desktop/ros2_gazebo/install/go1_description/share/go1_description//launch/joints_move.launch.py
[0.876s] -- Installing: /home/wyattsher/Desktop/ros2_gazebo/install/go1_description/share/go1_description//launch/launch_sim.launch.py
[0.876s] -- Installing: /home/wyattsher/Desktop/ros2_gazebo/install/go1_description/share/ament_index/resource_index/package_run_dependencies/go1_description
[0.876s] -- Installing: /home/wyattsher/Desktop/ros2_gazebo/install/go1_description/share/ament_index/resource_index/parent_prefix_path/go1_description
[0.876s] -- Installing: /home/wyattsher/Desktop/ros2_gazebo/install/go1_description/share/go1_description/environment/ament_prefix_path.sh
[0.876s] -- Installing: /home/wyattsher/Desktop/ros2_gazebo/install/go1_description/share/go1_description/environment/ament_prefix_path.dsv
[0.876s] -- Installing: /home/wyattsher/Desktop/ros2_gazebo/install/go1_description/share/go1_description/environment/path.sh
[0.877s] -- Installing: /home/wyattsher/Desktop/ros2_gazebo/install/go1_description/share/go1_description/environment/path.dsv
[0.877s] -- Installing: /home/wyattsher/Desktop/ros2_gazebo/install/go1_description/share/go1_description/local_setup.bash
[0.877s] -- Installing: /home/wyattsher/Desktop/ros2_gazebo/install/go1_description/share/go1_description/local_setup.sh
[0.877s] -- Installing: /home/wyattsher/Desktop/ros2_gazebo/install/go1_description/share/go1_description/local_setup.zsh
[0.877s] -- Installing: /home/wyattsher/Desktop/ros2_gazebo/install/go1_description/share/go1_description/local_setup.dsv
[0.877s] -- Installing: /home/wyattsher/Desktop/ros2_gazebo/install/go1_description/share/go1_description/package.dsv
[0.877s] -- Installing: /home/wyattsher/Desktop/ros2_gazebo/install/go1_description/share/ament_index/resource_index/packages/go1_description
[0.877s] -- Installing: /home/wyattsher/Desktop/ros2_gazebo/install/go1_description/share/go1_description/cmake/go1_descriptionConfig.cmake
[0.877s] -- Installing: /home/wyattsher/Desktop/ros2_gazebo/install/go1_description/share/go1_description/cmake/go1_descriptionConfig-version.cmake
[0.877s] -- Installing: /home/wyattsher/Desktop/ros2_gazebo/install/go1_description/share/go1_description/package.xml
[0.879s] Invoked command in '/home/wyattsher/Desktop/ros2_gazebo/build/go1_description' returned '0': AMENT_PREFIX_PATH=/home/wyattsher/Desktop/ros2_gazebo/install/navigation2:${AMENT_PREFIX_PATH} CMAKE_PREFIX_PATH=/home/wyattsher/Desktop/ros2_gazebo/install/navigation2:/home/wyattsher/Desktop/ROS2-Gazebo-GO2/install/quadropted_msgs:/home/wyattsher/Desktop/ROS2-Gazebo-GO2/install/quadropted_controller:/home/wyattsher/Desktop/ROS2-Gazebo-GO2/install/go1_description:/home/wyattsher/Desktop/ROS2-Gazebo-GO2/install/gazebo_sim:/home/wyattsher/Desktop/ROS2-Gazebo-GO2/install/navigation2:/home/wyattsher/Desktop/ROS2-Gazebo-GO2/install/go2_description:/home/wyattsher/Desktop/ROS2-Gazebo-GO2/install/cartographer:/opt/ros/jazzy/opt/gz_sim_vendor:/opt/ros/jazzy/opt/gz_sensors_vendor:/opt/ros/jazzy/opt/gz_physics_vendor:/opt/ros/jazzy/opt/sdformat_vendor:/opt/ros/jazzy/opt/gz_gui_vendor:/opt/ros/jazzy/opt/gz_transport_vendor:/opt/ros/jazzy/opt/gz_rendering_vendor:/opt/ros/jazzy/opt/gz_plugin_vendor:/opt/ros/jazzy/opt/gz_fuel_tools_vendor:/opt/ros/jazzy/opt/gz_msgs_vendor:/opt/ros/jazzy/opt/gz_common_vendor:/opt/ros/jazzy/opt/gz_math_vendor:/opt/ros/jazzy/opt/gz_utils_vendor:/opt/ros/jazzy/opt/gz_tools_vendor:/opt/ros/jazzy/opt/gz_ogre_next_vendor:/opt/ros/jazzy/opt/gz_dartsim_vendor:/opt/ros/jazzy/opt/gz_cmake_vendor:/opt/ros/jazzy DEBUGINFOD_URLS=https://debuginfod.ubuntu.com /usr/bin/cmake --install /home/wyattsher/Desktop/ros2_gazebo/build/go1_description
