[0.020s] Invoking command in '/home/wyattsher/Desktop/ros2_gazebo/build/navigation2': CMAKE_PREFIX_PATH=${CMAKE_PREFIX_PATH}:/opt/ros/jazzy DEBUGINFOD_URLS=https://debuginfod.ubuntu.com /usr/bin/cmake --build /home/wyattsher/Desktop/ros2_gazebo/build/navigation2 -- -j32 -l32
[0.056s] Invoked command in '/home/wyattsher/Desktop/ros2_gazebo/build/navigation2' returned '0': CMAKE_PREFIX_PATH=${CMAKE_PREFIX_PATH}:/opt/ros/jazzy DEBUGINFOD_URLS=https://debuginfod.ubuntu.com /usr/bin/cmake --build /home/wyattsher/Desktop/ros2_gazebo/build/navigation2 -- -j32 -l32
[0.064s] Invoking command in '/home/wyattsher/Desktop/ros2_gazebo/build/navigation2': CMAKE_PREFIX_PATH=${CMAKE_PREFIX_PATH}:/opt/ros/jazzy DEBUGINFOD_URLS=https://debuginfod.ubuntu.com /usr/bin/cmake --install /home/wyattsher/Desktop/ros2_gazebo/build/navigation2
[0.071s] -- Install configuration: ""
[0.071s] -- Up-to-date: /home/wyattsher/Desktop/ros2_gazebo/install/navigation2/share/navigation2/launch
[0.071s] -- Up-to-date: /home/wyattsher/Desktop/ros2_gazebo/install/navigation2/share/navigation2/launch/go2_navigation2.launch.py
[0.071s] -- Up-to-date: /home/wyattsher/Desktop/ros2_gazebo/install/navigation2/share/navigation2/param
[0.072s] -- Up-to-date: /home/wyattsher/Desktop/ros2_gazebo/install/navigation2/share/navigation2/param/go2_nav2.yaml
[0.072s] -- Up-to-date: /home/wyattsher/Desktop/ros2_gazebo/install/navigation2/share/navigation2/config
[0.072s] -- Up-to-date: /home/wyattsher/Desktop/ros2_gazebo/install/navigation2/share/navigation2/config/robots.yaml
[0.072s] -- Up-to-date: /home/wyattsher/Desktop/ros2_gazebo/install/navigation2/share/navigation2/maps
[0.072s] -- Up-to-date: /home/wyattsher/Desktop/ros2_gazebo/install/navigation2/share/navigation2/maps/warehouse_map.yaml
[0.072s] -- Up-to-date: /home/wyattsher/Desktop/ros2_gazebo/install/navigation2/share/navigation2/maps/warehouse_map.pgm
[0.072s] -- Up-to-date: /home/wyattsher/Desktop/ros2_gazebo/install/navigation2/share/navigation2/rviz
[0.072s] -- Up-to-date: /home/wyattsher/Desktop/ros2_gazebo/install/navigation2/share/navigation2/rviz/go2_nav2.rviz
[0.072s] -- Up-to-date: /home/wyattsher/Desktop/ros2_gazebo/install/navigation2/share/ament_index/resource_index/package_run_dependencies/navigation2
[0.072s] -- Up-to-date: /home/wyattsher/Desktop/ros2_gazebo/install/navigation2/share/ament_index/resource_index/parent_prefix_path/navigation2
[0.072s] -- Up-to-date: /home/wyattsher/Desktop/ros2_gazebo/install/navigation2/share/navigation2/environment/ament_prefix_path.sh
[0.072s] -- Up-to-date: /home/wyattsher/Desktop/ros2_gazebo/install/navigation2/share/navigation2/environment/ament_prefix_path.dsv
[0.072s] -- Up-to-date: /home/wyattsher/Desktop/ros2_gazebo/install/navigation2/share/navigation2/environment/path.sh
[0.072s] -- Up-to-date: /home/wyattsher/Desktop/ros2_gazebo/install/navigation2/share/navigation2/environment/path.dsv
[0.072s] -- Up-to-date: /home/wyattsher/Desktop/ros2_gazebo/install/navigation2/share/navigation2/local_setup.bash
[0.072s] -- Up-to-date: /home/wyattsher/Desktop/ros2_gazebo/install/navigation2/share/navigation2/local_setup.sh
[0.072s] -- Up-to-date: /home/wyattsher/Desktop/ros2_gazebo/install/navigation2/share/navigation2/local_setup.zsh
[0.072s] -- Up-to-date: /home/wyattsher/Desktop/ros2_gazebo/install/navigation2/share/navigation2/local_setup.dsv
[0.072s] -- Installing: /home/wyattsher/Desktop/ros2_gazebo/install/navigation2/share/navigation2/package.dsv
[0.072s] -- Up-to-date: /home/wyattsher/Desktop/ros2_gazebo/install/navigation2/share/ament_index/resource_index/packages/navigation2
[0.072s] -- Up-to-date: /home/wyattsher/Desktop/ros2_gazebo/install/navigation2/share/navigation2/cmake/navigation2Config.cmake
[0.072s] -- Up-to-date: /home/wyattsher/Desktop/ros2_gazebo/install/navigation2/share/navigation2/cmake/navigation2Config-version.cmake
[0.073s] -- Up-to-date: /home/wyattsher/Desktop/ros2_gazebo/install/navigation2/share/navigation2/package.xml
[0.079s] Invoked command in '/home/wyattsher/Desktop/ros2_gazebo/build/navigation2' returned '0': CMAKE_PREFIX_PATH=${CMAKE_PREFIX_PATH}:/opt/ros/jazzy DEBUGINFOD_URLS=https://debuginfod.ubuntu.com /usr/bin/cmake --install /home/wyattsher/Desktop/ros2_gazebo/build/navigation2
