[0.014s] Invoking command in '/home/wyattsher/Desktop/ros2_gazebo/build/cartographer': CMAKE_PREFIX_PATH=${CMAKE_PREFIX_PATH}:/opt/ros/jazzy DEBUGINFOD_URLS=https://debuginfod.ubuntu.com /usr/bin/cmake /home/wyattsher/Desktop/ros2_gazebo/src/cartographer -DCMAKE_INSTALL_PREFIX=/home/wyattsher/Desktop/ros2_gazebo/install/cartographer
[0.059s] -- The C compiler identification is GNU 13.3.0
[0.105s] -- The CXX compiler identification is GNU 13.3.0
[0.119s] -- Detecting C compiler ABI info
[0.190s] -- Detecting C compiler ABI info - done
[0.196s] -- Check for working C compiler: /usr/bin/cc - skipped
[0.196s] -- Detecting C compile features
[0.196s] -- Detecting C compile features - done
[0.202s] -- Detecting CXX compiler ABI info
[0.270s] -- Detecting CXX compiler ABI info - done
[0.275s] -- Check for working CXX compiler: /usr/bin/c++ - skipped
[0.275s] -- Detecting CXX compile features
[0.276s] -- Detecting CXX compile features - done
[0.279s] -- Found ament_cmake: 2.5.5 (/opt/ros/jazzy/share/ament_cmake/cmake)
[0.377s] -- Found Python3: /usr/bin/python3 (found version "3.12.3") found components: Interpreter 
[0.506s] -- Configuring done (0.5s)
[0.507s] -- Generating done (0.0s)
[0.508s] -- Build files have been written to: /home/wyattsher/Desktop/ros2_gazebo/build/cartographer
[0.512s] Invoked command in '/home/wyattsher/Desktop/ros2_gazebo/build/cartographer' returned '0': CMAKE_PREFIX_PATH=${CMAKE_PREFIX_PATH}:/opt/ros/jazzy DEBUGINFOD_URLS=https://debuginfod.ubuntu.com /usr/bin/cmake /home/wyattsher/Desktop/ros2_gazebo/src/cartographer -DCMAKE_INSTALL_PREFIX=/home/wyattsher/Desktop/ros2_gazebo/install/cartographer
[0.513s] Invoking command in '/home/wyattsher/Desktop/ros2_gazebo/build/cartographer': CMAKE_PREFIX_PATH=${CMAKE_PREFIX_PATH}:/opt/ros/jazzy DEBUGINFOD_URLS=https://debuginfod.ubuntu.com /usr/bin/cmake --build /home/wyattsher/Desktop/ros2_gazebo/build/cartographer -- -j32 -l32
[0.542s] Invoked command in '/home/wyattsher/Desktop/ros2_gazebo/build/cartographer' returned '0': CMAKE_PREFIX_PATH=${CMAKE_PREFIX_PATH}:/opt/ros/jazzy DEBUGINFOD_URLS=https://debuginfod.ubuntu.com /usr/bin/cmake --build /home/wyattsher/Desktop/ros2_gazebo/build/cartographer -- -j32 -l32
[0.548s] Invoking command in '/home/wyattsher/Desktop/ros2_gazebo/build/cartographer': CMAKE_PREFIX_PATH=${CMAKE_PREFIX_PATH}:/opt/ros/jazzy DEBUGINFOD_URLS=https://debuginfod.ubuntu.com /usr/bin/cmake --install /home/wyattsher/Desktop/ros2_gazebo/build/cartographer
[0.554s] -- Install configuration: ""
[0.555s] -- Installing: /home/wyattsher/Desktop/ros2_gazebo/install/cartographer/share/cartographer/config
[0.555s] -- Installing: /home/wyattsher/Desktop/ros2_gazebo/install/cartographer/share/cartographer/config/go2_cartographer.lua
[0.555s] -- Installing: /home/wyattsher/Desktop/ros2_gazebo/install/cartographer/share/cartographer/launch
[0.555s] -- Installing: /home/wyattsher/Desktop/ros2_gazebo/install/cartographer/share/cartographer/launch/go2_cartographer.launch.py
[0.555s] -- Installing: /home/wyattsher/Desktop/ros2_gazebo/install/cartographer/share/cartographer/launch/slam_toolbox.launch.py
[0.555s] -- Installing: /home/wyattsher/Desktop/ros2_gazebo/install/cartographer/share/cartographer/rviz
[0.555s] -- Installing: /home/wyattsher/Desktop/ros2_gazebo/install/cartographer/share/cartographer/rviz/go2_cartographer.rviz
[0.555s] -- Installing: /home/wyattsher/Desktop/ros2_gazebo/install/cartographer/share/ament_index/resource_index/package_run_dependencies/cartographer
[0.555s] -- Installing: /home/wyattsher/Desktop/ros2_gazebo/install/cartographer/share/ament_index/resource_index/parent_prefix_path/cartographer
[0.555s] -- Installing: /home/wyattsher/Desktop/ros2_gazebo/install/cartographer/share/cartographer/environment/ament_prefix_path.sh
[0.555s] -- Installing: /home/wyattsher/Desktop/ros2_gazebo/install/cartographer/share/cartographer/environment/ament_prefix_path.dsv
[0.555s] -- Installing: /home/wyattsher/Desktop/ros2_gazebo/install/cartographer/share/cartographer/environment/path.sh
[0.555s] -- Installing: /home/wyattsher/Desktop/ros2_gazebo/install/cartographer/share/cartographer/environment/path.dsv
[0.555s] -- Installing: /home/wyattsher/Desktop/ros2_gazebo/install/cartographer/share/cartographer/local_setup.bash
[0.555s] -- Installing: /home/wyattsher/Desktop/ros2_gazebo/install/cartographer/share/cartographer/local_setup.sh
[0.555s] -- Installing: /home/wyattsher/Desktop/ros2_gazebo/install/cartographer/share/cartographer/local_setup.zsh
[0.555s] -- Installing: /home/wyattsher/Desktop/ros2_gazebo/install/cartographer/share/cartographer/local_setup.dsv
[0.555s] -- Installing: /home/wyattsher/Desktop/ros2_gazebo/install/cartographer/share/cartographer/package.dsv
[0.555s] -- Installing: /home/wyattsher/Desktop/ros2_gazebo/install/cartographer/share/ament_index/resource_index/packages/cartographer
[0.555s] -- Installing: /home/wyattsher/Desktop/ros2_gazebo/install/cartographer/share/cartographer/cmake/cartographerConfig.cmake
[0.555s] -- Installing: /home/wyattsher/Desktop/ros2_gazebo/install/cartographer/share/cartographer/cmake/cartographerConfig-version.cmake
[0.555s] -- Installing: /home/wyattsher/Desktop/ros2_gazebo/install/cartographer/share/cartographer/package.xml
[0.557s] Invoked command in '/home/wyattsher/Desktop/ros2_gazebo/build/cartographer' returned '0': CMAKE_PREFIX_PATH=${CMAKE_PREFIX_PATH}:/opt/ros/jazzy DEBUGINFOD_URLS=https://debuginfod.ubuntu.com /usr/bin/cmake --install /home/wyattsher/Desktop/ros2_gazebo/build/cartographer
