-- Install configuration: ""
-- Up-to-date: /home/wyattsher/Desktop/ros2_gazebo/install/cartographer/share/cartographer/config
-- Up-to-date: /home/wyattsher/Desktop/ros2_gazebo/install/cartographer/share/cartographer/config/go2_cartographer.lua
-- Up-to-date: /home/wyattsher/Desktop/ros2_gazebo/install/cartographer/share/cartographer/launch
-- Up-to-date: /home/wyattsher/Desktop/ros2_gazebo/install/cartographer/share/cartographer/launch/go2_cartographer.launch.py
-- Up-to-date: /home/wyattsher/Desktop/ros2_gazebo/install/cartographer/share/cartographer/launch/slam_toolbox.launch.py
-- Up-to-date: /home/wyattsher/Desktop/ros2_gazebo/install/cartographer/share/cartographer/rviz
-- Up-to-date: /home/wyattsher/Desktop/ros2_gazebo/install/cartographer/share/cartographer/rviz/go2_cartographer.rviz
-- Up-to-date: /home/wyattsher/Desktop/ros2_gazebo/install/cartographer/share/ament_index/resource_index/package_run_dependencies/cartographer
-- Up-to-date: /home/wyattsher/Desktop/ros2_gazebo/install/cartographer/share/ament_index/resource_index/parent_prefix_path/cartographer
-- Up-to-date: /home/wyattsher/Desktop/ros2_gazebo/install/cartographer/share/cartographer/environment/ament_prefix_path.sh
-- Up-to-date: /home/wyattsher/Desktop/ros2_gazebo/install/cartographer/share/cartographer/environment/ament_prefix_path.dsv
-- Up-to-date: /home/wyattsher/Desktop/ros2_gazebo/install/cartographer/share/cartographer/environment/path.sh
-- Up-to-date: /home/wyattsher/Desktop/ros2_gazebo/install/cartographer/share/cartographer/environment/path.dsv
-- Up-to-date: /home/wyattsher/Desktop/ros2_gazebo/install/cartographer/share/cartographer/local_setup.bash
-- Up-to-date: /home/wyattsher/Desktop/ros2_gazebo/install/cartographer/share/cartographer/local_setup.sh
-- Up-to-date: /home/wyattsher/Desktop/ros2_gazebo/install/cartographer/share/cartographer/local_setup.zsh
-- Up-to-date: /home/wyattsher/Desktop/ros2_gazebo/install/cartographer/share/cartographer/local_setup.dsv
-- Installing: /home/wyattsher/Desktop/ros2_gazebo/install/cartographer/share/cartographer/package.dsv
-- Up-to-date: /home/wyattsher/Desktop/ros2_gazebo/install/cartographer/share/ament_index/resource_index/packages/cartographer
-- Up-to-date: /home/wyattsher/Desktop/ros2_gazebo/install/cartographer/share/cartographer/cmake/cartographerConfig.cmake
-- Up-to-date: /home/wyattsher/Desktop/ros2_gazebo/install/cartographer/share/cartographer/cmake/cartographerConfig-version.cmake
-- Up-to-date: /home/wyattsher/Desktop/ros2_gazebo/install/cartographer/share/cartographer/package.xml
