[0.013s] Invoking command in '/home/wyattsher/Desktop/ros2_gazebo/build/go2_description': CMAKE_PREFIX_PATH=${CMAKE_PREFIX_PATH}:/opt/ros/jazzy DEBUGINFOD_URLS=https://debuginfod.ubuntu.com /usr/bin/cmake /home/wyattsher/Desktop/ros2_gazebo/src/go2_description -DCMAKE_INSTALL_PREFIX=/home/wyattsher/Desktop/ros2_gazebo/install/go2_description
[0.058s] -- The C compiler identification is GNU 13.3.0
[0.102s] -- The CXX compiler identification is GNU 13.3.0
[0.117s] -- Detecting C compiler ABI info
[0.188s] -- Detecting C compiler ABI info - done
[0.193s] -- Check for working C compiler: /usr/bin/cc - skipped
[0.194s] -- Detecting C compile features
[0.194s] -- Detecting C compile features - done
[0.200s] -- Detecting CXX compiler ABI info
[0.267s] -- Detecting CXX compiler ABI info - done
[0.273s] -- Check for working CXX compiler: /usr/bin/c++ - skipped
[0.273s] -- Detecting CXX compile features
[0.273s] -- Detecting CXX compile features - done
[0.276s] -- Found ament_cmake: 2.5.5 (/opt/ros/jazzy/share/ament_cmake/cmake)
[0.375s] -- Found Python3: /usr/bin/python3 (found version "3.12.3") found components: Interpreter 
[0.455s] -- Found ament_lint_auto: 0.17.4 (/opt/ros/jazzy/share/ament_lint_auto/cmake)
[0.509s] -- Configuring done (0.5s)
[0.510s] -- Generating done (0.0s)
[0.512s] -- Build files have been written to: /home/wyattsher/Desktop/ros2_gazebo/build/go2_description
[0.516s] Invoked command in '/home/wyattsher/Desktop/ros2_gazebo/build/go2_description' returned '0': CMAKE_PREFIX_PATH=${CMAKE_PREFIX_PATH}:/opt/ros/jazzy DEBUGINFOD_URLS=https://debuginfod.ubuntu.com /usr/bin/cmake /home/wyattsher/Desktop/ros2_gazebo/src/go2_description -DCMAKE_INSTALL_PREFIX=/home/wyattsher/Desktop/ros2_gazebo/install/go2_description
[0.516s] Invoking command in '/home/wyattsher/Desktop/ros2_gazebo/build/go2_description': CMAKE_PREFIX_PATH=${CMAKE_PREFIX_PATH}:/opt/ros/jazzy DEBUGINFOD_URLS=https://debuginfod.ubuntu.com /usr/bin/cmake --build /home/wyattsher/Desktop/ros2_gazebo/build/go2_description -- -j32 -l32
[0.546s] Invoked command in '/home/wyattsher/Desktop/ros2_gazebo/build/go2_description' returned '0': CMAKE_PREFIX_PATH=${CMAKE_PREFIX_PATH}:/opt/ros/jazzy DEBUGINFOD_URLS=https://debuginfod.ubuntu.com /usr/bin/cmake --build /home/wyattsher/Desktop/ros2_gazebo/build/go2_description -- -j32 -l32
[0.547s] Invoking command in '/home/wyattsher/Desktop/ros2_gazebo/build/go2_description': CMAKE_PREFIX_PATH=${CMAKE_PREFIX_PATH}:/opt/ros/jazzy DEBUGINFOD_URLS=https://debuginfod.ubuntu.com /usr/bin/cmake --install /home/wyattsher/Desktop/ros2_gazebo/build/go2_description
[0.554s] -- Install configuration: ""
[0.554s] -- Installing: /home/wyattsher/Desktop/ros2_gazebo/install/go2_description/share/go2_description/config
[0.555s] -- Installing: /home/wyattsher/Desktop/ros2_gazebo/install/go2_description/share/go2_description/config/ros_control.yaml
[0.555s] -- Installing: /home/wyattsher/Desktop/ros2_gazebo/install/go2_description/share/go2_description/dae
[0.555s] -- Installing: /home/wyattsher/Desktop/ros2_gazebo/install/go2_description/share/go2_description/dae/thigh.dae
[0.557s] -- Installing: /home/wyattsher/Desktop/ros2_gazebo/install/go2_description/share/go2_description/dae/calf.dae
[0.558s] -- Installing: /home/wyattsher/Desktop/ros2_gazebo/install/go2_description/share/go2_description/dae/calf_mirror.dae
[0.558s] -- Installing: /home/wyattsher/Desktop/ros2_gazebo/install/go2_description/share/go2_description/dae/thigh_mirror.dae
[0.561s] -- Installing: /home/wyattsher/Desktop/ros2_gazebo/install/go2_description/share/go2_description/dae/hip.dae
[0.563s] -- Installing: /home/wyattsher/Desktop/ros2_gazebo/install/go2_description/share/go2_description/dae/base.dae
[0.569s] -- Installing: /home/wyattsher/Desktop/ros2_gazebo/install/go2_description/share/go2_description/dae/foot.dae
[0.569s] -- Installing: /home/wyattsher/Desktop/ros2_gazebo/install/go2_description/share/go2_description/launch
[0.569s] -- Installing: /home/wyattsher/Desktop/ros2_gazebo/install/go2_description/share/go2_description/launch/description.launch.py
[0.569s] -- Installing: /home/wyattsher/Desktop/ros2_gazebo/install/go2_description/share/go2_description/meshes
[0.569s] -- Installing: /home/wyattsher/Desktop/ros2_gazebo/install/go2_description/share/go2_description/meshes/thigh.dae
[0.571s] -- Installing: /home/wyattsher/Desktop/ros2_gazebo/install/go2_description/share/go2_description/meshes/calf.dae
[0.572s] -- Installing: /home/wyattsher/Desktop/ros2_gazebo/install/go2_description/share/go2_description/meshes/hokuyo.dae
[0.572s] -- Installing: /home/wyattsher/Desktop/ros2_gazebo/install/go2_description/share/go2_description/meshes/calf_mirror.dae
[0.573s] -- Installing: /home/wyattsher/Desktop/ros2_gazebo/install/go2_description/share/go2_description/meshes/thigh_mirror.dae
[0.575s] -- Installing: /home/wyattsher/Desktop/ros2_gazebo/install/go2_description/share/go2_description/meshes/trunk.dae
[0.580s] -- Installing: /home/wyattsher/Desktop/ros2_gazebo/install/go2_description/share/go2_description/meshes/hip.dae
[0.590s] -- Installing: /home/wyattsher/Desktop/ros2_gazebo/install/go2_description/share/go2_description/meshes/Vlp16.dae
[0.590s] -- Installing: /home/wyattsher/Desktop/ros2_gazebo/install/go2_description/share/go2_description/meshes/foot.dae
[0.590s] -- Installing: /home/wyattsher/Desktop/ros2_gazebo/install/go2_description/share/go2_description/meshes/realsense.dae
[0.590s] -- Installing: /home/wyattsher/Desktop/ros2_gazebo/install/go2_description/share/go2_description/urdf
[0.590s] -- Installing: /home/wyattsher/Desktop/ros2_gazebo/install/go2_description/share/go2_description/urdf/.history
[0.590s] -- Installing: /home/wyattsher/Desktop/ros2_gazebo/install/go2_description/share/go2_description/urdf/.history/go2_description_20230905112735.urdf
[0.590s] -- Installing: /home/wyattsher/Desktop/ros2_gazebo/install/go2_description/share/go2_description/urdf/.history/go2_description_20230905113839.urdf
[0.591s] -- Installing: /home/wyattsher/Desktop/ros2_gazebo/install/go2_description/share/go2_description/urdf/.history/go2_description_20230905114819.urdf
[0.591s] -- Installing: /home/wyattsher/Desktop/ros2_gazebo/install/go2_description/share/go2_description/urdf/.history/go2_description_20230904193710.urdf
[0.591s] -- Installing: /home/wyattsher/Desktop/ros2_gazebo/install/go2_description/share/go2_description/urdf/.history/go2_description_20230904144240.urdf
[0.591s] -- Installing: /home/wyattsher/Desktop/ros2_gazebo/install/go2_description/share/go2_description/urdf/.history/go2_description_20230905115022.urdf
[0.591s] -- Installing: /home/wyattsher/Desktop/ros2_gazebo/install/go2_description/share/go2_description/urdf/.history/go2_description_20230905112143.urdf
[0.591s] -- Installing: /home/wyattsher/Desktop/ros2_gazebo/install/go2_description/share/go2_description/urdf/.history/go2_description_20230905115226.urdf
[0.591s] -- Installing: /home/wyattsher/Desktop/ros2_gazebo/install/go2_description/share/go2_description/urdf/.history/go2_description_20230905113840.urdf
[0.591s] -- Installing: /home/wyattsher/Desktop/ros2_gazebo/install/go2_description/share/go2_description/urdf/.history/go2_description_20230905113755.urdf
[0.591s] -- Installing: /home/wyattsher/Desktop/ros2_gazebo/install/go2_description/share/go2_description/urdf/.history/go2_description_20230905112944.urdf
[0.591s] -- Installing: /home/wyattsher/Desktop/ros2_gazebo/install/go2_description/share/go2_description/urdf/.history/go2_description_20230904193628.urdf
[0.591s] -- Installing: /home/wyattsher/Desktop/ros2_gazebo/install/go2_description/share/go2_description/urdf/.history/go2_description_20230905112752.urdf
[0.591s] -- Installing: /home/wyattsher/Desktop/ros2_gazebo/install/go2_description/share/go2_description/urdf/.history/go2_description_20230905113754.urdf
[0.591s] -- Installing: /home/wyattsher/Desktop/ros2_gazebo/install/go2_description/share/go2_description/urdf/.history/go2_description_20230905114759.urdf
[0.591s] -- Installing: /home/wyattsher/Desktop/ros2_gazebo/install/go2_description/share/go2_description/urdf/.history/go2_description_20230904193705.urdf
[0.591s] -- Installing: /home/wyattsher/Desktop/ros2_gazebo/install/go2_description/share/go2_description/urdf/.history/go2_description_20230904193644.urdf
[0.591s] -- Installing: /home/wyattsher/Desktop/ros2_gazebo/install/go2_description/share/go2_description/urdf/.history/go2_description_20230905113633.urdf
[0.591s] -- Installing: /home/wyattsher/Desktop/ros2_gazebo/install/go2_description/share/go2_description/urdf/.history/go2_description_20230905113059.urdf
[0.591s] -- Installing: /home/wyattsher/Desktop/ros2_gazebo/install/go2_description/share/go2_description/urdf/.history/go2_description_20230905115313.urdf
[0.591s] -- Installing: /home/wyattsher/Desktop/ros2_gazebo/install/go2_description/share/go2_description/urdf/.history/go2_description_20230904182446.urdf
[0.591s] -- Installing: /home/wyattsher/Desktop/ros2_gazebo/install/go2_description/share/go2_description/urdf/.history/go2_description_20230905112047.urdf
[0.591s] -- Installing: /home/wyattsher/Desktop/ros2_gazebo/install/go2_description/share/go2_description/urdf/.history/go2_description_20230905113000.urdf
[0.591s] -- Installing: /home/wyattsher/Desktop/ros2_gazebo/install/go2_description/share/go2_description/urdf/.history/go2_description_20230905115040.urdf
[0.592s] -- Installing: /home/wyattsher/Desktop/ros2_gazebo/install/go2_description/share/go2_description/urdf/.history/go2_description_20230905112217.urdf
[0.592s] -- Installing: /home/wyattsher/Desktop/ros2_gazebo/install/go2_description/share/go2_description/urdf/.history/go2_description_20230904193653.urdf
[0.592s] -- Installing: /home/wyattsher/Desktop/ros2_gazebo/install/go2_description/share/go2_description/urdf/.history/go2_description_20230905112749.urdf
[0.592s] -- Installing: /home/wyattsher/Desktop/ros2_gazebo/install/go2_description/share/go2_description/urdf/.history/go2_description_20230905115021.urdf
[0.592s] -- Installing: /home/wyattsher/Desktop/ros2_gazebo/install/go2_description/share/go2_description/urdf/.history/go2_description_20230905115300.urdf
[0.592s] -- Installing: /home/wyattsher/Desktop/ros2_gazebo/install/go2_description/share/go2_description/urdf/.history/go2_description_20230904193711.urdf
[0.592s] -- Installing: /home/wyattsher/Desktop/ros2_gazebo/install/go2_description/share/go2_description/urdf/.history/go2_description_20230905115215.urdf
[0.592s] -- Installing: /home/wyattsher/Desktop/ros2_gazebo/install/go2_description/share/go2_description/urdf/Amended_collision_model.png
[0.592s] -- Installing: /home/wyattsher/Desktop/ros2_gazebo/install/go2_description/share/go2_description/urdf/Normal_collision_model.png
[0.592s] -- Installing: /home/wyattsher/Desktop/ros2_gazebo/install/go2_description/share/go2_description/urdf/go2_description.urdf
[0.592s] -- Installing: /home/wyattsher/Desktop/ros2_gazebo/install/go2_description/share/go2_description/xacro
[0.592s] -- Installing: /home/wyattsher/Desktop/ros2_gazebo/install/go2_description/share/go2_description/xacro/robot.xacro
[0.592s] -- Installing: /home/wyattsher/Desktop/ros2_gazebo/install/go2_description/share/go2_description/xacro/transmission.xacro
[0.592s] -- Installing: /home/wyattsher/Desktop/ros2_gazebo/install/go2_description/share/go2_description/xacro/leg.xacro
[0.592s] -- Installing: /home/wyattsher/Desktop/ros2_gazebo/install/go2_description/share/go2_description/xacro/gazebo_VLP_D435i.xacro
[0.592s] -- Installing: /home/wyattsher/Desktop/ros2_gazebo/install/go2_description/share/go2_description/xacro/robot_VLP_D435i.xacro
[0.592s] -- Installing: /home/wyattsher/Desktop/ros2_gazebo/install/go2_description/share/go2_description/xacro/materials.xacro
[0.592s] -- Installing: /home/wyattsher/Desktop/ros2_gazebo/install/go2_description/share/go2_description/xacro/const.xacro
[0.592s] -- Installing: /home/wyattsher/Desktop/ros2_gazebo/install/go2_description/share/go2_description/xacro/gazebo.xacro
[0.592s] -- Installing: /home/wyattsher/Desktop/ros2_gazebo/install/go2_description/share/ament_index/resource_index/package_run_dependencies/go2_description
[0.592s] -- Installing: /home/wyattsher/Desktop/ros2_gazebo/install/go2_description/share/ament_index/resource_index/parent_prefix_path/go2_description
[0.592s] -- Installing: /home/wyattsher/Desktop/ros2_gazebo/install/go2_description/share/go2_description/environment/ament_prefix_path.sh
[0.593s] -- Installing: /home/wyattsher/Desktop/ros2_gazebo/install/go2_description/share/go2_description/environment/ament_prefix_path.dsv
[0.593s] -- Installing: /home/wyattsher/Desktop/ros2_gazebo/install/go2_description/share/go2_description/environment/path.sh
[0.593s] -- Installing: /home/wyattsher/Desktop/ros2_gazebo/install/go2_description/share/go2_description/environment/path.dsv
[0.593s] -- Installing: /home/wyattsher/Desktop/ros2_gazebo/install/go2_description/share/go2_description/local_setup.bash
[0.593s] -- Installing: /home/wyattsher/Desktop/ros2_gazebo/install/go2_description/share/go2_description/local_setup.sh
[0.593s] -- Installing: /home/wyattsher/Desktop/ros2_gazebo/install/go2_description/share/go2_description/local_setup.zsh
[0.593s] -- Installing: /home/wyattsher/Desktop/ros2_gazebo/install/go2_description/share/go2_description/local_setup.dsv
[0.593s] -- Installing: /home/wyattsher/Desktop/ros2_gazebo/install/go2_description/share/go2_description/package.dsv
[0.593s] -- Installing: /home/wyattsher/Desktop/ros2_gazebo/install/go2_description/share/ament_index/resource_index/packages/go2_description
[0.593s] -- Installing: /home/wyattsher/Desktop/ros2_gazebo/install/go2_description/share/go2_description/cmake/go2_descriptionConfig.cmake
[0.593s] -- Installing: /home/wyattsher/Desktop/ros2_gazebo/install/go2_description/share/go2_description/cmake/go2_descriptionConfig-version.cmake
[0.593s] -- Installing: /home/wyattsher/Desktop/ros2_gazebo/install/go2_description/share/go2_description/package.xml
[0.594s] Invoked command in '/home/wyattsher/Desktop/ros2_gazebo/build/go2_description' returned '0': CMAKE_PREFIX_PATH=${CMAKE_PREFIX_PATH}:/opt/ros/jazzy DEBUGINFOD_URLS=https://debuginfod.ubuntu.com /usr/bin/cmake --install /home/wyattsher/Desktop/ros2_gazebo/build/go2_description
