[0.012s] Invoking command in '/home/wyattsher/Desktop/ros2_gazebo/build/quadropted_controller': CMAKE_PREFIX_PATH=${CMAKE_PREFIX_PATH}:/opt/ros/jazzy DEBUGINFOD_URLS=https://debuginfod.ubuntu.com /usr/bin/cmake /home/wyattsher/Desktop/ros2_gazebo/src/quadropted_controller -DCMAKE_INSTALL_PREFIX=/home/wyattsher/Desktop/ros2_gazebo/install/quadropted_controller
[0.055s] -- The C compiler identification is GNU 13.3.0
[0.099s] -- The CXX compiler identification is GNU 13.3.0
[0.113s] -- Detecting C compiler ABI info
[0.185s] -- Detecting C compiler ABI info - done
[0.190s] -- Check for working C compiler: /usr/bin/cc - skipped
[0.190s] -- Detecting C compile features
[0.190s] -- Detecting C compile features - done
[0.197s] -- Detecting CXX compiler ABI info
[0.264s] -- Detecting CXX compiler ABI info - done
[0.270s] -- Check for working CXX compiler: /usr/bin/c++ - skipped
[0.270s] -- Detecting CXX compile features
[0.270s] -- Detecting CXX compile features - done
[0.274s] -- Found ament_cmake: 2.5.5 (/opt/ros/jazzy/share/ament_cmake/cmake)
[0.374s] -- Found Python3: /usr/bin/python3 (found version "3.12.3") found components: Interpreter 
[0.454s] -- Found rclpy: 7.1.9 (/opt/ros/jazzy/share/rclpy/cmake)
[0.505s] -- Configuring done (0.5s)
[0.508s] -- Generating done (0.0s)
[0.508s] -- Build files have been written to: /home/wyattsher/Desktop/ros2_gazebo/build/quadropted_controller
[0.511s] Invoked command in '/home/wyattsher/Desktop/ros2_gazebo/build/quadropted_controller' returned '0': CMAKE_PREFIX_PATH=${CMAKE_PREFIX_PATH}:/opt/ros/jazzy DEBUGINFOD_URLS=https://debuginfod.ubuntu.com /usr/bin/cmake /home/wyattsher/Desktop/ros2_gazebo/src/quadropted_controller -DCMAKE_INSTALL_PREFIX=/home/wyattsher/Desktop/ros2_gazebo/install/quadropted_controller
[0.512s] Invoking command in '/home/wyattsher/Desktop/ros2_gazebo/build/quadropted_controller': CMAKE_PREFIX_PATH=${CMAKE_PREFIX_PATH}:/opt/ros/jazzy DEBUGINFOD_URLS=https://debuginfod.ubuntu.com /usr/bin/cmake --build /home/wyattsher/Desktop/ros2_gazebo/build/quadropted_controller -- -j32 -l32
[0.544s] Invoked command in '/home/wyattsher/Desktop/ros2_gazebo/build/quadropted_controller' returned '0': CMAKE_PREFIX_PATH=${CMAKE_PREFIX_PATH}:/opt/ros/jazzy DEBUGINFOD_URLS=https://debuginfod.ubuntu.com /usr/bin/cmake --build /home/wyattsher/Desktop/ros2_gazebo/build/quadropted_controller -- -j32 -l32
[0.545s] Invoking command in '/home/wyattsher/Desktop/ros2_gazebo/build/quadropted_controller': CMAKE_PREFIX_PATH=${CMAKE_PREFIX_PATH}:/opt/ros/jazzy DEBUGINFOD_URLS=https://debuginfod.ubuntu.com /usr/bin/cmake --install /home/wyattsher/Desktop/ros2_gazebo/build/quadropted_controller
[0.550s] -- Install configuration: ""
[0.550s] -- Installing: /home/wyattsher/Desktop/ros2_gazebo/install/quadropted_controller/lib/quadropted_controller
[0.550s] -- Installing: /home/wyattsher/Desktop/ros2_gazebo/install/quadropted_controller/lib/quadropted_controller/cmd_vel_pub.py
[0.550s] -- Installing: /home/wyattsher/Desktop/ros2_gazebo/install/quadropted_controller/lib/quadropted_controller/ForwardKinematics
[0.550s] -- Installing: /home/wyattsher/Desktop/ros2_gazebo/install/quadropted_controller/lib/quadropted_controller/ForwardKinematics/__pycache__
[0.550s] -- Installing: /home/wyattsher/Desktop/ros2_gazebo/install/quadropted_controller/lib/quadropted_controller/ForwardKinematics/__pycache__/robot_FK.cpython-310.pyc
[0.550s] -- Installing: /home/wyattsher/Desktop/ros2_gazebo/install/quadropted_controller/lib/quadropted_controller/ForwardKinematics/__pycache__/robot_FK.cpython-312.pyc
[0.551s] -- Installing: /home/wyattsher/Desktop/ros2_gazebo/install/quadropted_controller/lib/quadropted_controller/ForwardKinematics/robot_FK.py
[0.551s] -- Installing: /home/wyattsher/Desktop/ros2_gazebo/install/quadropted_controller/lib/quadropted_controller/InverseKinematics
[0.551s] -- Installing: /home/wyattsher/Desktop/ros2_gazebo/install/quadropted_controller/lib/quadropted_controller/InverseKinematics/__pycache__
[0.551s] -- Installing: /home/wyattsher/Desktop/ros2_gazebo/install/quadropted_controller/lib/quadropted_controller/InverseKinematics/__pycache__/robot_IK.cpython-312.pyc
[0.551s] -- Installing: /home/wyattsher/Desktop/ros2_gazebo/install/quadropted_controller/lib/quadropted_controller/InverseKinematics/__pycache__/robot_IK.cpython-310.pyc
[0.551s] -- Installing: /home/wyattsher/Desktop/ros2_gazebo/install/quadropted_controller/lib/quadropted_controller/InverseKinematics/robot_IK.py
[0.551s] -- Installing: /home/wyattsher/Desktop/ros2_gazebo/install/quadropted_controller/lib/quadropted_controller/RoboticsUtilities
[0.552s] -- Installing: /home/wyattsher/Desktop/ros2_gazebo/install/quadropted_controller/lib/quadropted_controller/RoboticsUtilities/__pycache__
[0.552s] -- Installing: /home/wyattsher/Desktop/ros2_gazebo/install/quadropted_controller/lib/quadropted_controller/RoboticsUtilities/__pycache__/Transformations.cpython-310.pyc
[0.552s] -- Installing: /home/wyattsher/Desktop/ros2_gazebo/install/quadropted_controller/lib/quadropted_controller/RoboticsUtilities/__pycache__/Transformations.cpython-312.pyc
[0.552s] -- Installing: /home/wyattsher/Desktop/ros2_gazebo/install/quadropted_controller/lib/quadropted_controller/RoboticsUtilities/Transformations.py
[0.552s] -- Installing: /home/wyattsher/Desktop/ros2_gazebo/install/quadropted_controller/lib/quadropted_controller/robot_controller_gazebo.py
[0.552s] -- Installing: /home/wyattsher/Desktop/ros2_gazebo/install/quadropted_controller/lib/quadropted_controller/.QuadrupedOdometryNode.py.swp
[0.552s] -- Installing: /home/wyattsher/Desktop/ros2_gazebo/install/quadropted_controller/lib/quadropted_controller/QuadrupedOdometryNode.py
[0.552s] -- Installing: /home/wyattsher/Desktop/ros2_gazebo/install/quadropted_controller/lib/quadropted_controller/RobotController
[0.552s] -- Installing: /home/wyattsher/Desktop/ros2_gazebo/install/quadropted_controller/lib/quadropted_controller/RobotController/StateCommand.py
[0.553s] -- Installing: /home/wyattsher/Desktop/ros2_gazebo/install/quadropted_controller/lib/quadropted_controller/RobotController/RestController.py
[0.553s] -- Installing: /home/wyattsher/Desktop/ros2_gazebo/install/quadropted_controller/lib/quadropted_controller/RobotController/StandController.py
[0.553s] -- Installing: /home/wyattsher/Desktop/ros2_gazebo/install/quadropted_controller/lib/quadropted_controller/RobotController/__pycache__
[0.553s] -- Installing: /home/wyattsher/Desktop/ros2_gazebo/install/quadropted_controller/lib/quadropted_controller/RobotController/__pycache__/StandController.cpython-312.pyc
[0.553s] -- Installing: /home/wyattsher/Desktop/ros2_gazebo/install/quadropted_controller/lib/quadropted_controller/RobotController/__pycache__/PIDController.cpython-312.pyc
[0.553s] -- Installing: /home/wyattsher/Desktop/ros2_gazebo/install/quadropted_controller/lib/quadropted_controller/RobotController/__pycache__/RobotController.cpython-310.pyc
[0.553s] -- Installing: /home/wyattsher/Desktop/ros2_gazebo/install/quadropted_controller/lib/quadropted_controller/RobotController/__pycache__/StandController.cpython-310.pyc
[0.553s] -- Installing: /home/wyattsher/Desktop/ros2_gazebo/install/quadropted_controller/lib/quadropted_controller/RobotController/__pycache__/StateCommand.cpython-312.pyc
[0.553s] -- Installing: /home/wyattsher/Desktop/ros2_gazebo/install/quadropted_controller/lib/quadropted_controller/RobotController/__pycache__/RestController.cpython-310.pyc
[0.553s] -- Installing: /home/wyattsher/Desktop/ros2_gazebo/install/quadropted_controller/lib/quadropted_controller/RobotController/__pycache__/RobotController.cpython-312.pyc
[0.553s] -- Installing: /home/wyattsher/Desktop/ros2_gazebo/install/quadropted_controller/lib/quadropted_controller/RobotController/__pycache__/CrawlGaitController.cpython-310.pyc
[0.553s] -- Installing: /home/wyattsher/Desktop/ros2_gazebo/install/quadropted_controller/lib/quadropted_controller/RobotController/__pycache__/TrotGaitController.cpython-312.pyc
[0.554s] -- Installing: /home/wyattsher/Desktop/ros2_gazebo/install/quadropted_controller/lib/quadropted_controller/RobotController/__pycache__/StateCommand.cpython-310.pyc
[0.554s] -- Installing: /home/wyattsher/Desktop/ros2_gazebo/install/quadropted_controller/lib/quadropted_controller/RobotController/__pycache__/TrotGaitController.cpython-310.pyc
[0.554s] -- Installing: /home/wyattsher/Desktop/ros2_gazebo/install/quadropted_controller/lib/quadropted_controller/RobotController/__pycache__/CrawlGaitController.cpython-312.pyc
[0.554s] -- Installing: /home/wyattsher/Desktop/ros2_gazebo/install/quadropted_controller/lib/quadropted_controller/RobotController/__pycache__/GaitController.cpython-310.pyc
[0.554s] -- Installing: /home/wyattsher/Desktop/ros2_gazebo/install/quadropted_controller/lib/quadropted_controller/RobotController/__pycache__/RestController.cpython-312.pyc
[0.554s] -- Installing: /home/wyattsher/Desktop/ros2_gazebo/install/quadropted_controller/lib/quadropted_controller/RobotController/__pycache__/GaitController.cpython-312.pyc
[0.554s] -- Installing: /home/wyattsher/Desktop/ros2_gazebo/install/quadropted_controller/lib/quadropted_controller/RobotController/__pycache__/PIDController.cpython-310.pyc
[0.554s] -- Installing: /home/wyattsher/Desktop/ros2_gazebo/install/quadropted_controller/lib/quadropted_controller/RobotController/CrawlGaitController.py
[0.554s] -- Installing: /home/wyattsher/Desktop/ros2_gazebo/install/quadropted_controller/lib/quadropted_controller/RobotController/RobotController.py
[0.554s] -- Installing: /home/wyattsher/Desktop/ros2_gazebo/install/quadropted_controller/lib/quadropted_controller/RobotController/GaitController.py
[0.554s] -- Installing: /home/wyattsher/Desktop/ros2_gazebo/install/quadropted_controller/lib/quadropted_controller/RobotController/PIDController.py
[0.554s] -- Installing: /home/wyattsher/Desktop/ros2_gazebo/install/quadropted_controller/lib/quadropted_controller/RobotController/TrotGaitController.py
[0.554s] -- Up-to-date: /home/wyattsher/Desktop/ros2_gazebo/install/quadropted_controller/lib/quadropted_controller/robot_controller_gazebo.py
[0.554s] -- Up-to-date: /home/wyattsher/Desktop/ros2_gazebo/install/quadropted_controller/lib/quadropted_controller/QuadrupedOdometryNode.py
[0.554s] -- Up-to-date: /home/wyattsher/Desktop/ros2_gazebo/install/quadropted_controller/lib/quadropted_controller/cmd_vel_pub.py
[0.555s] -- Installing: /home/wyattsher/Desktop/ros2_gazebo/install/quadropted_controller/share/quadropted_controller//launch
[0.555s] -- Installing: /home/wyattsher/Desktop/ros2_gazebo/install/quadropted_controller/share/quadropted_controller//launch/robot_controller.launch.py
[0.555s] -- Installing: /home/wyattsher/Desktop/ros2_gazebo/install/quadropted_controller/share/ament_index/resource_index/package_run_dependencies/quadropted_controller
[0.555s] -- Installing: /home/wyattsher/Desktop/ros2_gazebo/install/quadropted_controller/share/ament_index/resource_index/parent_prefix_path/quadropted_controller
[0.555s] -- Installing: /home/wyattsher/Desktop/ros2_gazebo/install/quadropted_controller/share/quadropted_controller/environment/ament_prefix_path.sh
[0.555s] -- Installing: /home/wyattsher/Desktop/ros2_gazebo/install/quadropted_controller/share/quadropted_controller/environment/ament_prefix_path.dsv
[0.555s] -- Installing: /home/wyattsher/Desktop/ros2_gazebo/install/quadropted_controller/share/quadropted_controller/environment/path.sh
[0.555s] -- Installing: /home/wyattsher/Desktop/ros2_gazebo/install/quadropted_controller/share/quadropted_controller/environment/path.dsv
[0.555s] -- Installing: /home/wyattsher/Desktop/ros2_gazebo/install/quadropted_controller/share/quadropted_controller/local_setup.bash
[0.555s] -- Installing: /home/wyattsher/Desktop/ros2_gazebo/install/quadropted_controller/share/quadropted_controller/local_setup.sh
[0.555s] -- Installing: /home/wyattsher/Desktop/ros2_gazebo/install/quadropted_controller/share/quadropted_controller/local_setup.zsh
[0.555s] -- Installing: /home/wyattsher/Desktop/ros2_gazebo/install/quadropted_controller/share/quadropted_controller/local_setup.dsv
[0.555s] -- Installing: /home/wyattsher/Desktop/ros2_gazebo/install/quadropted_controller/share/quadropted_controller/package.dsv
[0.555s] -- Installing: /home/wyattsher/Desktop/ros2_gazebo/install/quadropted_controller/share/ament_index/resource_index/packages/quadropted_controller
[0.556s] -- Installing: /home/wyattsher/Desktop/ros2_gazebo/install/quadropted_controller/share/quadropted_controller/cmake/quadropted_controllerConfig.cmake
[0.556s] -- Installing: /home/wyattsher/Desktop/ros2_gazebo/install/quadropted_controller/share/quadropted_controller/cmake/quadropted_controllerConfig-version.cmake
[0.556s] -- Installing: /home/wyattsher/Desktop/ros2_gazebo/install/quadropted_controller/share/quadropted_controller/package.xml
[0.575s] Invoked command in '/home/wyattsher/Desktop/ros2_gazebo/build/quadropted_controller' returned '0': CMAKE_PREFIX_PATH=${CMAKE_PREFIX_PATH}:/opt/ros/jazzy DEBUGINFOD_URLS=https://debuginfod.ubuntu.com /usr/bin/cmake --install /home/wyattsher/Desktop/ros2_gazebo/build/quadropted_controller
