[0.013s] Invoking command in '/home/wyattsher/Desktop/ros2_gazebo/build/quadropted_msgs': CMAKE_PREFIX_PATH=${CMAKE_PREFIX_PATH}:/opt/ros/jazzy DEBUGINFOD_URLS=https://debuginfod.ubuntu.com /usr/bin/cmake --build /home/wyattsher/Desktop/ros2_gazebo/build/quadropted_msgs -- -j32 -l32
[0.063s] [  1%] Built target quadropted_msgs__rosidl_generator_type_description
[0.070s] [  1%] Built target ament_cmake_python_copy_quadropted_msgs
[0.080s] [  2%] Built target quadropted_msgs__cpp
[0.087s] [ 25%] Built target quadropted_msgs__rosidl_generator_c
[0.111s] [ 35%] Built target quadropted_msgs__rosidl_typesupport_c
[0.112s] [ 44%] Built target quadropted_msgs__rosidl_typesupport_introspection_c
[0.114s] [ 54%] Built target quadropted_msgs__rosidl_typesupport_cpp
[0.114s] [ 63%] Built target quadropted_msgs__rosidl_typesupport_fastrtps_cpp
[0.114s] [ 72%] Built target quadropted_msgs__rosidl_typesupport_introspection_cpp
[0.115s] [ 82%] Built target quadropted_msgs__rosidl_typesupport_fastrtps_c
[0.134s] [ 82%] Built target quadropted_msgs
[0.153s] [ 83%] Built target quadropted_msgs__py
[0.193s] [ 91%] Built target quadropted_msgs__rosidl_generator_py
[0.218s] [ 97%] Built target quadropted_msgs_s__rosidl_typesupport_introspection_c
[0.218s] [ 97%] Built target quadropted_msgs_s__rosidl_typesupport_fastrtps_c
[0.218s] [100%] Built target quadropted_msgs_s__rosidl_typesupport_c
[0.219s] running egg_info
[0.232s] writing quadropted_msgs.egg-info/PKG-INFO
[0.232s] writing dependency_links to quadropted_msgs.egg-info/dependency_links.txt
[0.232s] writing top-level names to quadropted_msgs.egg-info/top_level.txt
[0.268s] reading manifest file 'quadropted_msgs.egg-info/SOURCES.txt'
[0.268s] writing manifest file 'quadropted_msgs.egg-info/SOURCES.txt'
[0.289s] [100%] Built target ament_cmake_python_build_quadropted_msgs_egg
[0.301s] Invoked command in '/home/wyattsher/Desktop/ros2_gazebo/build/quadropted_msgs' returned '0': CMAKE_PREFIX_PATH=${CMAKE_PREFIX_PATH}:/opt/ros/jazzy DEBUGINFOD_URLS=https://debuginfod.ubuntu.com /usr/bin/cmake --build /home/wyattsher/Desktop/ros2_gazebo/build/quadropted_msgs -- -j32 -l32
[0.302s] Invoking command in '/home/wyattsher/Desktop/ros2_gazebo/build/quadropted_msgs': CMAKE_PREFIX_PATH=${CMAKE_PREFIX_PATH}:/opt/ros/jazzy DEBUGINFOD_URLS=https://debuginfod.ubuntu.com /usr/bin/cmake --install /home/wyattsher/Desktop/ros2_gazebo/build/quadropted_msgs
[0.310s] -- Install configuration: ""
[0.310s] -- Up-to-date: /home/wyattsher/Desktop/ros2_gazebo/install/quadropted_msgs/share/ament_index/resource_index/rosidl_interfaces/quadropted_msgs
[0.310s] -- Up-to-date: /home/wyattsher/Desktop/ros2_gazebo/install/quadropted_msgs/share/quadropted_msgs/msg/RobotVelocity.json
[0.310s] -- Up-to-date: /home/wyattsher/Desktop/ros2_gazebo/install/quadropted_msgs/share/quadropted_msgs/msg/RobotGaitCommand.json
[0.310s] -- Up-to-date: /home/wyattsher/Desktop/ros2_gazebo/install/quadropted_msgs/share/quadropted_msgs/msg/RobotModeCommand.json
[0.310s] -- Up-to-date: /home/wyattsher/Desktop/ros2_gazebo/install/quadropted_msgs/share/quadropted_msgs/msg/RobotFootContact.json
[0.311s] -- Up-to-date: /home/wyattsher/Desktop/ros2_gazebo/install/quadropted_msgs/share/quadropted_msgs/srv/RobotBehaviorCommand.json
[0.311s] -- Up-to-date: /home/wyattsher/Desktop/ros2_gazebo/install/quadropted_msgs/include/quadropted_msgs/quadropted_msgs
[0.311s] -- Up-to-date: /home/wyattsher/Desktop/ros2_gazebo/install/quadropted_msgs/include/quadropted_msgs/quadropted_msgs/srv
[0.311s] -- Up-to-date: /home/wyattsher/Desktop/ros2_gazebo/install/quadropted_msgs/include/quadropted_msgs/quadropted_msgs/srv/robot_behavior_command.h
[0.311s] -- Up-to-date: /home/wyattsher/Desktop/ros2_gazebo/install/quadropted_msgs/include/quadropted_msgs/quadropted_msgs/srv/detail
[0.311s] -- Up-to-date: /home/wyattsher/Desktop/ros2_gazebo/install/quadropted_msgs/include/quadropted_msgs/quadropted_msgs/srv/detail/robot_behavior_command__type_support.c
[0.311s] -- Up-to-date: /home/wyattsher/Desktop/ros2_gazebo/install/quadropted_msgs/include/quadropted_msgs/quadropted_msgs/srv/detail/robot_behavior_command__type_support.h
[0.311s] -- Up-to-date: /home/wyattsher/Desktop/ros2_gazebo/install/quadropted_msgs/include/quadropted_msgs/quadropted_msgs/srv/detail/robot_behavior_command__functions.h
[0.311s] -- Up-to-date: /home/wyattsher/Desktop/ros2_gazebo/install/quadropted_msgs/include/quadropted_msgs/quadropted_msgs/srv/detail/robot_behavior_command__struct.h
[0.311s] -- Up-to-date: /home/wyattsher/Desktop/ros2_gazebo/install/quadropted_msgs/include/quadropted_msgs/quadropted_msgs/srv/detail/robot_behavior_command__functions.c
[0.311s] -- Up-to-date: /home/wyattsher/Desktop/ros2_gazebo/install/quadropted_msgs/include/quadropted_msgs/quadropted_msgs/srv/detail/robot_behavior_command__description.c
[0.311s] -- Up-to-date: /home/wyattsher/Desktop/ros2_gazebo/install/quadropted_msgs/include/quadropted_msgs/quadropted_msgs/msg
[0.311s] -- Up-to-date: /home/wyattsher/Desktop/ros2_gazebo/install/quadropted_msgs/include/quadropted_msgs/quadropted_msgs/msg/robot_gait_command.h
[0.311s] -- Up-to-date: /home/wyattsher/Desktop/ros2_gazebo/install/quadropted_msgs/include/quadropted_msgs/quadropted_msgs/msg/rosidl_generator_c__visibility_control.h
[0.311s] -- Up-to-date: /home/wyattsher/Desktop/ros2_gazebo/install/quadropted_msgs/include/quadropted_msgs/quadropted_msgs/msg/robot_velocity.h
[0.311s] -- Up-to-date: /home/wyattsher/Desktop/ros2_gazebo/install/quadropted_msgs/include/quadropted_msgs/quadropted_msgs/msg/robot_mode_command.h
[0.311s] -- Up-to-date: /home/wyattsher/Desktop/ros2_gazebo/install/quadropted_msgs/include/quadropted_msgs/quadropted_msgs/msg/robot_foot_contact.h
[0.311s] -- Up-to-date: /home/wyattsher/Desktop/ros2_gazebo/install/quadropted_msgs/include/quadropted_msgs/quadropted_msgs/msg/detail
[0.311s] -- Up-to-date: /home/wyattsher/Desktop/ros2_gazebo/install/quadropted_msgs/include/quadropted_msgs/quadropted_msgs/msg/detail/robot_gait_command__functions.h
[0.311s] -- Up-to-date: /home/wyattsher/Desktop/ros2_gazebo/install/quadropted_msgs/include/quadropted_msgs/quadropted_msgs/msg/detail/robot_gait_command__functions.c
[0.311s] -- Up-to-date: /home/wyattsher/Desktop/ros2_gazebo/install/quadropted_msgs/include/quadropted_msgs/quadropted_msgs/msg/detail/robot_gait_command__type_support.h
[0.311s] -- Up-to-date: /home/wyattsher/Desktop/ros2_gazebo/install/quadropted_msgs/include/quadropted_msgs/quadropted_msgs/msg/detail/robot_foot_contact__functions.c
[0.311s] -- Up-to-date: /home/wyattsher/Desktop/ros2_gazebo/install/quadropted_msgs/include/quadropted_msgs/quadropted_msgs/msg/detail/robot_velocity__type_support.c
[0.311s] -- Up-to-date: /home/wyattsher/Desktop/ros2_gazebo/install/quadropted_msgs/include/quadropted_msgs/quadropted_msgs/msg/detail/robot_gait_command__struct.h
[0.312s] -- Up-to-date: /home/wyattsher/Desktop/ros2_gazebo/install/quadropted_msgs/include/quadropted_msgs/quadropted_msgs/msg/detail/robot_mode_command__type_support.c
[0.312s] -- Up-to-date: /home/wyattsher/Desktop/ros2_gazebo/install/quadropted_msgs/include/quadropted_msgs/quadropted_msgs/msg/detail/robot_velocity__type_support.h
[0.312s] -- Up-to-date: /home/wyattsher/Desktop/ros2_gazebo/install/quadropted_msgs/include/quadropted_msgs/quadropted_msgs/msg/detail/robot_velocity__functions.h
[0.312s] -- Up-to-date: /home/wyattsher/Desktop/ros2_gazebo/install/quadropted_msgs/include/quadropted_msgs/quadropted_msgs/msg/detail/robot_gait_command__description.c
[0.312s] -- Up-to-date: /home/wyattsher/Desktop/ros2_gazebo/install/quadropted_msgs/include/quadropted_msgs/quadropted_msgs/msg/detail/robot_gait_command__type_support.c
[0.312s] -- Up-to-date: /home/wyattsher/Desktop/ros2_gazebo/install/quadropted_msgs/include/quadropted_msgs/quadropted_msgs/msg/detail/robot_mode_command__functions.c
[0.312s] -- Up-to-date: /home/wyattsher/Desktop/ros2_gazebo/install/quadropted_msgs/include/quadropted_msgs/quadropted_msgs/msg/detail/robot_foot_contact__functions.h
[0.312s] -- Up-to-date: /home/wyattsher/Desktop/ros2_gazebo/install/quadropted_msgs/include/quadropted_msgs/quadropted_msgs/msg/detail/robot_mode_command__functions.h
[0.312s] -- Up-to-date: /home/wyattsher/Desktop/ros2_gazebo/install/quadropted_msgs/include/quadropted_msgs/quadropted_msgs/msg/detail/robot_velocity__struct.h
[0.312s] -- Up-to-date: /home/wyattsher/Desktop/ros2_gazebo/install/quadropted_msgs/include/quadropted_msgs/quadropted_msgs/msg/detail/robot_velocity__description.c
[0.312s] -- Up-to-date: /home/wyattsher/Desktop/ros2_gazebo/install/quadropted_msgs/include/quadropted_msgs/quadropted_msgs/msg/detail/robot_mode_command__type_support.h
[0.312s] -- Up-to-date: /home/wyattsher/Desktop/ros2_gazebo/install/quadropted_msgs/include/quadropted_msgs/quadropted_msgs/msg/detail/robot_foot_contact__struct.h
[0.312s] -- Up-to-date: /home/wyattsher/Desktop/ros2_gazebo/install/quadropted_msgs/include/quadropted_msgs/quadropted_msgs/msg/detail/robot_mode_command__struct.h
[0.312s] -- Up-to-date: /home/wyattsher/Desktop/ros2_gazebo/install/quadropted_msgs/include/quadropted_msgs/quadropted_msgs/msg/detail/robot_mode_command__description.c
[0.312s] -- Up-to-date: /home/wyattsher/Desktop/ros2_gazebo/install/quadropted_msgs/include/quadropted_msgs/quadropted_msgs/msg/detail/robot_foot_contact__type_support.h
[0.312s] -- Up-to-date: /home/wyattsher/Desktop/ros2_gazebo/install/quadropted_msgs/include/quadropted_msgs/quadropted_msgs/msg/detail/robot_foot_contact__type_support.c
[0.312s] -- Up-to-date: /home/wyattsher/Desktop/ros2_gazebo/install/quadropted_msgs/include/quadropted_msgs/quadropted_msgs/msg/detail/robot_foot_contact__description.c
[0.312s] -- Up-to-date: /home/wyattsher/Desktop/ros2_gazebo/install/quadropted_msgs/include/quadropted_msgs/quadropted_msgs/msg/detail/robot_velocity__functions.c
[0.312s] -- Up-to-date: /home/wyattsher/Desktop/ros2_gazebo/install/quadropted_msgs/share/quadropted_msgs/environment/library_path.sh
[0.312s] -- Up-to-date: /home/wyattsher/Desktop/ros2_gazebo/install/quadropted_msgs/share/quadropted_msgs/environment/library_path.dsv
[0.312s] -- Up-to-date: /home/wyattsher/Desktop/ros2_gazebo/install/quadropted_msgs/lib/libquadropted_msgs__rosidl_generator_c.so
[0.312s] -- Up-to-date: /home/wyattsher/Desktop/ros2_gazebo/install/quadropted_msgs/include/quadropted_msgs/quadropted_msgs
[0.312s] -- Up-to-date: /home/wyattsher/Desktop/ros2_gazebo/install/quadropted_msgs/include/quadropted_msgs/quadropted_msgs/srv
[0.312s] -- Up-to-date: /home/wyattsher/Desktop/ros2_gazebo/install/quadropted_msgs/include/quadropted_msgs/quadropted_msgs/srv/detail
[0.312s] -- Up-to-date: /home/wyattsher/Desktop/ros2_gazebo/install/quadropted_msgs/include/quadropted_msgs/quadropted_msgs/srv/detail/robot_behavior_command__rosidl_typesupport_fastrtps_c.h
[0.313s] -- Up-to-date: /home/wyattsher/Desktop/ros2_gazebo/install/quadropted_msgs/include/quadropted_msgs/quadropted_msgs/msg
[0.313s] -- Up-to-date: /home/wyattsher/Desktop/ros2_gazebo/install/quadropted_msgs/include/quadropted_msgs/quadropted_msgs/msg/detail
[0.313s] -- Up-to-date: /home/wyattsher/Desktop/ros2_gazebo/install/quadropted_msgs/include/quadropted_msgs/quadropted_msgs/msg/detail/robot_foot_contact__rosidl_typesupport_fastrtps_c.h
[0.313s] -- Up-to-date: /home/wyattsher/Desktop/ros2_gazebo/install/quadropted_msgs/include/quadropted_msgs/quadropted_msgs/msg/detail/robot_mode_command__rosidl_typesupport_fastrtps_c.h
[0.313s] -- Up-to-date: /home/wyattsher/Desktop/ros2_gazebo/install/quadropted_msgs/include/quadropted_msgs/quadropted_msgs/msg/detail/robot_velocity__rosidl_typesupport_fastrtps_c.h
[0.313s] -- Up-to-date: /home/wyattsher/Desktop/ros2_gazebo/install/quadropted_msgs/include/quadropted_msgs/quadropted_msgs/msg/detail/robot_gait_command__rosidl_typesupport_fastrtps_c.h
[0.313s] -- Up-to-date: /home/wyattsher/Desktop/ros2_gazebo/install/quadropted_msgs/include/quadropted_msgs/quadropted_msgs/msg/rosidl_typesupport_fastrtps_c__visibility_control.h
[0.313s] -- Up-to-date: /home/wyattsher/Desktop/ros2_gazebo/install/quadropted_msgs/lib/libquadropted_msgs__rosidl_typesupport_fastrtps_c.so
[0.313s] -- Up-to-date: /home/wyattsher/Desktop/ros2_gazebo/install/quadropted_msgs/include/quadropted_msgs/quadropted_msgs
[0.313s] -- Up-to-date: /home/wyattsher/Desktop/ros2_gazebo/install/quadropted_msgs/include/quadropted_msgs/quadropted_msgs/srv
[0.313s] -- Up-to-date: /home/wyattsher/Desktop/ros2_gazebo/install/quadropted_msgs/include/quadropted_msgs/quadropted_msgs/srv/robot_behavior_command.hpp
[0.313s] -- Up-to-date: /home/wyattsher/Desktop/ros2_gazebo/install/quadropted_msgs/include/quadropted_msgs/quadropted_msgs/srv/detail
[0.313s] -- Up-to-date: /home/wyattsher/Desktop/ros2_gazebo/install/quadropted_msgs/include/quadropted_msgs/quadropted_msgs/srv/detail/robot_behavior_command__traits.hpp
[0.313s] -- Up-to-date: /home/wyattsher/Desktop/ros2_gazebo/install/quadropted_msgs/include/quadropted_msgs/quadropted_msgs/srv/detail/robot_behavior_command__builder.hpp
[0.313s] -- Up-to-date: /home/wyattsher/Desktop/ros2_gazebo/install/quadropted_msgs/include/quadropted_msgs/quadropted_msgs/srv/detail/robot_behavior_command__struct.hpp
[0.313s] -- Up-to-date: /home/wyattsher/Desktop/ros2_gazebo/install/quadropted_msgs/include/quadropted_msgs/quadropted_msgs/srv/detail/robot_behavior_command__type_support.hpp
[0.313s] -- Up-to-date: /home/wyattsher/Desktop/ros2_gazebo/install/quadropted_msgs/include/quadropted_msgs/quadropted_msgs/msg
[0.313s] -- Up-to-date: /home/wyattsher/Desktop/ros2_gazebo/install/quadropted_msgs/include/quadropted_msgs/quadropted_msgs/msg/rosidl_generator_cpp__visibility_control.hpp
[0.313s] -- Up-to-date: /home/wyattsher/Desktop/ros2_gazebo/install/quadropted_msgs/include/quadropted_msgs/quadropted_msgs/msg/robot_velocity.hpp
[0.313s] -- Up-to-date: /home/wyattsher/Desktop/ros2_gazebo/install/quadropted_msgs/include/quadropted_msgs/quadropted_msgs/msg/robot_foot_contact.hpp
[0.313s] -- Up-to-date: /home/wyattsher/Desktop/ros2_gazebo/install/quadropted_msgs/include/quadropted_msgs/quadropted_msgs/msg/robot_gait_command.hpp
[0.313s] -- Up-to-date: /home/wyattsher/Desktop/ros2_gazebo/install/quadropted_msgs/include/quadropted_msgs/quadropted_msgs/msg/robot_mode_command.hpp
[0.313s] -- Up-to-date: /home/wyattsher/Desktop/ros2_gazebo/install/quadropted_msgs/include/quadropted_msgs/quadropted_msgs/msg/detail
[0.313s] -- Up-to-date: /home/wyattsher/Desktop/ros2_gazebo/install/quadropted_msgs/include/quadropted_msgs/quadropted_msgs/msg/detail/robot_gait_command__type_support.hpp
[0.313s] -- Up-to-date: /home/wyattsher/Desktop/ros2_gazebo/install/quadropted_msgs/include/quadropted_msgs/quadropted_msgs/msg/detail/robot_velocity__builder.hpp
[0.314s] -- Up-to-date: /home/wyattsher/Desktop/ros2_gazebo/install/quadropted_msgs/include/quadropted_msgs/quadropted_msgs/msg/detail/robot_foot_contact__struct.hpp
[0.314s] -- Up-to-date: /home/wyattsher/Desktop/ros2_gazebo/install/quadropted_msgs/include/quadropted_msgs/quadropted_msgs/msg/detail/robot_foot_contact__traits.hpp
[0.314s] -- Up-to-date: /home/wyattsher/Desktop/ros2_gazebo/install/quadropted_msgs/include/quadropted_msgs/quadropted_msgs/msg/detail/robot_foot_contact__type_support.hpp
[0.314s] -- Up-to-date: /home/wyattsher/Desktop/ros2_gazebo/install/quadropted_msgs/include/quadropted_msgs/quadropted_msgs/msg/detail/robot_velocity__type_support.hpp
[0.314s] -- Up-to-date: /home/wyattsher/Desktop/ros2_gazebo/install/quadropted_msgs/include/quadropted_msgs/quadropted_msgs/msg/detail/robot_mode_command__struct.hpp
[0.314s] -- Up-to-date: /home/wyattsher/Desktop/ros2_gazebo/install/quadropted_msgs/include/quadropted_msgs/quadropted_msgs/msg/detail/robot_velocity__struct.hpp
[0.314s] -- Up-to-date: /home/wyattsher/Desktop/ros2_gazebo/install/quadropted_msgs/include/quadropted_msgs/quadropted_msgs/msg/detail/robot_mode_command__type_support.hpp
[0.314s] -- Up-to-date: /home/wyattsher/Desktop/ros2_gazebo/install/quadropted_msgs/include/quadropted_msgs/quadropted_msgs/msg/detail/robot_gait_command__traits.hpp
[0.314s] -- Up-to-date: /home/wyattsher/Desktop/ros2_gazebo/install/quadropted_msgs/include/quadropted_msgs/quadropted_msgs/msg/detail/robot_foot_contact__builder.hpp
[0.314s] -- Up-to-date: /home/wyattsher/Desktop/ros2_gazebo/install/quadropted_msgs/include/quadropted_msgs/quadropted_msgs/msg/detail/robot_mode_command__builder.hpp
[0.314s] -- Up-to-date: /home/wyattsher/Desktop/ros2_gazebo/install/quadropted_msgs/include/quadropted_msgs/quadropted_msgs/msg/detail/robot_gait_command__builder.hpp
[0.314s] -- Up-to-date: /home/wyattsher/Desktop/ros2_gazebo/install/quadropted_msgs/include/quadropted_msgs/quadropted_msgs/msg/detail/robot_mode_command__traits.hpp
[0.314s] -- Up-to-date: /home/wyattsher/Desktop/ros2_gazebo/install/quadropted_msgs/include/quadropted_msgs/quadropted_msgs/msg/detail/robot_gait_command__struct.hpp
[0.314s] -- Up-to-date: /home/wyattsher/Desktop/ros2_gazebo/install/quadropted_msgs/include/quadropted_msgs/quadropted_msgs/msg/detail/robot_velocity__traits.hpp
[0.314s] -- Up-to-date: /home/wyattsher/Desktop/ros2_gazebo/install/quadropted_msgs/include/quadropted_msgs/quadropted_msgs
[0.314s] -- Up-to-date: /home/wyattsher/Desktop/ros2_gazebo/install/quadropted_msgs/include/quadropted_msgs/quadropted_msgs/srv
[0.314s] -- Up-to-date: /home/wyattsher/Desktop/ros2_gazebo/install/quadropted_msgs/include/quadropted_msgs/quadropted_msgs/srv/detail
[0.314s] -- Up-to-date: /home/wyattsher/Desktop/ros2_gazebo/install/quadropted_msgs/include/quadropted_msgs/quadropted_msgs/srv/detail/dds_fastrtps
[0.314s] -- Up-to-date: /home/wyattsher/Desktop/ros2_gazebo/install/quadropted_msgs/include/quadropted_msgs/quadropted_msgs/srv/detail/robot_behavior_command__rosidl_typesupport_fastrtps_cpp.hpp
[0.314s] -- Up-to-date: /home/wyattsher/Desktop/ros2_gazebo/install/quadropted_msgs/include/quadropted_msgs/quadropted_msgs/msg
[0.314s] -- Up-to-date: /home/wyattsher/Desktop/ros2_gazebo/install/quadropted_msgs/include/quadropted_msgs/quadropted_msgs/msg/rosidl_typesupport_fastrtps_cpp__visibility_control.h
[0.314s] -- Up-to-date: /home/wyattsher/Desktop/ros2_gazebo/install/quadropted_msgs/include/quadropted_msgs/quadropted_msgs/msg/detail
[0.314s] -- Up-to-date: /home/wyattsher/Desktop/ros2_gazebo/install/quadropted_msgs/include/quadropted_msgs/quadropted_msgs/msg/detail/dds_fastrtps
[0.314s] -- Up-to-date: /home/wyattsher/Desktop/ros2_gazebo/install/quadropted_msgs/include/quadropted_msgs/quadropted_msgs/msg/detail/robot_velocity__rosidl_typesupport_fastrtps_cpp.hpp
[0.315s] -- Up-to-date: /home/wyattsher/Desktop/ros2_gazebo/install/quadropted_msgs/include/quadropted_msgs/quadropted_msgs/msg/detail/robot_gait_command__rosidl_typesupport_fastrtps_cpp.hpp
[0.315s] -- Up-to-date: /home/wyattsher/Desktop/ros2_gazebo/install/quadropted_msgs/include/quadropted_msgs/quadropted_msgs/msg/detail/robot_mode_command__rosidl_typesupport_fastrtps_cpp.hpp
[0.315s] -- Up-to-date: /home/wyattsher/Desktop/ros2_gazebo/install/quadropted_msgs/include/quadropted_msgs/quadropted_msgs/msg/detail/robot_foot_contact__rosidl_typesupport_fastrtps_cpp.hpp
[0.315s] -- Up-to-date: /home/wyattsher/Desktop/ros2_gazebo/install/quadropted_msgs/lib/libquadropted_msgs__rosidl_typesupport_fastrtps_cpp.so
[0.315s] -- Up-to-date: /home/wyattsher/Desktop/ros2_gazebo/install/quadropted_msgs/include/quadropted_msgs/quadropted_msgs
[0.315s] -- Up-to-date: /home/wyattsher/Desktop/ros2_gazebo/install/quadropted_msgs/include/quadropted_msgs/quadropted_msgs/srv
[0.315s] -- Up-to-date: /home/wyattsher/Desktop/ros2_gazebo/install/quadropted_msgs/include/quadropted_msgs/quadropted_msgs/srv/detail
[0.315s] -- Up-to-date: /home/wyattsher/Desktop/ros2_gazebo/install/quadropted_msgs/include/quadropted_msgs/quadropted_msgs/srv/detail/robot_behavior_command__type_support.c
[0.315s] -- Up-to-date: /home/wyattsher/Desktop/ros2_gazebo/install/quadropted_msgs/include/quadropted_msgs/quadropted_msgs/srv/detail/robot_behavior_command__rosidl_typesupport_introspection_c.h
[0.315s] -- Up-to-date: /home/wyattsher/Desktop/ros2_gazebo/install/quadropted_msgs/include/quadropted_msgs/quadropted_msgs/msg
[0.315s] -- Up-to-date: /home/wyattsher/Desktop/ros2_gazebo/install/quadropted_msgs/include/quadropted_msgs/quadropted_msgs/msg/rosidl_typesupport_introspection_c__visibility_control.h
[0.315s] -- Up-to-date: /home/wyattsher/Desktop/ros2_gazebo/install/quadropted_msgs/include/quadropted_msgs/quadropted_msgs/msg/detail
[0.315s] -- Up-to-date: /home/wyattsher/Desktop/ros2_gazebo/install/quadropted_msgs/include/quadropted_msgs/quadropted_msgs/msg/detail/robot_velocity__type_support.c
[0.315s] -- Up-to-date: /home/wyattsher/Desktop/ros2_gazebo/install/quadropted_msgs/include/quadropted_msgs/quadropted_msgs/msg/detail/robot_velocity__rosidl_typesupport_introspection_c.h
[0.315s] -- Up-to-date: /home/wyattsher/Desktop/ros2_gazebo/install/quadropted_msgs/include/quadropted_msgs/quadropted_msgs/msg/detail/robot_mode_command__type_support.c
[0.315s] -- Up-to-date: /home/wyattsher/Desktop/ros2_gazebo/install/quadropted_msgs/include/quadropted_msgs/quadropted_msgs/msg/detail/robot_gait_command__type_support.c
[0.315s] -- Up-to-date: /home/wyattsher/Desktop/ros2_gazebo/install/quadropted_msgs/include/quadropted_msgs/quadropted_msgs/msg/detail/robot_gait_command__rosidl_typesupport_introspection_c.h
[0.315s] -- Up-to-date: /home/wyattsher/Desktop/ros2_gazebo/install/quadropted_msgs/include/quadropted_msgs/quadropted_msgs/msg/detail/robot_foot_contact__rosidl_typesupport_introspection_c.h
[0.315s] -- Up-to-date: /home/wyattsher/Desktop/ros2_gazebo/install/quadropted_msgs/include/quadropted_msgs/quadropted_msgs/msg/detail/robot_mode_command__rosidl_typesupport_introspection_c.h
[0.315s] -- Up-to-date: /home/wyattsher/Desktop/ros2_gazebo/install/quadropted_msgs/include/quadropted_msgs/quadropted_msgs/msg/detail/robot_foot_contact__type_support.c
[0.315s] -- Up-to-date: /home/wyattsher/Desktop/ros2_gazebo/install/quadropted_msgs/lib/libquadropted_msgs__rosidl_typesupport_introspection_c.so
[0.315s] -- Up-to-date: /home/wyattsher/Desktop/ros2_gazebo/install/quadropted_msgs/lib/libquadropted_msgs__rosidl_typesupport_c.so
[0.315s] -- Up-to-date: /home/wyattsher/Desktop/ros2_gazebo/install/quadropted_msgs/include/quadropted_msgs/quadropted_msgs
[0.315s] -- Up-to-date: /home/wyattsher/Desktop/ros2_gazebo/install/quadropted_msgs/include/quadropted_msgs/quadropted_msgs/srv
[0.315s] -- Up-to-date: /home/wyattsher/Desktop/ros2_gazebo/install/quadropted_msgs/include/quadropted_msgs/quadropted_msgs/srv/detail
[0.316s] -- Up-to-date: /home/wyattsher/Desktop/ros2_gazebo/install/quadropted_msgs/include/quadropted_msgs/quadropted_msgs/srv/detail/robot_behavior_command__rosidl_typesupport_introspection_cpp.hpp
[0.316s] -- Up-to-date: /home/wyattsher/Desktop/ros2_gazebo/install/quadropted_msgs/include/quadropted_msgs/quadropted_msgs/srv/detail/robot_behavior_command__type_support.cpp
[0.316s] -- Up-to-date: /home/wyattsher/Desktop/ros2_gazebo/install/quadropted_msgs/include/quadropted_msgs/quadropted_msgs/msg
[0.316s] -- Up-to-date: /home/wyattsher/Desktop/ros2_gazebo/install/quadropted_msgs/include/quadropted_msgs/quadropted_msgs/msg/detail
[0.316s] -- Up-to-date: /home/wyattsher/Desktop/ros2_gazebo/install/quadropted_msgs/include/quadropted_msgs/quadropted_msgs/msg/detail/robot_mode_command__type_support.cpp
[0.316s] -- Up-to-date: /home/wyattsher/Desktop/ros2_gazebo/install/quadropted_msgs/include/quadropted_msgs/quadropted_msgs/msg/detail/robot_velocity__type_support.cpp
[0.316s] -- Up-to-date: /home/wyattsher/Desktop/ros2_gazebo/install/quadropted_msgs/include/quadropted_msgs/quadropted_msgs/msg/detail/robot_gait_command__rosidl_typesupport_introspection_cpp.hpp
[0.316s] -- Up-to-date: /home/wyattsher/Desktop/ros2_gazebo/install/quadropted_msgs/include/quadropted_msgs/quadropted_msgs/msg/detail/robot_gait_command__type_support.cpp
[0.316s] -- Up-to-date: /home/wyattsher/Desktop/ros2_gazebo/install/quadropted_msgs/include/quadropted_msgs/quadropted_msgs/msg/detail/robot_mode_command__rosidl_typesupport_introspection_cpp.hpp
[0.316s] -- Up-to-date: /home/wyattsher/Desktop/ros2_gazebo/install/quadropted_msgs/include/quadropted_msgs/quadropted_msgs/msg/detail/robot_foot_contact__type_support.cpp
[0.316s] -- Up-to-date: /home/wyattsher/Desktop/ros2_gazebo/install/quadropted_msgs/include/quadropted_msgs/quadropted_msgs/msg/detail/robot_foot_contact__rosidl_typesupport_introspection_cpp.hpp
[0.316s] -- Up-to-date: /home/wyattsher/Desktop/ros2_gazebo/install/quadropted_msgs/include/quadropted_msgs/quadropted_msgs/msg/detail/robot_velocity__rosidl_typesupport_introspection_cpp.hpp
[0.316s] -- Up-to-date: /home/wyattsher/Desktop/ros2_gazebo/install/quadropted_msgs/lib/libquadropted_msgs__rosidl_typesupport_introspection_cpp.so
[0.316s] -- Up-to-date: /home/wyattsher/Desktop/ros2_gazebo/install/quadropted_msgs/lib/libquadropted_msgs__rosidl_typesupport_cpp.so
[0.316s] -- Up-to-date: /home/wyattsher/Desktop/ros2_gazebo/install/quadropted_msgs/share/quadropted_msgs/environment/pythonpath.sh
[0.316s] -- Up-to-date: /home/wyattsher/Desktop/ros2_gazebo/install/quadropted_msgs/share/quadropted_msgs/environment/pythonpath.dsv
[0.316s] -- Up-to-date: /home/wyattsher/Desktop/ros2_gazebo/install/quadropted_msgs/lib/python3.12/site-packages/quadropted_msgs-0.1.0-py3.12.egg-info
[0.316s] -- Installing: /home/wyattsher/Desktop/ros2_gazebo/install/quadropted_msgs/lib/python3.12/site-packages/quadropted_msgs-0.1.0-py3.12.egg-info/top_level.txt
[0.316s] -- Installing: /home/wyattsher/Desktop/ros2_gazebo/install/quadropted_msgs/lib/python3.12/site-packages/quadropted_msgs-0.1.0-py3.12.egg-info/PKG-INFO
[0.316s] -- Installing: /home/wyattsher/Desktop/ros2_gazebo/install/quadropted_msgs/lib/python3.12/site-packages/quadropted_msgs-0.1.0-py3.12.egg-info/SOURCES.txt
[0.316s] -- Installing: /home/wyattsher/Desktop/ros2_gazebo/install/quadropted_msgs/lib/python3.12/site-packages/quadropted_msgs-0.1.0-py3.12.egg-info/dependency_links.txt
[0.316s] -- Up-to-date: /home/wyattsher/Desktop/ros2_gazebo/install/quadropted_msgs/lib/python3.12/site-packages/quadropted_msgs
[0.316s] -- Up-to-date: /home/wyattsher/Desktop/ros2_gazebo/install/quadropted_msgs/lib/python3.12/site-packages/quadropted_msgs/__init__.py
[0.316s] -- Up-to-date: /home/wyattsher/Desktop/ros2_gazebo/install/quadropted_msgs/lib/python3.12/site-packages/quadropted_msgs/srv
[0.316s] -- Up-to-date: /home/wyattsher/Desktop/ros2_gazebo/install/quadropted_msgs/lib/python3.12/site-packages/quadropted_msgs/srv/__init__.py
[0.316s] -- Up-to-date: /home/wyattsher/Desktop/ros2_gazebo/install/quadropted_msgs/lib/python3.12/site-packages/quadropted_msgs/srv/_robot_behavior_command.py
[0.317s] -- Up-to-date: /home/wyattsher/Desktop/ros2_gazebo/install/quadropted_msgs/lib/python3.12/site-packages/quadropted_msgs/srv/_robot_behavior_command_s.c
[0.317s] -- Up-to-date: /home/wyattsher/Desktop/ros2_gazebo/install/quadropted_msgs/lib/python3.12/site-packages/quadropted_msgs/_quadropted_msgs_s.ep.rosidl_typesupport_c.c
[0.317s] -- Up-to-date: /home/wyattsher/Desktop/ros2_gazebo/install/quadropted_msgs/lib/python3.12/site-packages/quadropted_msgs/_quadropted_msgs_s.ep.rosidl_typesupport_introspection_c.c
[0.317s] -- Up-to-date: /home/wyattsher/Desktop/ros2_gazebo/install/quadropted_msgs/lib/python3.12/site-packages/quadropted_msgs/_quadropted_msgs_s.ep.rosidl_typesupport_fastrtps_c.c
[0.317s] -- Up-to-date: /home/wyattsher/Desktop/ros2_gazebo/install/quadropted_msgs/lib/python3.12/site-packages/quadropted_msgs/quadropted_msgs_s__rosidl_typesupport_c.so
[0.317s] -- Up-to-date: /home/wyattsher/Desktop/ros2_gazebo/install/quadropted_msgs/lib/python3.12/site-packages/quadropted_msgs/quadropted_msgs_s__rosidl_typesupport_introspection_c.so
[0.317s] -- Up-to-date: /home/wyattsher/Desktop/ros2_gazebo/install/quadropted_msgs/lib/python3.12/site-packages/quadropted_msgs/msg
[0.317s] -- Up-to-date: /home/wyattsher/Desktop/ros2_gazebo/install/quadropted_msgs/lib/python3.12/site-packages/quadropted_msgs/msg/__init__.py
[0.317s] -- Up-to-date: /home/wyattsher/Desktop/ros2_gazebo/install/quadropted_msgs/lib/python3.12/site-packages/quadropted_msgs/msg/_robot_foot_contact.py
[0.317s] -- Up-to-date: /home/wyattsher/Desktop/ros2_gazebo/install/quadropted_msgs/lib/python3.12/site-packages/quadropted_msgs/msg/_robot_mode_command_s.c
[0.317s] -- Up-to-date: /home/wyattsher/Desktop/ros2_gazebo/install/quadropted_msgs/lib/python3.12/site-packages/quadropted_msgs/msg/_robot_foot_contact_s.c
[0.317s] -- Up-to-date: /home/wyattsher/Desktop/ros2_gazebo/install/quadropted_msgs/lib/python3.12/site-packages/quadropted_msgs/msg/_robot_velocity.py
[0.317s] -- Up-to-date: /home/wyattsher/Desktop/ros2_gazebo/install/quadropted_msgs/lib/python3.12/site-packages/quadropted_msgs/msg/_robot_mode_command.py
[0.317s] -- Up-to-date: /home/wyattsher/Desktop/ros2_gazebo/install/quadropted_msgs/lib/python3.12/site-packages/quadropted_msgs/msg/_robot_gait_command_s.c
[0.317s] -- Up-to-date: /home/wyattsher/Desktop/ros2_gazebo/install/quadropted_msgs/lib/python3.12/site-packages/quadropted_msgs/msg/_robot_velocity_s.c
[0.317s] -- Up-to-date: /home/wyattsher/Desktop/ros2_gazebo/install/quadropted_msgs/lib/python3.12/site-packages/quadropted_msgs/msg/_robot_gait_command.py
[0.317s] -- Up-to-date: /home/wyattsher/Desktop/ros2_gazebo/install/quadropted_msgs/lib/python3.12/site-packages/quadropted_msgs/quadropted_msgs_s__rosidl_typesupport_fastrtps_c.so
[0.342s] Listing '/home/wyattsher/Desktop/ros2_gazebo/install/quadropted_msgs/lib/python3.12/site-packages/quadropted_msgs'...
[0.342s] Listing '/home/wyattsher/Desktop/ros2_gazebo/install/quadropted_msgs/lib/python3.12/site-packages/quadropted_msgs/msg'...
[0.342s] Listing '/home/wyattsher/Desktop/ros2_gazebo/install/quadropted_msgs/lib/python3.12/site-packages/quadropted_msgs/srv'...
[0.346s] -- Up-to-date: /home/wyattsher/Desktop/ros2_gazebo/install/quadropted_msgs/lib/python3.12/site-packages/quadropted_msgs/quadropted_msgs_s__rosidl_typesupport_fastrtps_c.so
[0.347s] -- Up-to-date: /home/wyattsher/Desktop/ros2_gazebo/install/quadropted_msgs/lib/python3.12/site-packages/quadropted_msgs/quadropted_msgs_s__rosidl_typesupport_introspection_c.so
[0.347s] -- Up-to-date: /home/wyattsher/Desktop/ros2_gazebo/install/quadropted_msgs/lib/python3.12/site-packages/quadropted_msgs/quadropted_msgs_s__rosidl_typesupport_c.so
[0.347s] -- Up-to-date: /home/wyattsher/Desktop/ros2_gazebo/install/quadropted_msgs/lib/libquadropted_msgs__rosidl_generator_py.so
[0.347s] -- Up-to-date: /home/wyattsher/Desktop/ros2_gazebo/install/quadropted_msgs/share/quadropted_msgs/msg/RobotVelocity.idl
[0.347s] -- Up-to-date: /home/wyattsher/Desktop/ros2_gazebo/install/quadropted_msgs/share/quadropted_msgs/msg/RobotGaitCommand.idl
[0.347s] -- Up-to-date: /home/wyattsher/Desktop/ros2_gazebo/install/quadropted_msgs/share/quadropted_msgs/msg/RobotModeCommand.idl
[0.347s] -- Up-to-date: /home/wyattsher/Desktop/ros2_gazebo/install/quadropted_msgs/share/quadropted_msgs/msg/RobotFootContact.idl
[0.347s] -- Up-to-date: /home/wyattsher/Desktop/ros2_gazebo/install/quadropted_msgs/share/quadropted_msgs/srv/RobotBehaviorCommand.idl
[0.347s] -- Up-to-date: /home/wyattsher/Desktop/ros2_gazebo/install/quadropted_msgs/share/quadropted_msgs/msg/RobotVelocity.msg
[0.347s] -- Up-to-date: /home/wyattsher/Desktop/ros2_gazebo/install/quadropted_msgs/share/quadropted_msgs/msg/RobotGaitCommand.msg
[0.348s] -- Up-to-date: /home/wyattsher/Desktop/ros2_gazebo/install/quadropted_msgs/share/quadropted_msgs/msg/RobotModeCommand.msg
[0.348s] -- Up-to-date: /home/wyattsher/Desktop/ros2_gazebo/install/quadropted_msgs/share/quadropted_msgs/msg/RobotFootContact.msg
[0.348s] -- Up-to-date: /home/wyattsher/Desktop/ros2_gazebo/install/quadropted_msgs/share/quadropted_msgs/srv/RobotBehaviorCommand.srv
[0.348s] -- Up-to-date: /home/wyattsher/Desktop/ros2_gazebo/install/quadropted_msgs/share/ament_index/resource_index/package_run_dependencies/quadropted_msgs
[0.348s] -- Up-to-date: /home/wyattsher/Desktop/ros2_gazebo/install/quadropted_msgs/share/ament_index/resource_index/parent_prefix_path/quadropted_msgs
[0.348s] -- Up-to-date: /home/wyattsher/Desktop/ros2_gazebo/install/quadropted_msgs/share/quadropted_msgs/environment/ament_prefix_path.sh
[0.348s] -- Up-to-date: /home/wyattsher/Desktop/ros2_gazebo/install/quadropted_msgs/share/quadropted_msgs/environment/ament_prefix_path.dsv
[0.348s] -- Up-to-date: /home/wyattsher/Desktop/ros2_gazebo/install/quadropted_msgs/share/quadropted_msgs/environment/path.sh
[0.348s] -- Up-to-date: /home/wyattsher/Desktop/ros2_gazebo/install/quadropted_msgs/share/quadropted_msgs/environment/path.dsv
[0.348s] -- Up-to-date: /home/wyattsher/Desktop/ros2_gazebo/install/quadropted_msgs/share/quadropted_msgs/local_setup.bash
[0.348s] -- Up-to-date: /home/wyattsher/Desktop/ros2_gazebo/install/quadropted_msgs/share/quadropted_msgs/local_setup.sh
[0.348s] -- Up-to-date: /home/wyattsher/Desktop/ros2_gazebo/install/quadropted_msgs/share/quadropted_msgs/local_setup.zsh
[0.348s] -- Up-to-date: /home/wyattsher/Desktop/ros2_gazebo/install/quadropted_msgs/share/quadropted_msgs/local_setup.dsv
[0.348s] -- Installing: /home/wyattsher/Desktop/ros2_gazebo/install/quadropted_msgs/share/quadropted_msgs/package.dsv
[0.348s] -- Up-to-date: /home/wyattsher/Desktop/ros2_gazebo/install/quadropted_msgs/share/ament_index/resource_index/packages/quadropted_msgs
[0.348s] -- Up-to-date: /home/wyattsher/Desktop/ros2_gazebo/install/quadropted_msgs/share/quadropted_msgs/cmake/export_quadropted_msgs__rosidl_generator_cExport.cmake
[0.348s] -- Up-to-date: /home/wyattsher/Desktop/ros2_gazebo/install/quadropted_msgs/share/quadropted_msgs/cmake/export_quadropted_msgs__rosidl_generator_cExport-noconfig.cmake
[0.348s] -- Up-to-date: /home/wyattsher/Desktop/ros2_gazebo/install/quadropted_msgs/share/quadropted_msgs/cmake/export_quadropted_msgs__rosidl_typesupport_fastrtps_cExport.cmake
[0.348s] -- Up-to-date: /home/wyattsher/Desktop/ros2_gazebo/install/quadropted_msgs/share/quadropted_msgs/cmake/export_quadropted_msgs__rosidl_typesupport_fastrtps_cExport-noconfig.cmake
[0.348s] -- Up-to-date: /home/wyattsher/Desktop/ros2_gazebo/install/quadropted_msgs/share/quadropted_msgs/cmake/export_quadropted_msgs__rosidl_generator_cppExport.cmake
[0.348s] -- Up-to-date: /home/wyattsher/Desktop/ros2_gazebo/install/quadropted_msgs/share/quadropted_msgs/cmake/export_quadropted_msgs__rosidl_typesupport_fastrtps_cppExport.cmake
[0.348s] -- Up-to-date: /home/wyattsher/Desktop/ros2_gazebo/install/quadropted_msgs/share/quadropted_msgs/cmake/export_quadropted_msgs__rosidl_typesupport_fastrtps_cppExport-noconfig.cmake
[0.348s] -- Up-to-date: /home/wyattsher/Desktop/ros2_gazebo/install/quadropted_msgs/share/quadropted_msgs/cmake/quadropted_msgs__rosidl_typesupport_introspection_cExport.cmake
[0.349s] -- Up-to-date: /home/wyattsher/Desktop/ros2_gazebo/install/quadropted_msgs/share/quadropted_msgs/cmake/quadropted_msgs__rosidl_typesupport_introspection_cExport-noconfig.cmake
[0.349s] -- Up-to-date: /home/wyattsher/Desktop/ros2_gazebo/install/quadropted_msgs/share/quadropted_msgs/cmake/quadropted_msgs__rosidl_typesupport_cExport.cmake
[0.349s] -- Up-to-date: /home/wyattsher/Desktop/ros2_gazebo/install/quadropted_msgs/share/quadropted_msgs/cmake/quadropted_msgs__rosidl_typesupport_cExport-noconfig.cmake
[0.349s] -- Up-to-date: /home/wyattsher/Desktop/ros2_gazebo/install/quadropted_msgs/share/quadropted_msgs/cmake/quadropted_msgs__rosidl_typesupport_introspection_cppExport.cmake
[0.349s] -- Up-to-date: /home/wyattsher/Desktop/ros2_gazebo/install/quadropted_msgs/share/quadropted_msgs/cmake/quadropted_msgs__rosidl_typesupport_introspection_cppExport-noconfig.cmake
[0.349s] -- Up-to-date: /home/wyattsher/Desktop/ros2_gazebo/install/quadropted_msgs/share/quadropted_msgs/cmake/quadropted_msgs__rosidl_typesupport_cppExport.cmake
[0.349s] -- Up-to-date: /home/wyattsher/Desktop/ros2_gazebo/install/quadropted_msgs/share/quadropted_msgs/cmake/quadropted_msgs__rosidl_typesupport_cppExport-noconfig.cmake
[0.349s] -- Up-to-date: /home/wyattsher/Desktop/ros2_gazebo/install/quadropted_msgs/share/quadropted_msgs/cmake/export_quadropted_msgs__rosidl_generator_pyExport.cmake
[0.349s] -- Up-to-date: /home/wyattsher/Desktop/ros2_gazebo/install/quadropted_msgs/share/quadropted_msgs/cmake/export_quadropted_msgs__rosidl_generator_pyExport-noconfig.cmake
[0.349s] -- Up-to-date: /home/wyattsher/Desktop/ros2_gazebo/install/quadropted_msgs/share/quadropted_msgs/cmake/rosidl_cmake-extras.cmake
[0.349s] -- Up-to-date: /home/wyattsher/Desktop/ros2_gazebo/install/quadropted_msgs/share/quadropted_msgs/cmake/ament_cmake_export_dependencies-extras.cmake
[0.349s] -- Up-to-date: /home/wyattsher/Desktop/ros2_gazebo/install/quadropted_msgs/share/quadropted_msgs/cmake/ament_cmake_export_include_directories-extras.cmake
[0.349s] -- Up-to-date: /home/wyattsher/Desktop/ros2_gazebo/install/quadropted_msgs/share/quadropted_msgs/cmake/ament_cmake_export_libraries-extras.cmake
[0.349s] -- Up-to-date: /home/wyattsher/Desktop/ros2_gazebo/install/quadropted_msgs/share/quadropted_msgs/cmake/ament_cmake_export_targets-extras.cmake
[0.349s] -- Up-to-date: /home/wyattsher/Desktop/ros2_gazebo/install/quadropted_msgs/share/quadropted_msgs/cmake/rosidl_cmake_export_typesupport_targets-extras.cmake
[0.349s] -- Up-to-date: /home/wyattsher/Desktop/ros2_gazebo/install/quadropted_msgs/share/quadropted_msgs/cmake/rosidl_cmake_export_typesupport_libraries-extras.cmake
[0.349s] -- Up-to-date: /home/wyattsher/Desktop/ros2_gazebo/install/quadropted_msgs/share/quadropted_msgs/cmake/quadropted_msgsConfig.cmake
[0.349s] -- Up-to-date: /home/wyattsher/Desktop/ros2_gazebo/install/quadropted_msgs/share/quadropted_msgs/cmake/quadropted_msgsConfig-version.cmake
[0.349s] -- Up-to-date: /home/wyattsher/Desktop/ros2_gazebo/install/quadropted_msgs/share/quadropted_msgs/package.xml
[0.351s] Invoked command in '/home/wyattsher/Desktop/ros2_gazebo/build/quadropted_msgs' returned '0': CMAKE_PREFIX_PATH=${CMAKE_PREFIX_PATH}:/opt/ros/jazzy DEBUGINFOD_URLS=https://debuginfod.ubuntu.com /usr/bin/cmake --install /home/wyattsher/Desktop/ros2_gazebo/build/quadropted_msgs
