[0.017s] Invoking command in '/home/wyattsher/Desktop/ros2_gazebo/build/cartographer': CMAKE_PREFIX_PATH=${CMAKE_PREFIX_PATH}:/opt/ros/jazzy DEBUGINFOD_URLS=https://debuginfod.ubuntu.com /usr/bin/cmake --build /home/wyattsher/Desktop/ros2_gazebo/build/cartographer -- -j32 -l32
[0.064s] Invoked command in '/home/wyattsher/Desktop/ros2_gazebo/build/cartographer' returned '0': CMAKE_PREFIX_PATH=${CMAKE_PREFIX_PATH}:/opt/ros/jazzy DEBUGINFOD_URLS=https://debuginfod.ubuntu.com /usr/bin/cmake --build /home/wyattsher/Desktop/ros2_gazebo/build/cartographer -- -j32 -l32
[0.065s] Invoking command in '/home/wyattsher/Desktop/ros2_gazebo/build/cartographer': CMAKE_PREFIX_PATH=${CMAKE_PREFIX_PATH}:/opt/ros/jazzy DEBUGINFOD_URLS=https://debuginfod.ubuntu.com /usr/bin/cmake --install /home/wyattsher/Desktop/ros2_gazebo/build/cartographer
[0.076s] -- Install configuration: ""
[0.076s] -- Up-to-date: /home/wyattsher/Desktop/ros2_gazebo/install/cartographer/share/cartographer/config
[0.076s] -- Up-to-date: /home/wyattsher/Desktop/ros2_gazebo/install/cartographer/share/cartographer/config/go2_cartographer.lua
[0.076s] -- Up-to-date: /home/wyattsher/Desktop/ros2_gazebo/install/cartographer/share/cartographer/launch
[0.076s] -- Up-to-date: /home/wyattsher/Desktop/ros2_gazebo/install/cartographer/share/cartographer/launch/go2_cartographer.launch.py
[0.076s] -- Up-to-date: /home/wyattsher/Desktop/ros2_gazebo/install/cartographer/share/cartographer/launch/slam_toolbox.launch.py
[0.077s] -- Up-to-date: /home/wyattsher/Desktop/ros2_gazebo/install/cartographer/share/cartographer/rviz
[0.077s] -- Up-to-date: /home/wyattsher/Desktop/ros2_gazebo/install/cartographer/share/cartographer/rviz/go2_cartographer.rviz
[0.077s] -- Up-to-date: /home/wyattsher/Desktop/ros2_gazebo/install/cartographer/share/ament_index/resource_index/package_run_dependencies/cartographer
[0.077s] -- Up-to-date: /home/wyattsher/Desktop/ros2_gazebo/install/cartographer/share/ament_index/resource_index/parent_prefix_path/cartographer
[0.077s] -- Up-to-date: /home/wyattsher/Desktop/ros2_gazebo/install/cartographer/share/cartographer/environment/ament_prefix_path.sh
[0.077s] -- Up-to-date: /home/wyattsher/Desktop/ros2_gazebo/install/cartographer/share/cartographer/environment/ament_prefix_path.dsv
[0.077s] -- Up-to-date: /home/wyattsher/Desktop/ros2_gazebo/install/cartographer/share/cartographer/environment/path.sh
[0.077s] -- Up-to-date: /home/wyattsher/Desktop/ros2_gazebo/install/cartographer/share/cartographer/environment/path.dsv
[0.077s] -- Up-to-date: /home/wyattsher/Desktop/ros2_gazebo/install/cartographer/share/cartographer/local_setup.bash
[0.077s] -- Up-to-date: /home/wyattsher/Desktop/ros2_gazebo/install/cartographer/share/cartographer/local_setup.sh
[0.077s] -- Up-to-date: /home/wyattsher/Desktop/ros2_gazebo/install/cartographer/share/cartographer/local_setup.zsh
[0.077s] -- Up-to-date: /home/wyattsher/Desktop/ros2_gazebo/install/cartographer/share/cartographer/local_setup.dsv
[0.077s] -- Up-to-date: /home/wyattsher/Desktop/ros2_gazebo/install/cartographer/share/cartographer/package.dsv
[0.077s] -- Up-to-date: /home/wyattsher/Desktop/ros2_gazebo/install/cartographer/share/ament_index/resource_index/packages/cartographer
[0.077s] -- Up-to-date: /home/wyattsher/Desktop/ros2_gazebo/install/cartographer/share/cartographer/cmake/cartographerConfig.cmake
[0.077s] -- Up-to-date: /home/wyattsher/Desktop/ros2_gazebo/install/cartographer/share/cartographer/cmake/cartographerConfig-version.cmake
[0.077s] -- Up-to-date: /home/wyattsher/Desktop/ros2_gazebo/install/cartographer/share/cartographer/package.xml
[0.106s] Invoked command in '/home/wyattsher/Desktop/ros2_gazebo/build/cartographer' returned '0': CMAKE_PREFIX_PATH=${CMAKE_PREFIX_PATH}:/opt/ros/jazzy DEBUGINFOD_URLS=https://debuginfod.ubuntu.com /usr/bin/cmake --install /home/wyattsher/Desktop/ros2_gazebo/build/cartographer
