-- Install configuration: ""
-- Up-to-date: /home/wyattsher/Desktop/ros2_gazebo/install/navigation2/share/navigation2/launch
-- Up-to-date: /home/wyattsher/Desktop/ros2_gazebo/install/navigation2/share/navigation2/launch/go2_navigation2.launch.py
-- Up-to-date: /home/wyattsher/Desktop/ros2_gazebo/install/navigation2/share/navigation2/param
-- Up-to-date: /home/wyattsher/Desktop/ros2_gazebo/install/navigation2/share/navigation2/param/go2_nav2.yaml
-- Up-to-date: /home/wyattsher/Desktop/ros2_gazebo/install/navigation2/share/navigation2/config
-- Up-to-date: /home/wyattsher/Desktop/ros2_gazebo/install/navigation2/share/navigation2/config/robots.yaml
-- Up-to-date: /home/wyattsher/Desktop/ros2_gazebo/install/navigation2/share/navigation2/maps
-- Up-to-date: /home/wyattsher/Desktop/ros2_gazebo/install/navigation2/share/navigation2/maps/warehouse_map.yaml
-- Up-to-date: /home/wyattsher/Desktop/ros2_gazebo/install/navigation2/share/navigation2/maps/warehouse_map.pgm
-- Up-to-date: /home/wyattsher/Desktop/ros2_gazebo/install/navigation2/share/navigation2/rviz
-- Up-to-date: /home/wyattsher/Desktop/ros2_gazebo/install/navigation2/share/navigation2/rviz/go2_nav2.rviz
-- Up-to-date: /home/wyattsher/Desktop/ros2_gazebo/install/navigation2/share/ament_index/resource_index/package_run_dependencies/navigation2
-- Up-to-date: /home/wyattsher/Desktop/ros2_gazebo/install/navigation2/share/ament_index/resource_index/parent_prefix_path/navigation2
-- Up-to-date: /home/wyattsher/Desktop/ros2_gazebo/install/navigation2/share/navigation2/environment/ament_prefix_path.sh
-- Up-to-date: /home/wyattsher/Desktop/ros2_gazebo/install/navigation2/share/navigation2/environment/ament_prefix_path.dsv
-- Up-to-date: /home/wyattsher/Desktop/ros2_gazebo/install/navigation2/share/navigation2/environment/path.sh
-- Up-to-date: /home/wyattsher/Desktop/ros2_gazebo/install/navigation2/share/navigation2/environment/path.dsv
-- Up-to-date: /home/wyattsher/Desktop/ros2_gazebo/install/navigation2/share/navigation2/local_setup.bash
-- Up-to-date: /home/wyattsher/Desktop/ros2_gazebo/install/navigation2/share/navigation2/local_setup.sh
-- Up-to-date: /home/wyattsher/Desktop/ros2_gazebo/install/navigation2/share/navigation2/local_setup.zsh
-- Up-to-date: /home/wyattsher/Desktop/ros2_gazebo/install/navigation2/share/navigation2/local_setup.dsv
-- Installing: /home/wyattsher/Desktop/ros2_gazebo/install/navigation2/share/navigation2/package.dsv
-- Up-to-date: /home/wyattsher/Desktop/ros2_gazebo/install/navigation2/share/ament_index/resource_index/packages/navigation2
-- Up-to-date: /home/wyattsher/Desktop/ros2_gazebo/install/navigation2/share/navigation2/cmake/navigation2Config.cmake
-- Up-to-date: /home/wyattsher/Desktop/ros2_gazebo/install/navigation2/share/navigation2/cmake/navigation2Config-version.cmake
-- Up-to-date: /home/wyattsher/Desktop/ros2_gazebo/install/navigation2/share/navigation2/package.xml
