[0.025s] Invoking command in '/home/wyattsher/Desktop/ros2_gazebo/build/go1_description': CMAKE_PREFIX_PATH=/home/wyattsher/Desktop/ros2_gazebo/install/navigation2:/home/wyattsher/Desktop/ros2_gazebo/install/quadropted_msgs:/home/wyattsher/Desktop/ros2_gazebo/install/quadropted_controller:/home/wyattsher/Desktop/ros2_gazebo/install/go1_description:/home/wyattsher/Desktop/ros2_gazebo/install/gazebo_sim:/home/wyattsher/Desktop/ros2_gazebo/install/go2_description:/home/wyattsher/Desktop/ros2_gazebo/install/cartographer:/home/wyattsher/Desktop/ROS2-Gazebo-GO2/install/quadropted_msgs:/home/wyattsher/Desktop/ROS2-Gazebo-GO2/install/quadropted_controller:/home/wyattsher/Desktop/ROS2-Gazebo-GO2/install/go1_description:/home/wyattsher/Desktop/ROS2-Gazebo-GO2/install/gazebo_sim:/home/wyattsher/Desktop/ROS2-Gazebo-GO2/install/navigation2:/home/wyattsher/Desktop/ROS2-Gazebo-GO2/install/go2_description:/home/wyattsher/Desktop/ROS2-Gazebo-GO2/install/cartographer:/opt/ros/jazzy/opt/gz_sim_vendor:/opt/ros/jazzy/opt/gz_sensors_vendor:/opt/ros/jazzy/opt/gz_physics_vendor:/opt/ros/jazzy/opt/sdformat_vendor:/opt/ros/jazzy/opt/gz_gui_vendor:/opt/ros/jazzy/opt/gz_transport_vendor:/opt/ros/jazzy/opt/gz_rendering_vendor:/opt/ros/jazzy/opt/gz_plugin_vendor:/opt/ros/jazzy/opt/gz_fuel_tools_vendor:/opt/ros/jazzy/opt/gz_msgs_vendor:/opt/ros/jazzy/opt/gz_common_vendor:/opt/ros/jazzy/opt/gz_math_vendor:/opt/ros/jazzy/opt/gz_utils_vendor:/opt/ros/jazzy/opt/gz_tools_vendor:/opt/ros/jazzy/opt/gz_ogre_next_vendor:/opt/ros/jazzy/opt/gz_dartsim_vendor:/opt/ros/jazzy/opt/gz_cmake_vendor:/opt/ros/jazzy DEBUGINFOD_URLS=https://debuginfod.ubuntu.com /usr/bin/cmake --build /home/wyattsher/Desktop/ros2_gazebo/build/go1_description -- -j32 -l32
[0.056s] Invoked command in '/home/wyattsher/Desktop/ros2_gazebo/build/go1_description' returned '0': CMAKE_PREFIX_PATH=/home/wyattsher/Desktop/ros2_gazebo/install/navigation2:/home/wyattsher/Desktop/ros2_gazebo/install/quadropted_msgs:/home/wyattsher/Desktop/ros2_gazebo/install/quadropted_controller:/home/wyattsher/Desktop/ros2_gazebo/install/go1_description:/home/wyattsher/Desktop/ros2_gazebo/install/gazebo_sim:/home/wyattsher/Desktop/ros2_gazebo/install/go2_description:/home/wyattsher/Desktop/ros2_gazebo/install/cartographer:/home/wyattsher/Desktop/ROS2-Gazebo-GO2/install/quadropted_msgs:/home/wyattsher/Desktop/ROS2-Gazebo-GO2/install/quadropted_controller:/home/wyattsher/Desktop/ROS2-Gazebo-GO2/install/go1_description:/home/wyattsher/Desktop/ROS2-Gazebo-GO2/install/gazebo_sim:/home/wyattsher/Desktop/ROS2-Gazebo-GO2/install/navigation2:/home/wyattsher/Desktop/ROS2-Gazebo-GO2/install/go2_description:/home/wyattsher/Desktop/ROS2-Gazebo-GO2/install/cartographer:/opt/ros/jazzy/opt/gz_sim_vendor:/opt/ros/jazzy/opt/gz_sensors_vendor:/opt/ros/jazzy/opt/gz_physics_vendor:/opt/ros/jazzy/opt/sdformat_vendor:/opt/ros/jazzy/opt/gz_gui_vendor:/opt/ros/jazzy/opt/gz_transport_vendor:/opt/ros/jazzy/opt/gz_rendering_vendor:/opt/ros/jazzy/opt/gz_plugin_vendor:/opt/ros/jazzy/opt/gz_fuel_tools_vendor:/opt/ros/jazzy/opt/gz_msgs_vendor:/opt/ros/jazzy/opt/gz_common_vendor:/opt/ros/jazzy/opt/gz_math_vendor:/opt/ros/jazzy/opt/gz_utils_vendor:/opt/ros/jazzy/opt/gz_tools_vendor:/opt/ros/jazzy/opt/gz_ogre_next_vendor:/opt/ros/jazzy/opt/gz_dartsim_vendor:/opt/ros/jazzy/opt/gz_cmake_vendor:/opt/ros/jazzy DEBUGINFOD_URLS=https://debuginfod.ubuntu.com /usr/bin/cmake --build /home/wyattsher/Desktop/ros2_gazebo/build/go1_description -- -j32 -l32
[0.057s] Invoking command in '/home/wyattsher/Desktop/ros2_gazebo/build/go1_description': CMAKE_PREFIX_PATH=/home/wyattsher/Desktop/ros2_gazebo/install/navigation2:/home/wyattsher/Desktop/ros2_gazebo/install/quadropted_msgs:/home/wyattsher/Desktop/ros2_gazebo/install/quadropted_controller:/home/wyattsher/Desktop/ros2_gazebo/install/go1_description:/home/wyattsher/Desktop/ros2_gazebo/install/gazebo_sim:/home/wyattsher/Desktop/ros2_gazebo/install/go2_description:/home/wyattsher/Desktop/ros2_gazebo/install/cartographer:/home/wyattsher/Desktop/ROS2-Gazebo-GO2/install/quadropted_msgs:/home/wyattsher/Desktop/ROS2-Gazebo-GO2/install/quadropted_controller:/home/wyattsher/Desktop/ROS2-Gazebo-GO2/install/go1_description:/home/wyattsher/Desktop/ROS2-Gazebo-GO2/install/gazebo_sim:/home/wyattsher/Desktop/ROS2-Gazebo-GO2/install/navigation2:/home/wyattsher/Desktop/ROS2-Gazebo-GO2/install/go2_description:/home/wyattsher/Desktop/ROS2-Gazebo-GO2/install/cartographer:/opt/ros/jazzy/opt/gz_sim_vendor:/opt/ros/jazzy/opt/gz_sensors_vendor:/opt/ros/jazzy/opt/gz_physics_vendor:/opt/ros/jazzy/opt/sdformat_vendor:/opt/ros/jazzy/opt/gz_gui_vendor:/opt/ros/jazzy/opt/gz_transport_vendor:/opt/ros/jazzy/opt/gz_rendering_vendor:/opt/ros/jazzy/opt/gz_plugin_vendor:/opt/ros/jazzy/opt/gz_fuel_tools_vendor:/opt/ros/jazzy/opt/gz_msgs_vendor:/opt/ros/jazzy/opt/gz_common_vendor:/opt/ros/jazzy/opt/gz_math_vendor:/opt/ros/jazzy/opt/gz_utils_vendor:/opt/ros/jazzy/opt/gz_tools_vendor:/opt/ros/jazzy/opt/gz_ogre_next_vendor:/opt/ros/jazzy/opt/gz_dartsim_vendor:/opt/ros/jazzy/opt/gz_cmake_vendor:/opt/ros/jazzy DEBUGINFOD_URLS=https://debuginfod.ubuntu.com /usr/bin/cmake --install /home/wyattsher/Desktop/ros2_gazebo/build/go1_description
[0.065s] -- Install configuration: ""
[0.066s] -- Up-to-date: /home/wyattsher/Desktop/ros2_gazebo/install/go1_description/share/go1_description//meshes
[0.066s] -- Up-to-date: /home/wyattsher/Desktop/ros2_gazebo/install/go1_description/share/go1_description//meshes/thigh.dae
[0.066s] -- Up-to-date: /home/wyattsher/Desktop/ros2_gazebo/install/go1_description/share/go1_description//meshes/calf.dae
[0.066s] -- Up-to-date: /home/wyattsher/Desktop/ros2_gazebo/install/go1_description/share/go1_description//meshes/depthCamera.dae
[0.066s] -- Up-to-date: /home/wyattsher/Desktop/ros2_gazebo/install/go1_description/share/go1_description//meshes/thigh_mirror.dae
[0.066s] -- Up-to-date: /home/wyattsher/Desktop/ros2_gazebo/install/go1_description/share/go1_description//meshes/trunk.dae
[0.066s] -- Up-to-date: /home/wyattsher/Desktop/ros2_gazebo/install/go1_description/share/go1_description//meshes/hip.dae
[0.066s] -- Up-to-date: /home/wyattsher/Desktop/ros2_gazebo/install/go1_description/share/go1_description//meshes/ultraSound.dae
[0.066s] -- Up-to-date: /home/wyattsher/Desktop/ros2_gazebo/install/go1_description/share/go1_description//config
[0.067s] -- Up-to-date: /home/wyattsher/Desktop/ros2_gazebo/install/go1_description/share/go1_description//config/robot_control.yaml
[0.067s] -- Up-to-date: /home/wyattsher/Desktop/ros2_gazebo/install/go1_description/share/go1_description//config/gz_bridge.yaml
[0.067s] -- Up-to-date: /home/wyattsher/Desktop/ros2_gazebo/install/go1_description/share/go1_description//config/gaz_ros2_ctl_use_sim.yaml
[0.067s] -- Up-to-date: /home/wyattsher/Desktop/ros2_gazebo/install/go1_description/share/go1_description//xacro
[0.067s] -- Up-to-date: /home/wyattsher/Desktop/ros2_gazebo/install/go1_description/share/go1_description//xacro/robot.xacro
[0.067s] -- Up-to-date: /home/wyattsher/Desktop/ros2_gazebo/install/go1_description/share/go1_description//xacro/transmission.xacro
[0.067s] -- Up-to-date: /home/wyattsher/Desktop/ros2_gazebo/install/go1_description/share/go1_description//xacro/leg.xacro
[0.067s] -- Up-to-date: /home/wyattsher/Desktop/ros2_gazebo/install/go1_description/share/go1_description//xacro/depthCamera.xacro
[0.067s] -- Up-to-date: /home/wyattsher/Desktop/ros2_gazebo/install/go1_description/share/go1_description//xacro/ultraSound.xacro
[0.067s] -- Up-to-date: /home/wyattsher/Desktop/ros2_gazebo/install/go1_description/share/go1_description//xacro/materials.xacro
[0.067s] -- Up-to-date: /home/wyattsher/Desktop/ros2_gazebo/install/go1_description/share/go1_description//xacro/const.xacro
[0.067s] -- Up-to-date: /home/wyattsher/Desktop/ros2_gazebo/install/go1_description/share/go1_description//xacro/gazebo.xacro
[0.067s] -- Up-to-date: /home/wyattsher/Desktop/ros2_gazebo/install/go1_description/share/go1_description//launch
[0.068s] -- Up-to-date: /home/wyattsher/Desktop/ros2_gazebo/install/go1_description/share/go1_description//launch/joints_move.launch.py
[0.068s] -- Up-to-date: /home/wyattsher/Desktop/ros2_gazebo/install/go1_description/share/go1_description//launch/launch_sim.launch.py
[0.068s] -- Up-to-date: /home/wyattsher/Desktop/ros2_gazebo/install/go1_description/share/ament_index/resource_index/package_run_dependencies/go1_description
[0.068s] -- Up-to-date: /home/wyattsher/Desktop/ros2_gazebo/install/go1_description/share/ament_index/resource_index/parent_prefix_path/go1_description
[0.068s] -- Up-to-date: /home/wyattsher/Desktop/ros2_gazebo/install/go1_description/share/go1_description/environment/ament_prefix_path.sh
[0.068s] -- Up-to-date: /home/wyattsher/Desktop/ros2_gazebo/install/go1_description/share/go1_description/environment/ament_prefix_path.dsv
[0.068s] -- Up-to-date: /home/wyattsher/Desktop/ros2_gazebo/install/go1_description/share/go1_description/environment/path.sh
[0.068s] -- Up-to-date: /home/wyattsher/Desktop/ros2_gazebo/install/go1_description/share/go1_description/environment/path.dsv
[0.068s] -- Up-to-date: /home/wyattsher/Desktop/ros2_gazebo/install/go1_description/share/go1_description/local_setup.bash
[0.068s] -- Up-to-date: /home/wyattsher/Desktop/ros2_gazebo/install/go1_description/share/go1_description/local_setup.sh
[0.068s] -- Up-to-date: /home/wyattsher/Desktop/ros2_gazebo/install/go1_description/share/go1_description/local_setup.zsh
[0.068s] -- Up-to-date: /home/wyattsher/Desktop/ros2_gazebo/install/go1_description/share/go1_description/local_setup.dsv
[0.068s] -- Installing: /home/wyattsher/Desktop/ros2_gazebo/install/go1_description/share/go1_description/package.dsv
[0.068s] -- Up-to-date: /home/wyattsher/Desktop/ros2_gazebo/install/go1_description/share/ament_index/resource_index/packages/go1_description
[0.068s] -- Up-to-date: /home/wyattsher/Desktop/ros2_gazebo/install/go1_description/share/go1_description/cmake/go1_descriptionConfig.cmake
[0.068s] -- Up-to-date: /home/wyattsher/Desktop/ros2_gazebo/install/go1_description/share/go1_description/cmake/go1_descriptionConfig-version.cmake
[0.068s] -- Up-to-date: /home/wyattsher/Desktop/ros2_gazebo/install/go1_description/share/go1_description/package.xml
[0.073s] Invoked command in '/home/wyattsher/Desktop/ros2_gazebo/build/go1_description' returned '0': CMAKE_PREFIX_PATH=/home/wyattsher/Desktop/ros2_gazebo/install/navigation2:/home/wyattsher/Desktop/ros2_gazebo/install/quadropted_msgs:/home/wyattsher/Desktop/ros2_gazebo/install/quadropted_controller:/home/wyattsher/Desktop/ros2_gazebo/install/go1_description:/home/wyattsher/Desktop/ros2_gazebo/install/gazebo_sim:/home/wyattsher/Desktop/ros2_gazebo/install/go2_description:/home/wyattsher/Desktop/ros2_gazebo/install/cartographer:/home/wyattsher/Desktop/ROS2-Gazebo-GO2/install/quadropted_msgs:/home/wyattsher/Desktop/ROS2-Gazebo-GO2/install/quadropted_controller:/home/wyattsher/Desktop/ROS2-Gazebo-GO2/install/go1_description:/home/wyattsher/Desktop/ROS2-Gazebo-GO2/install/gazebo_sim:/home/wyattsher/Desktop/ROS2-Gazebo-GO2/install/navigation2:/home/wyattsher/Desktop/ROS2-Gazebo-GO2/install/go2_description:/home/wyattsher/Desktop/ROS2-Gazebo-GO2/install/cartographer:/opt/ros/jazzy/opt/gz_sim_vendor:/opt/ros/jazzy/opt/gz_sensors_vendor:/opt/ros/jazzy/opt/gz_physics_vendor:/opt/ros/jazzy/opt/sdformat_vendor:/opt/ros/jazzy/opt/gz_gui_vendor:/opt/ros/jazzy/opt/gz_transport_vendor:/opt/ros/jazzy/opt/gz_rendering_vendor:/opt/ros/jazzy/opt/gz_plugin_vendor:/opt/ros/jazzy/opt/gz_fuel_tools_vendor:/opt/ros/jazzy/opt/gz_msgs_vendor:/opt/ros/jazzy/opt/gz_common_vendor:/opt/ros/jazzy/opt/gz_math_vendor:/opt/ros/jazzy/opt/gz_utils_vendor:/opt/ros/jazzy/opt/gz_tools_vendor:/opt/ros/jazzy/opt/gz_ogre_next_vendor:/opt/ros/jazzy/opt/gz_dartsim_vendor:/opt/ros/jazzy/opt/gz_cmake_vendor:/opt/ros/jazzy DEBUGINFOD_URLS=https://debuginfod.ubuntu.com /usr/bin/cmake --install /home/wyattsher/Desktop/ros2_gazebo/build/go1_description
