-- The C compiler identification is GNU 13.3.0
-- The CXX compiler identification is GNU 13.3.0
-- Detecting C compiler ABI info
-- Detecting C compiler ABI info - done
-- Check for working C compiler: /usr/bin/cc - skipped
-- Detecting C compile features
-- Detecting C compile features - done
-- Detecting CXX compiler ABI info
-- Detecting CXX compiler ABI info - done
-- Check for working CXX compiler: /usr/bin/c++ - skipped
-- Detecting CXX compile features
-- Detecting CXX compile features - done
-- Found ament_cmake: 2.5.5 (/opt/ros/jazzy/share/ament_cmake/cmake)
-- Found Python3: /usr/bin/python3 (found version "3.12.3") found components: Interpreter 
-- Found geometry_msgs: 5.3.6 (/opt/ros/jazzy/share/geometry_msgs/cmake)
-- Found rosidl_generator_c: 4.6.7 (/opt/ros/jazzy/share/rosidl_generator_c/cmake)
-- Found rosidl_generator_cpp: 4.6.7 (/opt/ros/jazzy/share/rosidl_generator_cpp/cmake)
-- Using all available rosidl_typesupport_c: rosidl_typesupport_fastrtps_c;rosidl_typesupport_introspection_c
-- Using all available rosidl_typesupport_cpp: rosidl_typesupport_fastrtps_cpp;rosidl_typesupport_introspection_cpp
-- Found rosidl_default_generators: 1.6.0 (/opt/ros/jazzy/share/rosidl_default_generators/cmake)
-- Found rosidl_adapter: 4.6.7 (/opt/ros/jazzy/share/rosidl_adapter/cmake)
-- Found ament_cmake_ros: 0.12.0 (/opt/ros/jazzy/share/ament_cmake_ros/cmake)
-- Using all available rosidl_typesupport_c: rosidl_typesupport_fastrtps_c;rosidl_typesupport_introspection_c
-- Using all available rosidl_typesupport_cpp: rosidl_typesupport_fastrtps_cpp;rosidl_typesupport_introspection_cpp
-- Found python_cmake_module: 0.11.1 (/opt/ros/jazzy/share/python_cmake_module/cmake)
-- Found PythonExtra: /usr/bin/python3  
-- Found Python3: /usr/bin/python3 (found version "3.12.3") found components: Interpreter Development NumPy Development.Module Development.Embed 
-- Found ament_lint_auto: 0.17.4 (/opt/ros/jazzy/share/ament_lint_auto/cmake)
-- Added test 'lint_cmake' to check CMake code style
-- Added test 'xmllint' to check XML markup files
-- Configuring done (2.0s)
-- Generating done (0.0s)
-- Build files have been written to: /home/wyattsher/Desktop/ros2_gazebo/build/quadropted_msgs
[  1%] [34m[1mGenerating type hashes for ROS interfaces[0m
[  1%] Built target ament_cmake_python_copy_quadropted_msgs
running egg_info
creating quadropted_msgs.egg-info
writing quadropted_msgs.egg-info/PKG-INFO
writing dependency_links to quadropted_msgs.egg-info/dependency_links.txt
writing top-level names to quadropted_msgs.egg-info/top_level.txt
writing manifest file 'quadropted_msgs.egg-info/SOURCES.txt'
reading manifest file 'quadropted_msgs.egg-info/SOURCES.txt'
writing manifest file 'quadropted_msgs.egg-info/SOURCES.txt'
[  1%] Built target ament_cmake_python_build_quadropted_msgs_egg
[  1%] Built target quadropted_msgs__rosidl_generator_type_description
[  2%] [34m[1mGenerating C code for ROS interfaces[0m
[  4%] [34m[1mGenerating C++ code for ROS interfaces[0m
[  4%] Built target quadropted_msgs__cpp
[  5%] [32mBuilding C object CMakeFiles/quadropted_msgs__rosidl_generator_c.dir/rosidl_generator_c/quadropted_msgs/msg/detail/robot_velocity__description.c.o[0m
[  6%] [32mBuilding C object CMakeFiles/quadropted_msgs__rosidl_generator_c.dir/rosidl_generator_c/quadropted_msgs/msg/detail/robot_velocity__functions.c.o[0m
[  8%] [32mBuilding C object CMakeFiles/quadropted_msgs__rosidl_generator_c.dir/rosidl_generator_c/quadropted_msgs/msg/detail/robot_gait_command__description.c.o[0m
[ 13%] [32mBuilding C object CMakeFiles/quadropted_msgs__rosidl_generator_c.dir/rosidl_generator_c/quadropted_msgs/msg/detail/robot_velocity__type_support.c.o[0m
[ 13%] [32mBuilding C object CMakeFiles/quadropted_msgs__rosidl_generator_c.dir/rosidl_generator_c/quadropted_msgs/msg/detail/robot_gait_command__functions.c.o[0m
[ 13%] [32mBuilding C object CMakeFiles/quadropted_msgs__rosidl_generator_c.dir/rosidl_generator_c/quadropted_msgs/msg/detail/robot_gait_command__type_support.c.o[0m
[ 13%] [32mBuilding C object CMakeFiles/quadropted_msgs__rosidl_generator_c.dir/rosidl_generator_c/quadropted_msgs/msg/detail/robot_mode_command__description.c.o[0m
[ 14%] [32mBuilding C object CMakeFiles/quadropted_msgs__rosidl_generator_c.dir/rosidl_generator_c/quadropted_msgs/msg/detail/robot_mode_command__functions.c.o[0m
[ 16%] [32mBuilding C object CMakeFiles/quadropted_msgs__rosidl_generator_c.dir/rosidl_generator_c/quadropted_msgs/msg/detail/robot_mode_command__type_support.c.o[0m
[ 17%] [32mBuilding C object CMakeFiles/quadropted_msgs__rosidl_generator_c.dir/rosidl_generator_c/quadropted_msgs/msg/detail/robot_foot_contact__description.c.o[0m
[ 20%] [32mBuilding C object CMakeFiles/quadropted_msgs__rosidl_generator_c.dir/rosidl_generator_c/quadropted_msgs/msg/detail/robot_foot_contact__functions.c.o[0m
[ 20%] [32mBuilding C object CMakeFiles/quadropted_msgs__rosidl_generator_c.dir/rosidl_generator_c/quadropted_msgs/msg/detail/robot_foot_contact__type_support.c.o[0m
[ 24%] [32mBuilding C object CMakeFiles/quadropted_msgs__rosidl_generator_c.dir/rosidl_generator_c/quadropted_msgs/srv/detail/robot_behavior_command__description.c.o[0m
[ 24%] [32mBuilding C object CMakeFiles/quadropted_msgs__rosidl_generator_c.dir/rosidl_generator_c/quadropted_msgs/srv/detail/robot_behavior_command__functions.c.o[0m
[ 24%] [32mBuilding C object CMakeFiles/quadropted_msgs__rosidl_generator_c.dir/rosidl_generator_c/quadropted_msgs/srv/detail/robot_behavior_command__type_support.c.o[0m
[ 25%] [32m[1mLinking C shared library libquadropted_msgs__rosidl_generator_c.so[0m
[ 25%] Built target quadropted_msgs__rosidl_generator_c
[ 28%] [34m[1mGenerating C++ type support dispatch for ROS interfaces[0m
[ 28%] [34m[1mGenerating C++ type support for eProsima Fast-RTPS[0m
[ 29%] [34m[1mGenerating C type support for eProsima Fast-RTPS[0m
[ 31%] [34m[1mGenerating C introspection for ROS interfaces[0m
[ 32%] [34m[1mGenerating C type support dispatch for ROS interfaces[0m
[ 33%] [34m[1mGenerating C++ introspection for ROS interfaces[0m
[ 35%] [32mBuilding CXX object CMakeFiles/quadropted_msgs__rosidl_typesupport_cpp.dir/rosidl_typesupport_cpp/quadropted_msgs/msg/robot_gait_command__type_support.cpp.o[0m
[ 36%] [32mBuilding CXX object CMakeFiles/quadropted_msgs__rosidl_typesupport_cpp.dir/rosidl_typesupport_cpp/quadropted_msgs/msg/robot_mode_command__type_support.cpp.o[0m
[ 39%] [32mBuilding CXX object CMakeFiles/quadropted_msgs__rosidl_typesupport_cpp.dir/rosidl_typesupport_cpp/quadropted_msgs/msg/robot_velocity__type_support.cpp.o[0m
[ 39%] [32mBuilding CXX object CMakeFiles/quadropted_msgs__rosidl_typesupport_cpp.dir/rosidl_typesupport_cpp/quadropted_msgs/msg/robot_foot_contact__type_support.cpp.o[0m
[ 40%] [32mBuilding CXX object CMakeFiles/quadropted_msgs__rosidl_typesupport_cpp.dir/rosidl_typesupport_cpp/quadropted_msgs/srv/robot_behavior_command__type_support.cpp.o[0m
[ 43%] [32mBuilding CXX object CMakeFiles/quadropted_msgs__rosidl_typesupport_c.dir/rosidl_typesupport_c/quadropted_msgs/msg/robot_velocity__type_support.cpp.o[0m
[ 43%] [32mBuilding CXX object CMakeFiles/quadropted_msgs__rosidl_typesupport_c.dir/rosidl_typesupport_c/quadropted_msgs/msg/robot_mode_command__type_support.cpp.o[0m
[ 44%] [32mBuilding CXX object CMakeFiles/quadropted_msgs__rosidl_typesupport_c.dir/rosidl_typesupport_c/quadropted_msgs/msg/robot_gait_command__type_support.cpp.o[0m
[ 45%] [32mBuilding CXX object CMakeFiles/quadropted_msgs__rosidl_typesupport_c.dir/rosidl_typesupport_c/quadropted_msgs/msg/robot_foot_contact__type_support.cpp.o[0m
[ 47%] [32mBuilding CXX object CMakeFiles/quadropted_msgs__rosidl_typesupport_c.dir/rosidl_typesupport_c/quadropted_msgs/srv/robot_behavior_command__type_support.cpp.o[0m
[ 48%] [32mBuilding CXX object CMakeFiles/quadropted_msgs__rosidl_typesupport_introspection_cpp.dir/rosidl_typesupport_introspection_cpp/quadropted_msgs/msg/detail/robot_gait_command__type_support.cpp.o[0m
[ 50%] [32mBuilding CXX object CMakeFiles/quadropted_msgs__rosidl_typesupport_introspection_cpp.dir/rosidl_typesupport_introspection_cpp/quadropted_msgs/msg/detail/robot_foot_contact__type_support.cpp.o[0m
[ 51%] [32mBuilding CXX object CMakeFiles/quadropted_msgs__rosidl_typesupport_introspection_cpp.dir/rosidl_typesupport_introspection_cpp/quadropted_msgs/srv/detail/robot_behavior_command__type_support.cpp.o[0m
[ 54%] [32mBuilding CXX object CMakeFiles/quadropted_msgs__rosidl_typesupport_introspection_cpp.dir/rosidl_typesupport_introspection_cpp/quadropted_msgs/msg/detail/robot_mode_command__type_support.cpp.o[0m
[ 54%] [32mBuilding CXX object CMakeFiles/quadropted_msgs__rosidl_typesupport_introspection_cpp.dir/rosidl_typesupport_introspection_cpp/quadropted_msgs/msg/detail/robot_velocity__type_support.cpp.o[0m
[ 55%] [32mBuilding C object CMakeFiles/quadropted_msgs__rosidl_typesupport_introspection_c.dir/rosidl_typesupport_introspection_c/quadropted_msgs/msg/detail/robot_foot_contact__type_support.c.o[0m
[ 59%] [32m[1mLinking CXX shared library libquadropted_msgs__rosidl_typesupport_c.so[0m
[ 59%] [32mBuilding C object CMakeFiles/quadropted_msgs__rosidl_typesupport_introspection_c.dir/rosidl_typesupport_introspection_c/quadropted_msgs/msg/detail/robot_velocity__type_support.c.o[0m
[ 59%] [32mBuilding C object CMakeFiles/quadropted_msgs__rosidl_typesupport_introspection_c.dir/rosidl_typesupport_introspection_c/quadropted_msgs/msg/detail/robot_gait_command__type_support.c.o[0m
[ 60%] [32mBuilding C object CMakeFiles/quadropted_msgs__rosidl_typesupport_introspection_c.dir/rosidl_typesupport_introspection_c/quadropted_msgs/msg/detail/robot_mode_command__type_support.c.o[0m
[ 62%] [32mBuilding C object CMakeFiles/quadropted_msgs__rosidl_typesupport_introspection_c.dir/rosidl_typesupport_introspection_c/quadropted_msgs/srv/detail/robot_behavior_command__type_support.c.o[0m
[ 63%] [32m[1mLinking C shared library libquadropted_msgs__rosidl_typesupport_introspection_c.so[0m
[ 63%] Built target quadropted_msgs__rosidl_typesupport_c
[ 67%] [32mBuilding CXX object CMakeFiles/quadropted_msgs__rosidl_typesupport_fastrtps_cpp.dir/rosidl_typesupport_fastrtps_cpp/quadropted_msgs/msg/detail/dds_fastrtps/robot_gait_command__type_support.cpp.o[0m
[ 67%] [32mBuilding CXX object CMakeFiles/quadropted_msgs__rosidl_typesupport_fastrtps_cpp.dir/rosidl_typesupport_fastrtps_cpp/quadropted_msgs/msg/detail/dds_fastrtps/robot_mode_command__type_support.cpp.o[0m
[ 67%] [32mBuilding CXX object CMakeFiles/quadropted_msgs__rosidl_typesupport_fastrtps_cpp.dir/rosidl_typesupport_fastrtps_cpp/quadropted_msgs/msg/detail/dds_fastrtps/robot_velocity__type_support.cpp.o[0m
[ 68%] [32mBuilding CXX object CMakeFiles/quadropted_msgs__rosidl_typesupport_fastrtps_cpp.dir/rosidl_typesupport_fastrtps_cpp/quadropted_msgs/msg/detail/dds_fastrtps/robot_foot_contact__type_support.cpp.o[0m
[ 70%] [32mBuilding CXX object CMakeFiles/quadropted_msgs__rosidl_typesupport_fastrtps_cpp.dir/rosidl_typesupport_fastrtps_cpp/quadropted_msgs/srv/detail/dds_fastrtps/robot_behavior_command__type_support.cpp.o[0m
[ 70%] Built target quadropted_msgs__rosidl_typesupport_introspection_c
[ 71%] [32mBuilding CXX object CMakeFiles/quadropted_msgs__rosidl_typesupport_fastrtps_c.dir/rosidl_typesupport_fastrtps_c/quadropted_msgs/msg/detail/robot_gait_command__type_support_c.cpp.o[0m
[ 72%] [32mBuilding CXX object CMakeFiles/quadropted_msgs__rosidl_typesupport_fastrtps_c.dir/rosidl_typesupport_fastrtps_c/quadropted_msgs/msg/detail/robot_mode_command__type_support_c.cpp.o[0m
[ 75%] [32mBuilding CXX object CMakeFiles/quadropted_msgs__rosidl_typesupport_fastrtps_c.dir/rosidl_typesupport_fastrtps_c/quadropted_msgs/msg/detail/robot_foot_contact__type_support_c.cpp.o[0m
[ 75%] [32mBuilding CXX object CMakeFiles/quadropted_msgs__rosidl_typesupport_fastrtps_c.dir/rosidl_typesupport_fastrtps_c/quadropted_msgs/msg/detail/robot_velocity__type_support_c.cpp.o[0m
[ 77%] [32mBuilding CXX object CMakeFiles/quadropted_msgs__rosidl_typesupport_fastrtps_c.dir/rosidl_typesupport_fastrtps_c/quadropted_msgs/srv/detail/robot_behavior_command__type_support_c.cpp.o[0m
[ 78%] [32m[1mLinking CXX shared library libquadropted_msgs__rosidl_typesupport_cpp.so[0m
[ 79%] [32m[1mLinking CXX shared library libquadropted_msgs__rosidl_typesupport_introspection_cpp.so[0m
[ 79%] Built target quadropted_msgs__rosidl_typesupport_cpp
[ 79%] Built target quadropted_msgs__rosidl_typesupport_introspection_cpp
[ 81%] [32m[1mLinking CXX shared library libquadropted_msgs__rosidl_typesupport_fastrtps_c.so[0m
[ 82%] [32m[1mLinking CXX shared library libquadropted_msgs__rosidl_typesupport_fastrtps_cpp.so[0m
[ 82%] Built target quadropted_msgs__rosidl_typesupport_fastrtps_c
[ 82%] Built target quadropted_msgs__rosidl_typesupport_fastrtps_cpp
[ 82%] Built target quadropted_msgs
[ 83%] [34m[1mGenerating Python code for ROS interfaces[0m
[ 83%] Built target quadropted_msgs__py
[ 87%] [32mBuilding C object CMakeFiles/quadropted_msgs__rosidl_generator_py.dir/rosidl_generator_py/quadropted_msgs/msg/_robot_velocity_s.c.o[0m
[ 87%] [32mBuilding C object CMakeFiles/quadropted_msgs__rosidl_generator_py.dir/rosidl_generator_py/quadropted_msgs/msg/_robot_mode_command_s.c.o[0m
[ 87%] [32mBuilding C object CMakeFiles/quadropted_msgs__rosidl_generator_py.dir/rosidl_generator_py/quadropted_msgs/msg/_robot_gait_command_s.c.o[0m
[ 89%] [32mBuilding C object CMakeFiles/quadropted_msgs__rosidl_generator_py.dir/rosidl_generator_py/quadropted_msgs/msg/_robot_foot_contact_s.c.o[0m
[ 90%] [32mBuilding C object CMakeFiles/quadropted_msgs__rosidl_generator_py.dir/rosidl_generator_py/quadropted_msgs/srv/_robot_behavior_command_s.c.o[0m
[ 91%] [32m[1mLinking C shared library libquadropted_msgs__rosidl_generator_py.so[0m
[ 91%] Built target quadropted_msgs__rosidl_generator_py
[ 93%] [32mBuilding C object CMakeFiles/quadropted_msgs_s__rosidl_typesupport_c.dir/rosidl_generator_py/quadropted_msgs/_quadropted_msgs_s.ep.rosidl_typesupport_c.c.o[0m
[ 95%] [32mBuilding C object CMakeFiles/quadropted_msgs_s__rosidl_typesupport_introspection_c.dir/rosidl_generator_py/quadropted_msgs/_quadropted_msgs_s.ep.rosidl_typesupport_introspection_c.c.o[0m
[ 95%] [32mBuilding C object CMakeFiles/quadropted_msgs_s__rosidl_typesupport_fastrtps_c.dir/rosidl_generator_py/quadropted_msgs/_quadropted_msgs_s.ep.rosidl_typesupport_fastrtps_c.c.o[0m
[ 97%] [32m[1mLinking C shared module rosidl_generator_py/quadropted_msgs/quadropted_msgs_s__rosidl_typesupport_introspection_c.so[0m
[ 98%] [32m[1mLinking C shared module rosidl_generator_py/quadropted_msgs/quadropted_msgs_s__rosidl_typesupport_c.so[0m
[100%] [32m[1mLinking C shared module rosidl_generator_py/quadropted_msgs/quadropted_msgs_s__rosidl_typesupport_fastrtps_c.so[0m
[100%] Built target quadropted_msgs_s__rosidl_typesupport_introspection_c
[100%] Built target quadropted_msgs_s__rosidl_typesupport_c
[100%] Built target quadropted_msgs_s__rosidl_typesupport_fastrtps_c
-- Install configuration: ""
-- Installing: /home/wyattsher/Desktop/ros2_gazebo/install/quadropted_msgs/share/ament_index/resource_index/rosidl_interfaces/quadropted_msgs
-- Installing: /home/wyattsher/Desktop/ros2_gazebo/install/quadropted_msgs/share/quadropted_msgs/msg/RobotVelocity.json
-- Installing: /home/wyattsher/Desktop/ros2_gazebo/install/quadropted_msgs/share/quadropted_msgs/msg/RobotGaitCommand.json
-- Installing: /home/wyattsher/Desktop/ros2_gazebo/install/quadropted_msgs/share/quadropted_msgs/msg/RobotModeCommand.json
-- Installing: /home/wyattsher/Desktop/ros2_gazebo/install/quadropted_msgs/share/quadropted_msgs/msg/RobotFootContact.json
-- Installing: /home/wyattsher/Desktop/ros2_gazebo/install/quadropted_msgs/share/quadropted_msgs/srv/RobotBehaviorCommand.json
-- Installing: /home/wyattsher/Desktop/ros2_gazebo/install/quadropted_msgs/include/quadropted_msgs/quadropted_msgs
-- Installing: /home/wyattsher/Desktop/ros2_gazebo/install/quadropted_msgs/include/quadropted_msgs/quadropted_msgs/srv
-- Installing: /home/wyattsher/Desktop/ros2_gazebo/install/quadropted_msgs/include/quadropted_msgs/quadropted_msgs/srv/robot_behavior_command.h
-- Installing: /home/wyattsher/Desktop/ros2_gazebo/install/quadropted_msgs/include/quadropted_msgs/quadropted_msgs/srv/detail
-- Installing: /home/wyattsher/Desktop/ros2_gazebo/install/quadropted_msgs/include/quadropted_msgs/quadropted_msgs/srv/detail/robot_behavior_command__type_support.c
-- Installing: /home/wyattsher/Desktop/ros2_gazebo/install/quadropted_msgs/include/quadropted_msgs/quadropted_msgs/srv/detail/robot_behavior_command__type_support.h
-- Installing: /home/wyattsher/Desktop/ros2_gazebo/install/quadropted_msgs/include/quadropted_msgs/quadropted_msgs/srv/detail/robot_behavior_command__functions.h
-- Installing: /home/wyattsher/Desktop/ros2_gazebo/install/quadropted_msgs/include/quadropted_msgs/quadropted_msgs/srv/detail/robot_behavior_command__struct.h
-- Installing: /home/wyattsher/Desktop/ros2_gazebo/install/quadropted_msgs/include/quadropted_msgs/quadropted_msgs/srv/detail/robot_behavior_command__functions.c
-- Installing: /home/wyattsher/Desktop/ros2_gazebo/install/quadropted_msgs/include/quadropted_msgs/quadropted_msgs/srv/detail/robot_behavior_command__description.c
-- Installing: /home/wyattsher/Desktop/ros2_gazebo/install/quadropted_msgs/include/quadropted_msgs/quadropted_msgs/msg
-- Installing: /home/wyattsher/Desktop/ros2_gazebo/install/quadropted_msgs/include/quadropted_msgs/quadropted_msgs/msg/robot_gait_command.h
-- Installing: /home/wyattsher/Desktop/ros2_gazebo/install/quadropted_msgs/include/quadropted_msgs/quadropted_msgs/msg/rosidl_generator_c__visibility_control.h
-- Installing: /home/wyattsher/Desktop/ros2_gazebo/install/quadropted_msgs/include/quadropted_msgs/quadropted_msgs/msg/robot_velocity.h
-- Installing: /home/wyattsher/Desktop/ros2_gazebo/install/quadropted_msgs/include/quadropted_msgs/quadropted_msgs/msg/robot_mode_command.h
-- Installing: /home/wyattsher/Desktop/ros2_gazebo/install/quadropted_msgs/include/quadropted_msgs/quadropted_msgs/msg/robot_foot_contact.h
-- Installing: /home/wyattsher/Desktop/ros2_gazebo/install/quadropted_msgs/include/quadropted_msgs/quadropted_msgs/msg/detail
-- Installing: /home/wyattsher/Desktop/ros2_gazebo/install/quadropted_msgs/include/quadropted_msgs/quadropted_msgs/msg/detail/robot_gait_command__functions.h
-- Installing: /home/wyattsher/Desktop/ros2_gazebo/install/quadropted_msgs/include/quadropted_msgs/quadropted_msgs/msg/detail/robot_gait_command__functions.c
-- Installing: /home/wyattsher/Desktop/ros2_gazebo/install/quadropted_msgs/include/quadropted_msgs/quadropted_msgs/msg/detail/robot_gait_command__type_support.h
-- Installing: /home/wyattsher/Desktop/ros2_gazebo/install/quadropted_msgs/include/quadropted_msgs/quadropted_msgs/msg/detail/robot_foot_contact__functions.c
-- Installing: /home/wyattsher/Desktop/ros2_gazebo/install/quadropted_msgs/include/quadropted_msgs/quadropted_msgs/msg/detail/robot_velocity__type_support.c
-- Installing: /home/wyattsher/Desktop/ros2_gazebo/install/quadropted_msgs/include/quadropted_msgs/quadropted_msgs/msg/detail/robot_gait_command__struct.h
-- Installing: /home/wyattsher/Desktop/ros2_gazebo/install/quadropted_msgs/include/quadropted_msgs/quadropted_msgs/msg/detail/robot_mode_command__type_support.c
-- Installing: /home/wyattsher/Desktop/ros2_gazebo/install/quadropted_msgs/include/quadropted_msgs/quadropted_msgs/msg/detail/robot_velocity__type_support.h
-- Installing: /home/wyattsher/Desktop/ros2_gazebo/install/quadropted_msgs/include/quadropted_msgs/quadropted_msgs/msg/detail/robot_velocity__functions.h
-- Installing: /home/wyattsher/Desktop/ros2_gazebo/install/quadropted_msgs/include/quadropted_msgs/quadropted_msgs/msg/detail/robot_gait_command__description.c
-- Installing: /home/wyattsher/Desktop/ros2_gazebo/install/quadropted_msgs/include/quadropted_msgs/quadropted_msgs/msg/detail/robot_gait_command__type_support.c
-- Installing: /home/wyattsher/Desktop/ros2_gazebo/install/quadropted_msgs/include/quadropted_msgs/quadropted_msgs/msg/detail/robot_mode_command__functions.c
-- Installing: /home/wyattsher/Desktop/ros2_gazebo/install/quadropted_msgs/include/quadropted_msgs/quadropted_msgs/msg/detail/robot_foot_contact__functions.h
-- Installing: /home/wyattsher/Desktop/ros2_gazebo/install/quadropted_msgs/include/quadropted_msgs/quadropted_msgs/msg/detail/robot_mode_command__functions.h
-- Installing: /home/wyattsher/Desktop/ros2_gazebo/install/quadropted_msgs/include/quadropted_msgs/quadropted_msgs/msg/detail/robot_velocity__struct.h
-- Installing: /home/wyattsher/Desktop/ros2_gazebo/install/quadropted_msgs/include/quadropted_msgs/quadropted_msgs/msg/detail/robot_velocity__description.c
-- Installing: /home/wyattsher/Desktop/ros2_gazebo/install/quadropted_msgs/include/quadropted_msgs/quadropted_msgs/msg/detail/robot_mode_command__type_support.h
-- Installing: /home/wyattsher/Desktop/ros2_gazebo/install/quadropted_msgs/include/quadropted_msgs/quadropted_msgs/msg/detail/robot_foot_contact__struct.h
-- Installing: /home/wyattsher/Desktop/ros2_gazebo/install/quadropted_msgs/include/quadropted_msgs/quadropted_msgs/msg/detail/robot_mode_command__struct.h
-- Installing: /home/wyattsher/Desktop/ros2_gazebo/install/quadropted_msgs/include/quadropted_msgs/quadropted_msgs/msg/detail/robot_mode_command__description.c
-- Installing: /home/wyattsher/Desktop/ros2_gazebo/install/quadropted_msgs/include/quadropted_msgs/quadropted_msgs/msg/detail/robot_foot_contact__type_support.h
-- Installing: /home/wyattsher/Desktop/ros2_gazebo/install/quadropted_msgs/include/quadropted_msgs/quadropted_msgs/msg/detail/robot_foot_contact__type_support.c
-- Installing: /home/wyattsher/Desktop/ros2_gazebo/install/quadropted_msgs/include/quadropted_msgs/quadropted_msgs/msg/detail/robot_foot_contact__description.c
-- Installing: /home/wyattsher/Desktop/ros2_gazebo/install/quadropted_msgs/include/quadropted_msgs/quadropted_msgs/msg/detail/robot_velocity__functions.c
-- Installing: /home/wyattsher/Desktop/ros2_gazebo/install/quadropted_msgs/share/quadropted_msgs/environment/library_path.sh
-- Installing: /home/wyattsher/Desktop/ros2_gazebo/install/quadropted_msgs/share/quadropted_msgs/environment/library_path.dsv
-- Installing: /home/wyattsher/Desktop/ros2_gazebo/install/quadropted_msgs/lib/libquadropted_msgs__rosidl_generator_c.so
-- Set non-toolchain portion of runtime path of "/home/wyattsher/Desktop/ros2_gazebo/install/quadropted_msgs/lib/libquadropted_msgs__rosidl_generator_c.so" to ""
-- Up-to-date: /home/wyattsher/Desktop/ros2_gazebo/install/quadropted_msgs/include/quadropted_msgs/quadropted_msgs
-- Up-to-date: /home/wyattsher/Desktop/ros2_gazebo/install/quadropted_msgs/include/quadropted_msgs/quadropted_msgs/srv
-- Up-to-date: /home/wyattsher/Desktop/ros2_gazebo/install/quadropted_msgs/include/quadropted_msgs/quadropted_msgs/srv/detail
-- Installing: /home/wyattsher/Desktop/ros2_gazebo/install/quadropted_msgs/include/quadropted_msgs/quadropted_msgs/srv/detail/robot_behavior_command__rosidl_typesupport_fastrtps_c.h
-- Up-to-date: /home/wyattsher/Desktop/ros2_gazebo/install/quadropted_msgs/include/quadropted_msgs/quadropted_msgs/msg
-- Up-to-date: /home/wyattsher/Desktop/ros2_gazebo/install/quadropted_msgs/include/quadropted_msgs/quadropted_msgs/msg/detail
-- Installing: /home/wyattsher/Desktop/ros2_gazebo/install/quadropted_msgs/include/quadropted_msgs/quadropted_msgs/msg/detail/robot_foot_contact__rosidl_typesupport_fastrtps_c.h
-- Installing: /home/wyattsher/Desktop/ros2_gazebo/install/quadropted_msgs/include/quadropted_msgs/quadropted_msgs/msg/detail/robot_mode_command__rosidl_typesupport_fastrtps_c.h
-- Installing: /home/wyattsher/Desktop/ros2_gazebo/install/quadropted_msgs/include/quadropted_msgs/quadropted_msgs/msg/detail/robot_velocity__rosidl_typesupport_fastrtps_c.h
-- Installing: /home/wyattsher/Desktop/ros2_gazebo/install/quadropted_msgs/include/quadropted_msgs/quadropted_msgs/msg/detail/robot_gait_command__rosidl_typesupport_fastrtps_c.h
-- Installing: /home/wyattsher/Desktop/ros2_gazebo/install/quadropted_msgs/include/quadropted_msgs/quadropted_msgs/msg/rosidl_typesupport_fastrtps_c__visibility_control.h
-- Installing: /home/wyattsher/Desktop/ros2_gazebo/install/quadropted_msgs/lib/libquadropted_msgs__rosidl_typesupport_fastrtps_c.so
-- Set non-toolchain portion of runtime path of "/home/wyattsher/Desktop/ros2_gazebo/install/quadropted_msgs/lib/libquadropted_msgs__rosidl_typesupport_fastrtps_c.so" to ""
-- Up-to-date: /home/wyattsher/Desktop/ros2_gazebo/install/quadropted_msgs/include/quadropted_msgs/quadropted_msgs
-- Up-to-date: /home/wyattsher/Desktop/ros2_gazebo/install/quadropted_msgs/include/quadropted_msgs/quadropted_msgs/srv
-- Installing: /home/wyattsher/Desktop/ros2_gazebo/install/quadropted_msgs/include/quadropted_msgs/quadropted_msgs/srv/robot_behavior_command.hpp
-- Up-to-date: /home/wyattsher/Desktop/ros2_gazebo/install/quadropted_msgs/include/quadropted_msgs/quadropted_msgs/srv/detail
-- Installing: /home/wyattsher/Desktop/ros2_gazebo/install/quadropted_msgs/include/quadropted_msgs/quadropted_msgs/srv/detail/robot_behavior_command__traits.hpp
-- Installing: /home/wyattsher/Desktop/ros2_gazebo/install/quadropted_msgs/include/quadropted_msgs/quadropted_msgs/srv/detail/robot_behavior_command__builder.hpp
-- Installing: /home/wyattsher/Desktop/ros2_gazebo/install/quadropted_msgs/include/quadropted_msgs/quadropted_msgs/srv/detail/robot_behavior_command__struct.hpp
-- Installing: /home/wyattsher/Desktop/ros2_gazebo/install/quadropted_msgs/include/quadropted_msgs/quadropted_msgs/srv/detail/robot_behavior_command__type_support.hpp
-- Up-to-date: /home/wyattsher/Desktop/ros2_gazebo/install/quadropted_msgs/include/quadropted_msgs/quadropted_msgs/msg
-- Installing: /home/wyattsher/Desktop/ros2_gazebo/install/quadropted_msgs/include/quadropted_msgs/quadropted_msgs/msg/rosidl_generator_cpp__visibility_control.hpp
-- Installing: /home/wyattsher/Desktop/ros2_gazebo/install/quadropted_msgs/include/quadropted_msgs/quadropted_msgs/msg/robot_velocity.hpp
-- Installing: /home/wyattsher/Desktop/ros2_gazebo/install/quadropted_msgs/include/quadropted_msgs/quadropted_msgs/msg/robot_foot_contact.hpp
-- Installing: /home/wyattsher/Desktop/ros2_gazebo/install/quadropted_msgs/include/quadropted_msgs/quadropted_msgs/msg/robot_gait_command.hpp
-- Installing: /home/wyattsher/Desktop/ros2_gazebo/install/quadropted_msgs/include/quadropted_msgs/quadropted_msgs/msg/robot_mode_command.hpp
-- Up-to-date: /home/wyattsher/Desktop/ros2_gazebo/install/quadropted_msgs/include/quadropted_msgs/quadropted_msgs/msg/detail
-- Installing: /home/wyattsher/Desktop/ros2_gazebo/install/quadropted_msgs/include/quadropted_msgs/quadropted_msgs/msg/detail/robot_gait_command__type_support.hpp
-- Installing: /home/wyattsher/Desktop/ros2_gazebo/install/quadropted_msgs/include/quadropted_msgs/quadropted_msgs/msg/detail/robot_velocity__builder.hpp
-- Installing: /home/wyattsher/Desktop/ros2_gazebo/install/quadropted_msgs/include/quadropted_msgs/quadropted_msgs/msg/detail/robot_foot_contact__struct.hpp
-- Installing: /home/wyattsher/Desktop/ros2_gazebo/install/quadropted_msgs/include/quadropted_msgs/quadropted_msgs/msg/detail/robot_foot_contact__traits.hpp
-- Installing: /home/wyattsher/Desktop/ros2_gazebo/install/quadropted_msgs/include/quadropted_msgs/quadropted_msgs/msg/detail/robot_foot_contact__type_support.hpp
-- Installing: /home/wyattsher/Desktop/ros2_gazebo/install/quadropted_msgs/include/quadropted_msgs/quadropted_msgs/msg/detail/robot_velocity__type_support.hpp
-- Installing: /home/wyattsher/Desktop/ros2_gazebo/install/quadropted_msgs/include/quadropted_msgs/quadropted_msgs/msg/detail/robot_mode_command__struct.hpp
-- Installing: /home/wyattsher/Desktop/ros2_gazebo/install/quadropted_msgs/include/quadropted_msgs/quadropted_msgs/msg/detail/robot_velocity__struct.hpp
-- Installing: /home/wyattsher/Desktop/ros2_gazebo/install/quadropted_msgs/include/quadropted_msgs/quadropted_msgs/msg/detail/robot_mode_command__type_support.hpp
-- Installing: /home/wyattsher/Desktop/ros2_gazebo/install/quadropted_msgs/include/quadropted_msgs/quadropted_msgs/msg/detail/robot_gait_command__traits.hpp
-- Installing: /home/wyattsher/Desktop/ros2_gazebo/install/quadropted_msgs/include/quadropted_msgs/quadropted_msgs/msg/detail/robot_foot_contact__builder.hpp
-- Installing: /home/wyattsher/Desktop/ros2_gazebo/install/quadropted_msgs/include/quadropted_msgs/quadropted_msgs/msg/detail/robot_mode_command__builder.hpp
-- Installing: /home/wyattsher/Desktop/ros2_gazebo/install/quadropted_msgs/include/quadropted_msgs/quadropted_msgs/msg/detail/robot_gait_command__builder.hpp
-- Installing: /home/wyattsher/Desktop/ros2_gazebo/install/quadropted_msgs/include/quadropted_msgs/quadropted_msgs/msg/detail/robot_mode_command__traits.hpp
-- Installing: /home/wyattsher/Desktop/ros2_gazebo/install/quadropted_msgs/include/quadropted_msgs/quadropted_msgs/msg/detail/robot_gait_command__struct.hpp
-- Installing: /home/wyattsher/Desktop/ros2_gazebo/install/quadropted_msgs/include/quadropted_msgs/quadropted_msgs/msg/detail/robot_velocity__traits.hpp
-- Up-to-date: /home/wyattsher/Desktop/ros2_gazebo/install/quadropted_msgs/include/quadropted_msgs/quadropted_msgs
-- Up-to-date: /home/wyattsher/Desktop/ros2_gazebo/install/quadropted_msgs/include/quadropted_msgs/quadropted_msgs/srv
-- Up-to-date: /home/wyattsher/Desktop/ros2_gazebo/install/quadropted_msgs/include/quadropted_msgs/quadropted_msgs/srv/detail
-- Installing: /home/wyattsher/Desktop/ros2_gazebo/install/quadropted_msgs/include/quadropted_msgs/quadropted_msgs/srv/detail/dds_fastrtps
-- Installing: /home/wyattsher/Desktop/ros2_gazebo/install/quadropted_msgs/include/quadropted_msgs/quadropted_msgs/srv/detail/robot_behavior_command__rosidl_typesupport_fastrtps_cpp.hpp
-- Up-to-date: /home/wyattsher/Desktop/ros2_gazebo/install/quadropted_msgs/include/quadropted_msgs/quadropted_msgs/msg
-- Installing: /home/wyattsher/Desktop/ros2_gazebo/install/quadropted_msgs/include/quadropted_msgs/quadropted_msgs/msg/rosidl_typesupport_fastrtps_cpp__visibility_control.h
-- Up-to-date: /home/wyattsher/Desktop/ros2_gazebo/install/quadropted_msgs/include/quadropted_msgs/quadropted_msgs/msg/detail
-- Installing: /home/wyattsher/Desktop/ros2_gazebo/install/quadropted_msgs/include/quadropted_msgs/quadropted_msgs/msg/detail/dds_fastrtps
-- Installing: /home/wyattsher/Desktop/ros2_gazebo/install/quadropted_msgs/include/quadropted_msgs/quadropted_msgs/msg/detail/robot_velocity__rosidl_typesupport_fastrtps_cpp.hpp
-- Installing: /home/wyattsher/Desktop/ros2_gazebo/install/quadropted_msgs/include/quadropted_msgs/quadropted_msgs/msg/detail/robot_gait_command__rosidl_typesupport_fastrtps_cpp.hpp
-- Installing: /home/wyattsher/Desktop/ros2_gazebo/install/quadropted_msgs/include/quadropted_msgs/quadropted_msgs/msg/detail/robot_mode_command__rosidl_typesupport_fastrtps_cpp.hpp
-- Installing: /home/wyattsher/Desktop/ros2_gazebo/install/quadropted_msgs/include/quadropted_msgs/quadropted_msgs/msg/detail/robot_foot_contact__rosidl_typesupport_fastrtps_cpp.hpp
-- Installing: /home/wyattsher/Desktop/ros2_gazebo/install/quadropted_msgs/lib/libquadropted_msgs__rosidl_typesupport_fastrtps_cpp.so
-- Set non-toolchain portion of runtime path of "/home/wyattsher/Desktop/ros2_gazebo/install/quadropted_msgs/lib/libquadropted_msgs__rosidl_typesupport_fastrtps_cpp.so" to ""
-- Up-to-date: /home/wyattsher/Desktop/ros2_gazebo/install/quadropted_msgs/include/quadropted_msgs/quadropted_msgs
-- Up-to-date: /home/wyattsher/Desktop/ros2_gazebo/install/quadropted_msgs/include/quadropted_msgs/quadropted_msgs/srv
-- Up-to-date: /home/wyattsher/Desktop/ros2_gazebo/install/quadropted_msgs/include/quadropted_msgs/quadropted_msgs/srv/detail
-- Up-to-date: /home/wyattsher/Desktop/ros2_gazebo/install/quadropted_msgs/include/quadropted_msgs/quadropted_msgs/srv/detail/robot_behavior_command__type_support.c
-- Installing: /home/wyattsher/Desktop/ros2_gazebo/install/quadropted_msgs/include/quadropted_msgs/quadropted_msgs/srv/detail/robot_behavior_command__rosidl_typesupport_introspection_c.h
-- Up-to-date: /home/wyattsher/Desktop/ros2_gazebo/install/quadropted_msgs/include/quadropted_msgs/quadropted_msgs/msg
-- Installing: /home/wyattsher/Desktop/ros2_gazebo/install/quadropted_msgs/include/quadropted_msgs/quadropted_msgs/msg/rosidl_typesupport_introspection_c__visibility_control.h
-- Up-to-date: /home/wyattsher/Desktop/ros2_gazebo/install/quadropted_msgs/include/quadropted_msgs/quadropted_msgs/msg/detail
-- Up-to-date: /home/wyattsher/Desktop/ros2_gazebo/install/quadropted_msgs/include/quadropted_msgs/quadropted_msgs/msg/detail/robot_velocity__type_support.c
-- Installing: /home/wyattsher/Desktop/ros2_gazebo/install/quadropted_msgs/include/quadropted_msgs/quadropted_msgs/msg/detail/robot_velocity__rosidl_typesupport_introspection_c.h
-- Up-to-date: /home/wyattsher/Desktop/ros2_gazebo/install/quadropted_msgs/include/quadropted_msgs/quadropted_msgs/msg/detail/robot_mode_command__type_support.c
-- Up-to-date: /home/wyattsher/Desktop/ros2_gazebo/install/quadropted_msgs/include/quadropted_msgs/quadropted_msgs/msg/detail/robot_gait_command__type_support.c
-- Installing: /home/wyattsher/Desktop/ros2_gazebo/install/quadropted_msgs/include/quadropted_msgs/quadropted_msgs/msg/detail/robot_gait_command__rosidl_typesupport_introspection_c.h
-- Installing: /home/wyattsher/Desktop/ros2_gazebo/install/quadropted_msgs/include/quadropted_msgs/quadropted_msgs/msg/detail/robot_foot_contact__rosidl_typesupport_introspection_c.h
-- Installing: /home/wyattsher/Desktop/ros2_gazebo/install/quadropted_msgs/include/quadropted_msgs/quadropted_msgs/msg/detail/robot_mode_command__rosidl_typesupport_introspection_c.h
-- Up-to-date: /home/wyattsher/Desktop/ros2_gazebo/install/quadropted_msgs/include/quadropted_msgs/quadropted_msgs/msg/detail/robot_foot_contact__type_support.c
-- Installing: /home/wyattsher/Desktop/ros2_gazebo/install/quadropted_msgs/lib/libquadropted_msgs__rosidl_typesupport_introspection_c.so
-- Set non-toolchain portion of runtime path of "/home/wyattsher/Desktop/ros2_gazebo/install/quadropted_msgs/lib/libquadropted_msgs__rosidl_typesupport_introspection_c.so" to ""
-- Installing: /home/wyattsher/Desktop/ros2_gazebo/install/quadropted_msgs/lib/libquadropted_msgs__rosidl_typesupport_c.so
-- Set non-toolchain portion of runtime path of "/home/wyattsher/Desktop/ros2_gazebo/install/quadropted_msgs/lib/libquadropted_msgs__rosidl_typesupport_c.so" to ""
-- Up-to-date: /home/wyattsher/Desktop/ros2_gazebo/install/quadropted_msgs/include/quadropted_msgs/quadropted_msgs
-- Up-to-date: /home/wyattsher/Desktop/ros2_gazebo/install/quadropted_msgs/include/quadropted_msgs/quadropted_msgs/srv
-- Up-to-date: /home/wyattsher/Desktop/ros2_gazebo/install/quadropted_msgs/include/quadropted_msgs/quadropted_msgs/srv/detail
-- Installing: /home/wyattsher/Desktop/ros2_gazebo/install/quadropted_msgs/include/quadropted_msgs/quadropted_msgs/srv/detail/robot_behavior_command__rosidl_typesupport_introspection_cpp.hpp
-- Installing: /home/wyattsher/Desktop/ros2_gazebo/install/quadropted_msgs/include/quadropted_msgs/quadropted_msgs/srv/detail/robot_behavior_command__type_support.cpp
-- Up-to-date: /home/wyattsher/Desktop/ros2_gazebo/install/quadropted_msgs/include/quadropted_msgs/quadropted_msgs/msg
-- Up-to-date: /home/wyattsher/Desktop/ros2_gazebo/install/quadropted_msgs/include/quadropted_msgs/quadropted_msgs/msg/detail
-- Installing: /home/wyattsher/Desktop/ros2_gazebo/install/quadropted_msgs/include/quadropted_msgs/quadropted_msgs/msg/detail/robot_mode_command__type_support.cpp
-- Installing: /home/wyattsher/Desktop/ros2_gazebo/install/quadropted_msgs/include/quadropted_msgs/quadropted_msgs/msg/detail/robot_velocity__type_support.cpp
-- Installing: /home/wyattsher/Desktop/ros2_gazebo/install/quadropted_msgs/include/quadropted_msgs/quadropted_msgs/msg/detail/robot_gait_command__rosidl_typesupport_introspection_cpp.hpp
-- Installing: /home/wyattsher/Desktop/ros2_gazebo/install/quadropted_msgs/include/quadropted_msgs/quadropted_msgs/msg/detail/robot_gait_command__type_support.cpp
-- Installing: /home/wyattsher/Desktop/ros2_gazebo/install/quadropted_msgs/include/quadropted_msgs/quadropted_msgs/msg/detail/robot_mode_command__rosidl_typesupport_introspection_cpp.hpp
-- Installing: /home/wyattsher/Desktop/ros2_gazebo/install/quadropted_msgs/include/quadropted_msgs/quadropted_msgs/msg/detail/robot_foot_contact__type_support.cpp
-- Installing: /home/wyattsher/Desktop/ros2_gazebo/install/quadropted_msgs/include/quadropted_msgs/quadropted_msgs/msg/detail/robot_foot_contact__rosidl_typesupport_introspection_cpp.hpp
-- Installing: /home/wyattsher/Desktop/ros2_gazebo/install/quadropted_msgs/include/quadropted_msgs/quadropted_msgs/msg/detail/robot_velocity__rosidl_typesupport_introspection_cpp.hpp
-- Installing: /home/wyattsher/Desktop/ros2_gazebo/install/quadropted_msgs/lib/libquadropted_msgs__rosidl_typesupport_introspection_cpp.so
-- Set non-toolchain portion of runtime path of "/home/wyattsher/Desktop/ros2_gazebo/install/quadropted_msgs/lib/libquadropted_msgs__rosidl_typesupport_introspection_cpp.so" to ""
-- Installing: /home/wyattsher/Desktop/ros2_gazebo/install/quadropted_msgs/lib/libquadropted_msgs__rosidl_typesupport_cpp.so
-- Set non-toolchain portion of runtime path of "/home/wyattsher/Desktop/ros2_gazebo/install/quadropted_msgs/lib/libquadropted_msgs__rosidl_typesupport_cpp.so" to ""
-- Installing: /home/wyattsher/Desktop/ros2_gazebo/install/quadropted_msgs/share/quadropted_msgs/environment/pythonpath.sh
-- Installing: /home/wyattsher/Desktop/ros2_gazebo/install/quadropted_msgs/share/quadropted_msgs/environment/pythonpath.dsv
-- Installing: /home/wyattsher/Desktop/ros2_gazebo/install/quadropted_msgs/lib/python3.12/site-packages/quadropted_msgs-0.1.0-py3.12.egg-info
-- Installing: /home/wyattsher/Desktop/ros2_gazebo/install/quadropted_msgs/lib/python3.12/site-packages/quadropted_msgs-0.1.0-py3.12.egg-info/top_level.txt
-- Installing: /home/wyattsher/Desktop/ros2_gazebo/install/quadropted_msgs/lib/python3.12/site-packages/quadropted_msgs-0.1.0-py3.12.egg-info/PKG-INFO
-- Installing: /home/wyattsher/Desktop/ros2_gazebo/install/quadropted_msgs/lib/python3.12/site-packages/quadropted_msgs-0.1.0-py3.12.egg-info/SOURCES.txt
-- Installing: /home/wyattsher/Desktop/ros2_gazebo/install/quadropted_msgs/lib/python3.12/site-packages/quadropted_msgs-0.1.0-py3.12.egg-info/dependency_links.txt
-- Installing: /home/wyattsher/Desktop/ros2_gazebo/install/quadropted_msgs/lib/python3.12/site-packages/quadropted_msgs
-- Installing: /home/wyattsher/Desktop/ros2_gazebo/install/quadropted_msgs/lib/python3.12/site-packages/quadropted_msgs/__init__.py
-- Installing: /home/wyattsher/Desktop/ros2_gazebo/install/quadropted_msgs/lib/python3.12/site-packages/quadropted_msgs/srv
-- Installing: /home/wyattsher/Desktop/ros2_gazebo/install/quadropted_msgs/lib/python3.12/site-packages/quadropted_msgs/srv/__init__.py
-- Installing: /home/wyattsher/Desktop/ros2_gazebo/install/quadropted_msgs/lib/python3.12/site-packages/quadropted_msgs/srv/_robot_behavior_command.py
-- Installing: /home/wyattsher/Desktop/ros2_gazebo/install/quadropted_msgs/lib/python3.12/site-packages/quadropted_msgs/srv/_robot_behavior_command_s.c
-- Installing: /home/wyattsher/Desktop/ros2_gazebo/install/quadropted_msgs/lib/python3.12/site-packages/quadropted_msgs/_quadropted_msgs_s.ep.rosidl_typesupport_c.c
-- Installing: /home/wyattsher/Desktop/ros2_gazebo/install/quadropted_msgs/lib/python3.12/site-packages/quadropted_msgs/_quadropted_msgs_s.ep.rosidl_typesupport_introspection_c.c
-- Installing: /home/wyattsher/Desktop/ros2_gazebo/install/quadropted_msgs/lib/python3.12/site-packages/quadropted_msgs/_quadropted_msgs_s.ep.rosidl_typesupport_fastrtps_c.c
-- Installing: /home/wyattsher/Desktop/ros2_gazebo/install/quadropted_msgs/lib/python3.12/site-packages/quadropted_msgs/quadropted_msgs_s__rosidl_typesupport_c.so
-- Installing: /home/wyattsher/Desktop/ros2_gazebo/install/quadropted_msgs/lib/python3.12/site-packages/quadropted_msgs/quadropted_msgs_s__rosidl_typesupport_introspection_c.so
-- Installing: /home/wyattsher/Desktop/ros2_gazebo/install/quadropted_msgs/lib/python3.12/site-packages/quadropted_msgs/msg
-- Installing: /home/wyattsher/Desktop/ros2_gazebo/install/quadropted_msgs/lib/python3.12/site-packages/quadropted_msgs/msg/__init__.py
-- Installing: /home/wyattsher/Desktop/ros2_gazebo/install/quadropted_msgs/lib/python3.12/site-packages/quadropted_msgs/msg/_robot_foot_contact.py
-- Installing: /home/wyattsher/Desktop/ros2_gazebo/install/quadropted_msgs/lib/python3.12/site-packages/quadropted_msgs/msg/_robot_mode_command_s.c
-- Installing: /home/wyattsher/Desktop/ros2_gazebo/install/quadropted_msgs/lib/python3.12/site-packages/quadropted_msgs/msg/_robot_foot_contact_s.c
-- Installing: /home/wyattsher/Desktop/ros2_gazebo/install/quadropted_msgs/lib/python3.12/site-packages/quadropted_msgs/msg/_robot_velocity.py
-- Installing: /home/wyattsher/Desktop/ros2_gazebo/install/quadropted_msgs/lib/python3.12/site-packages/quadropted_msgs/msg/_robot_mode_command.py
-- Installing: /home/wyattsher/Desktop/ros2_gazebo/install/quadropted_msgs/lib/python3.12/site-packages/quadropted_msgs/msg/_robot_gait_command_s.c
-- Installing: /home/wyattsher/Desktop/ros2_gazebo/install/quadropted_msgs/lib/python3.12/site-packages/quadropted_msgs/msg/_robot_velocity_s.c
-- Installing: /home/wyattsher/Desktop/ros2_gazebo/install/quadropted_msgs/lib/python3.12/site-packages/quadropted_msgs/msg/_robot_gait_command.py
-- Installing: /home/wyattsher/Desktop/ros2_gazebo/install/quadropted_msgs/lib/python3.12/site-packages/quadropted_msgs/quadropted_msgs_s__rosidl_typesupport_fastrtps_c.so
Listing '/home/wyattsher/Desktop/ros2_gazebo/install/quadropted_msgs/lib/python3.12/site-packages/quadropted_msgs'...
Compiling '/home/wyattsher/Desktop/ros2_gazebo/install/quadropted_msgs/lib/python3.12/site-packages/quadropted_msgs/__init__.py'...
Listing '/home/wyattsher/Desktop/ros2_gazebo/install/quadropted_msgs/lib/python3.12/site-packages/quadropted_msgs/msg'...
Compiling '/home/wyattsher/Desktop/ros2_gazebo/install/quadropted_msgs/lib/python3.12/site-packages/quadropted_msgs/msg/__init__.py'...
Compiling '/home/wyattsher/Desktop/ros2_gazebo/install/quadropted_msgs/lib/python3.12/site-packages/quadropted_msgs/msg/_robot_foot_contact.py'...
Compiling '/home/wyattsher/Desktop/ros2_gazebo/install/quadropted_msgs/lib/python3.12/site-packages/quadropted_msgs/msg/_robot_gait_command.py'...
Compiling '/home/wyattsher/Desktop/ros2_gazebo/install/quadropted_msgs/lib/python3.12/site-packages/quadropted_msgs/msg/_robot_mode_command.py'...
Compiling '/home/wyattsher/Desktop/ros2_gazebo/install/quadropted_msgs/lib/python3.12/site-packages/quadropted_msgs/msg/_robot_velocity.py'...
Listing '/home/wyattsher/Desktop/ros2_gazebo/install/quadropted_msgs/lib/python3.12/site-packages/quadropted_msgs/srv'...
Compiling '/home/wyattsher/Desktop/ros2_gazebo/install/quadropted_msgs/lib/python3.12/site-packages/quadropted_msgs/srv/__init__.py'...
Compiling '/home/wyattsher/Desktop/ros2_gazebo/install/quadropted_msgs/lib/python3.12/site-packages/quadropted_msgs/srv/_robot_behavior_command.py'...
-- Installing: /home/wyattsher/Desktop/ros2_gazebo/install/quadropted_msgs/lib/python3.12/site-packages/quadropted_msgs/quadropted_msgs_s__rosidl_typesupport_fastrtps_c.so
-- Set non-toolchain portion of runtime path of "/home/wyattsher/Desktop/ros2_gazebo/install/quadropted_msgs/lib/python3.12/site-packages/quadropted_msgs/quadropted_msgs_s__rosidl_typesupport_fastrtps_c.so" to ""
-- Installing: /home/wyattsher/Desktop/ros2_gazebo/install/quadropted_msgs/lib/python3.12/site-packages/quadropted_msgs/quadropted_msgs_s__rosidl_typesupport_introspection_c.so
-- Set non-toolchain portion of runtime path of "/home/wyattsher/Desktop/ros2_gazebo/install/quadropted_msgs/lib/python3.12/site-packages/quadropted_msgs/quadropted_msgs_s__rosidl_typesupport_introspection_c.so" to ""
-- Installing: /home/wyattsher/Desktop/ros2_gazebo/install/quadropted_msgs/lib/python3.12/site-packages/quadropted_msgs/quadropted_msgs_s__rosidl_typesupport_c.so
-- Set non-toolchain portion of runtime path of "/home/wyattsher/Desktop/ros2_gazebo/install/quadropted_msgs/lib/python3.12/site-packages/quadropted_msgs/quadropted_msgs_s__rosidl_typesupport_c.so" to ""
-- Installing: /home/wyattsher/Desktop/ros2_gazebo/install/quadropted_msgs/lib/libquadropted_msgs__rosidl_generator_py.so
-- Set non-toolchain portion of runtime path of "/home/wyattsher/Desktop/ros2_gazebo/install/quadropted_msgs/lib/libquadropted_msgs__rosidl_generator_py.so" to ""
-- Installing: /home/wyattsher/Desktop/ros2_gazebo/install/quadropted_msgs/share/quadropted_msgs/msg/RobotVelocity.idl
-- Installing: /home/wyattsher/Desktop/ros2_gazebo/install/quadropted_msgs/share/quadropted_msgs/msg/RobotGaitCommand.idl
-- Installing: /home/wyattsher/Desktop/ros2_gazebo/install/quadropted_msgs/share/quadropted_msgs/msg/RobotModeCommand.idl
-- Installing: /home/wyattsher/Desktop/ros2_gazebo/install/quadropted_msgs/share/quadropted_msgs/msg/RobotFootContact.idl
-- Installing: /home/wyattsher/Desktop/ros2_gazebo/install/quadropted_msgs/share/quadropted_msgs/srv/RobotBehaviorCommand.idl
-- Installing: /home/wyattsher/Desktop/ros2_gazebo/install/quadropted_msgs/share/quadropted_msgs/msg/RobotVelocity.msg
-- Installing: /home/wyattsher/Desktop/ros2_gazebo/install/quadropted_msgs/share/quadropted_msgs/msg/RobotGaitCommand.msg
-- Installing: /home/wyattsher/Desktop/ros2_gazebo/install/quadropted_msgs/share/quadropted_msgs/msg/RobotModeCommand.msg
-- Installing: /home/wyattsher/Desktop/ros2_gazebo/install/quadropted_msgs/share/quadropted_msgs/msg/RobotFootContact.msg
-- Installing: /home/wyattsher/Desktop/ros2_gazebo/install/quadropted_msgs/share/quadropted_msgs/srv/RobotBehaviorCommand.srv
-- Installing: /home/wyattsher/Desktop/ros2_gazebo/install/quadropted_msgs/share/ament_index/resource_index/package_run_dependencies/quadropted_msgs
-- Installing: /home/wyattsher/Desktop/ros2_gazebo/install/quadropted_msgs/share/ament_index/resource_index/parent_prefix_path/quadropted_msgs
-- Installing: /home/wyattsher/Desktop/ros2_gazebo/install/quadropted_msgs/share/quadropted_msgs/environment/ament_prefix_path.sh
-- Installing: /home/wyattsher/Desktop/ros2_gazebo/install/quadropted_msgs/share/quadropted_msgs/environment/ament_prefix_path.dsv
-- Installing: /home/wyattsher/Desktop/ros2_gazebo/install/quadropted_msgs/share/quadropted_msgs/environment/path.sh
-- Installing: /home/wyattsher/Desktop/ros2_gazebo/install/quadropted_msgs/share/quadropted_msgs/environment/path.dsv
-- Installing: /home/wyattsher/Desktop/ros2_gazebo/install/quadropted_msgs/share/quadropted_msgs/local_setup.bash
-- Installing: /home/wyattsher/Desktop/ros2_gazebo/install/quadropted_msgs/share/quadropted_msgs/local_setup.sh
-- Installing: /home/wyattsher/Desktop/ros2_gazebo/install/quadropted_msgs/share/quadropted_msgs/local_setup.zsh
-- Installing: /home/wyattsher/Desktop/ros2_gazebo/install/quadropted_msgs/share/quadropted_msgs/local_setup.dsv
-- Installing: /home/wyattsher/Desktop/ros2_gazebo/install/quadropted_msgs/share/quadropted_msgs/package.dsv
-- Installing: /home/wyattsher/Desktop/ros2_gazebo/install/quadropted_msgs/share/ament_index/resource_index/packages/quadropted_msgs
-- Installing: /home/wyattsher/Desktop/ros2_gazebo/install/quadropted_msgs/share/quadropted_msgs/cmake/export_quadropted_msgs__rosidl_generator_cExport.cmake
-- Installing: /home/wyattsher/Desktop/ros2_gazebo/install/quadropted_msgs/share/quadropted_msgs/cmake/export_quadropted_msgs__rosidl_generator_cExport-noconfig.cmake
-- Installing: /home/wyattsher/Desktop/ros2_gazebo/install/quadropted_msgs/share/quadropted_msgs/cmake/export_quadropted_msgs__rosidl_typesupport_fastrtps_cExport.cmake
-- Installing: /home/wyattsher/Desktop/ros2_gazebo/install/quadropted_msgs/share/quadropted_msgs/cmake/export_quadropted_msgs__rosidl_typesupport_fastrtps_cExport-noconfig.cmake
-- Installing: /home/wyattsher/Desktop/ros2_gazebo/install/quadropted_msgs/share/quadropted_msgs/cmake/export_quadropted_msgs__rosidl_generator_cppExport.cmake
-- Installing: /home/wyattsher/Desktop/ros2_gazebo/install/quadropted_msgs/share/quadropted_msgs/cmake/export_quadropted_msgs__rosidl_typesupport_fastrtps_cppExport.cmake
-- Installing: /home/wyattsher/Desktop/ros2_gazebo/install/quadropted_msgs/share/quadropted_msgs/cmake/export_quadropted_msgs__rosidl_typesupport_fastrtps_cppExport-noconfig.cmake
-- Installing: /home/wyattsher/Desktop/ros2_gazebo/install/quadropted_msgs/share/quadropted_msgs/cmake/quadropted_msgs__rosidl_typesupport_introspection_cExport.cmake
-- Installing: /home/wyattsher/Desktop/ros2_gazebo/install/quadropted_msgs/share/quadropted_msgs/cmake/quadropted_msgs__rosidl_typesupport_introspection_cExport-noconfig.cmake
-- Installing: /home/wyattsher/Desktop/ros2_gazebo/install/quadropted_msgs/share/quadropted_msgs/cmake/quadropted_msgs__rosidl_typesupport_cExport.cmake
-- Installing: /home/wyattsher/Desktop/ros2_gazebo/install/quadropted_msgs/share/quadropted_msgs/cmake/quadropted_msgs__rosidl_typesupport_cExport-noconfig.cmake
-- Installing: /home/wyattsher/Desktop/ros2_gazebo/install/quadropted_msgs/share/quadropted_msgs/cmake/quadropted_msgs__rosidl_typesupport_introspection_cppExport.cmake
-- Installing: /home/wyattsher/Desktop/ros2_gazebo/install/quadropted_msgs/share/quadropted_msgs/cmake/quadropted_msgs__rosidl_typesupport_introspection_cppExport-noconfig.cmake
-- Installing: /home/wyattsher/Desktop/ros2_gazebo/install/quadropted_msgs/share/quadropted_msgs/cmake/quadropted_msgs__rosidl_typesupport_cppExport.cmake
-- Installing: /home/wyattsher/Desktop/ros2_gazebo/install/quadropted_msgs/share/quadropted_msgs/cmake/quadropted_msgs__rosidl_typesupport_cppExport-noconfig.cmake
-- Installing: /home/wyattsher/Desktop/ros2_gazebo/install/quadropted_msgs/share/quadropted_msgs/cmake/export_quadropted_msgs__rosidl_generator_pyExport.cmake
-- Installing: /home/wyattsher/Desktop/ros2_gazebo/install/quadropted_msgs/share/quadropted_msgs/cmake/export_quadropted_msgs__rosidl_generator_pyExport-noconfig.cmake
-- Installing: /home/wyattsher/Desktop/ros2_gazebo/install/quadropted_msgs/share/quadropted_msgs/cmake/rosidl_cmake-extras.cmake
-- Installing: /home/wyattsher/Desktop/ros2_gazebo/install/quadropted_msgs/share/quadropted_msgs/cmake/ament_cmake_export_dependencies-extras.cmake
-- Installing: /home/wyattsher/Desktop/ros2_gazebo/install/quadropted_msgs/share/quadropted_msgs/cmake/ament_cmake_export_include_directories-extras.cmake
-- Installing: /home/wyattsher/Desktop/ros2_gazebo/install/quadropted_msgs/share/quadropted_msgs/cmake/ament_cmake_export_libraries-extras.cmake
-- Installing: /home/wyattsher/Desktop/ros2_gazebo/install/quadropted_msgs/share/quadropted_msgs/cmake/ament_cmake_export_targets-extras.cmake
-- Installing: /home/wyattsher/Desktop/ros2_gazebo/install/quadropted_msgs/share/quadropted_msgs/cmake/rosidl_cmake_export_typesupport_targets-extras.cmake
-- Installing: /home/wyattsher/Desktop/ros2_gazebo/install/quadropted_msgs/share/quadropted_msgs/cmake/rosidl_cmake_export_typesupport_libraries-extras.cmake
-- Installing: /home/wyattsher/Desktop/ros2_gazebo/install/quadropted_msgs/share/quadropted_msgs/cmake/quadropted_msgsConfig.cmake
-- Installing: /home/wyattsher/Desktop/ros2_gazebo/install/quadropted_msgs/share/quadropted_msgs/cmake/quadropted_msgsConfig-version.cmake
-- Installing: /home/wyattsher/Desktop/ros2_gazebo/install/quadropted_msgs/share/quadropted_msgs/package.xml
